[2024/12/18 14:55:24.247] - Starting server with initial configuration: {"gasLimit":6721975,"gasPrice":20000000000,"hardfork":"merge","hostname":"127.0.0.1","port":7545,"network_id":5777,"default_balance_ether":100,"total_accounts":10,"unlocked_accounts":[],"locked":false,"vmErrorsOnRPCResponse":true,"verbose":false,"flavor":"ethereum","db_path":"C:\\Users\\ASUS\\AppData\\Roaming\\Ganache\\ui\\workspaces\\escrow\\chaindata","mnemonic":"indoor puppy shield south high ancient amazing enter later frost kit nation","logDirectory":"C:\\Users\\ASUS\\OneDrive\\Desktop\\DeliverEase\\DeliverEase\\payment-gateway"}
[2024/12/18 14:55:24.374] - eth_getCode
[2024/12/18 14:55:24.375] - eth_subscribe
[2024/12/18 14:55:24.376] - eth_getLogs
[2024/12/18 14:55:24.377] - eth_subscribe
[2024/12/18 14:55:24.389] - eth_getCode
[2024/12/18 14:55:24.395] - eth_getCode
[2024/12/18 14:55:24.396] - eth_subscribe
[2024/12/18 14:55:24.397] - eth_getLogs
[2024/12/18 14:55:24.397] - eth_subscribe
[2024/12/18 14:55:24.398] - eth_getCode
[2024/12/18 14:55:24.605] - eth_blockNumber
[2024/12/18 14:55:24.605] - eth_accounts
[2024/12/18 14:55:24.605] - eth_gasPrice
[2024/12/18 14:55:24.606] - eth_getBlockByNumber
[2024/12/18 14:55:24.606] - eth_subscribe
[2024/12/18 14:55:24.608] - eth_blockNumber
[2024/12/18 14:55:24.609] - eth_accounts
[2024/12/18 14:55:24.609] - eth_gasPrice
[2024/12/18 14:55:24.610] - eth_getBlockByNumber
[2024/12/18 14:55:24.611] - eth_subscribe
[2024/12/18 14:55:24.625] - eth_accounts
[2024/12/18 14:55:24.681] - eth_getBalance
[2024/12/18 14:55:24.686] - eth_getTransactionCount
[2024/12/18 14:55:24.690] - eth_getBalance
[2024/12/18 14:55:24.693] - eth_getTransactionCount
[2024/12/18 14:55:24.698] - eth_getBalance
[2024/12/18 14:55:24.702] - eth_getTransactionCount
[2024/12/18 14:55:24.706] - eth_getBalance
[2024/12/18 14:55:24.712] - eth_getTransactionCount
[2024/12/18 14:55:24.716] - eth_getBalance
[2024/12/18 14:55:24.721] - eth_getTransactionCount
[2024/12/18 14:55:24.725] - eth_getBalance
[2024/12/18 14:55:24.731] - eth_getTransactionCount
[2024/12/18 14:55:24.734] - eth_getBalance
[2024/12/18 14:55:24.738] - eth_getTransactionCount
[2024/12/18 14:55:24.749] - eth_getBalance
[2024/12/18 14:55:24.753] - eth_getTransactionCount
[2024/12/18 14:55:24.757] - eth_getBalance
[2024/12/18 14:55:24.762] - eth_getTransactionCount
[2024/12/18 14:55:24.766] - eth_getBalance
[2024/12/18 14:55:24.769] - eth_getTransactionCount
[2024/12/18 14:55:24.783] - eth_getBalance
[2024/12/18 14:55:24.789] - eth_getTransactionCount
[2024/12/18 14:55:24.795] - eth_getBalance
[2024/12/18 14:55:24.803] - eth_getTransactionCount
[2024/12/18 14:55:24.809] - eth_getBalance
[2024/12/18 14:55:24.811] - eth_getTransactionCount
[2024/12/18 14:55:24.815] - eth_getBalance
[2024/12/18 14:55:24.818] - eth_getTransactionCount
[2024/12/18 14:55:24.822] - eth_getBalance
[2024/12/18 14:55:24.824] - eth_getTransactionCount
[2024/12/18 14:55:24.828] - eth_getBalance
[2024/12/18 14:55:24.831] - eth_getTransactionCount
[2024/12/18 14:55:24.833] - eth_getBalance
[2024/12/18 14:55:24.837] - eth_getTransactionCount
[2024/12/18 14:55:24.839] - eth_getBalance
[2024/12/18 14:55:24.843] - eth_getTransactionCount
[2024/12/18 14:55:24.845] - eth_getBalance
[2024/12/18 14:55:24.848] - eth_getTransactionCount
[2024/12/18 14:55:24.852] - eth_getBalance
[2024/12/18 14:55:24.855] - eth_getTransactionCount
[2024/12/18 14:55:24.858] - eth_getBalance
[2024/12/18 14:55:24.861] - eth_getTransactionCount
[2024/12/18 14:55:24.865] - eth_getBalance
[2024/12/18 14:55:24.867] - eth_getTransactionCount
[2024/12/18 14:55:24.870] - eth_getBalance
[2024/12/18 14:55:24.874] - eth_getTransactionCount
[2024/12/18 14:55:24.876] - eth_getBalance
[2024/12/18 14:55:24.879] - eth_getTransactionCount
[2024/12/18 14:55:24.881] - eth_getBalance
[2024/12/18 14:55:24.888] - eth_getTransactionCount
[2024/12/18 14:55:24.890] - eth_getBalance
[2024/12/18 14:55:24.893] - eth_getTransactionCount
[2024/12/18 14:55:24.897] - eth_getBalance
[2024/12/18 14:55:24.901] - eth_getTransactionCount
[2024/12/18 14:55:24.904] - eth_getBalance
[2024/12/18 14:55:24.907] - eth_getTransactionCount
[2024/12/18 14:55:24.923] - eth_getBalance
[2024/12/18 14:55:24.929] - eth_getTransactionCount
[2024/12/18 14:55:24.936] - eth_getBalance
[2024/12/18 14:55:24.945] - eth_getTransactionCount
[2024/12/18 14:55:25.001] - eth_getBalance
[2024/12/18 14:55:25.005] - eth_getTransactionCount
[2024/12/18 14:55:25.008] - eth_getBalance
[2024/12/18 14:55:25.012] - eth_getTransactionCount
[2024/12/18 14:55:25.017] - eth_getBalance
[2024/12/18 14:55:25.019] - eth_getTransactionCount
[2024/12/18 14:55:25.022] - eth_getBalance
[2024/12/18 14:55:25.025] - eth_getTransactionCount
[2024/12/18 14:55:25.030] - eth_getBalance
[2024/12/18 14:55:25.032] - eth_getTransactionCount
[2024/12/18 14:55:25.035] - eth_getBalance
[2024/12/18 14:55:25.039] - eth_getTransactionCount
[2024/12/18 14:55:25.041] - eth_getBalance
[2024/12/18 14:55:25.044] - eth_getTransactionCount
[2024/12/18 14:55:25.047] - eth_getBalance
[2024/12/18 14:55:25.051] - eth_getTransactionCount
[2024/12/18 14:55:25.054] - eth_getBalance
[2024/12/18 14:55:25.056] - eth_getTransactionCount
[2024/12/18 14:55:25.059] - eth_getBalance
[2024/12/18 14:55:25.062] - eth_getTransactionCount
[2024/12/18 14:55:26.895] - eth_blockNumber
[2024/12/18 14:55:26.900] - eth_getBlockByNumber
[2024/12/18 14:55:59.333] - eth_getBalance
[2024/12/18 14:55:59.365] - eth_getTransactionByHash
[2024/12/18 14:55:59.382] - eth_getTransactionReceipt
[2024/12/18 14:55:59.424] - net_version
[2024/12/18 14:55:59.428] - eth_getCode
[2024/12/18 14:55:59.430] - eth_getBlockByNumber
[2024/12/18 14:55:59.433] - eth_getBalance
[2024/12/18 14:55:59.435] - eth_getTransactionCount
[2024/12/18 14:55:59.439] - eth_getStorageAt
[2024/12/18 14:55:59.444] - eth_getStorageAt
[2024/12/18 14:58:07.989] - eth_unsubscribe
[2024/12/18 14:58:07.990] - eth_unsubscribe
