[2024/12/06 06:53:10.197] - Starting server with initial configuration: {"gasLimit":6721975,"gasPrice":20000000000,"hardfork":"merge","hostname":"127.0.0.1","port":7545,"network_id":5777,"default_balance_ether":100,"total_accounts":10,"unlocked_accounts":[],"locked":false,"vmErrorsOnRPCResponse":true,"verbose":false,"flavor":"ethereum","db_path":"C:\\Users\\ASUS\\AppData\\Roaming\\Ganache\\ui\\workspaces\\escrow\\chaindata","mnemonic":"indoor puppy shield south high ancient amazing enter later frost kit nation","logDirectory":"C:\\Users\\ASUS\\OneDrive\\Desktop\\DeliverEase\\DeliverEase\\payment-gateway"}
[2024/12/06 06:53:10.321] - eth_getCode
[2024/12/06 06:53:10.322] - eth_subscribe
[2024/12/06 06:53:10.323] - eth_getLogs
[2024/12/06 06:53:10.324] - eth_subscribe
[2024/12/06 06:53:10.335] - eth_getCode
[2024/12/06 06:53:10.341] - eth_getCode
[2024/12/06 06:53:10.344] - eth_getCode
[2024/12/06 06:53:10.344] - eth_subscribe
[2024/12/06 06:53:10.345] - eth_getLogs
[2024/12/06 06:53:10.346] - eth_subscribe
[2024/12/06 06:53:10.383] - net_version
[2024/12/06 06:53:10.386] - net_version
[2024/12/06 06:53:10.388] - net_version
[2024/12/06 06:53:10.390] - net_version
[2024/12/06 06:53:10.391] - net_version
[2024/12/06 06:53:10.393] - net_version
[2024/12/06 06:53:10.395] - net_version
[2024/12/06 06:53:10.397] - net_version
[2024/12/06 06:53:10.398] - net_version
[2024/12/06 06:53:10.400] - net_version
[2024/12/06 06:53:10.402] - net_version
[2024/12/06 06:53:10.403] - net_version
[2024/12/06 06:53:10.405] - net_version
[2024/12/06 06:53:10.407] - net_version
[2024/12/06 06:53:10.408] - net_version
[2024/12/06 06:53:10.410] - net_version
[2024/12/06 06:53:10.411] - net_version
[2024/12/06 06:53:10.413] - net_version
[2024/12/06 06:53:10.414] - net_version
[2024/12/06 06:53:10.415] - net_version
[2024/12/06 06:53:10.416] - net_version
[2024/12/06 06:53:10.417] - net_version
[2024/12/06 06:53:10.418] - net_version
[2024/12/06 06:53:10.419] - net_version
[2024/12/06 06:53:10.420] - net_version
[2024/12/06 06:53:10.421] - net_version
[2024/12/06 06:53:10.422] - net_version
[2024/12/06 06:53:10.423] - net_version
[2024/12/06 06:53:10.424] - net_version
[2024/12/06 06:53:10.425] - net_version
[2024/12/06 06:53:10.425] - net_version
[2024/12/06 06:53:10.426] - net_version
[2024/12/06 06:53:10.427] - net_version
[2024/12/06 06:53:10.428] - net_version
[2024/12/06 06:53:10.431] - eth_blockNumber
[2024/12/06 06:53:10.432] - eth_accounts
[2024/12/06 06:53:10.432] - eth_gasPrice
[2024/12/06 06:53:10.433] - eth_getBlockByNumber
[2024/12/06 06:53:10.434] - eth_subscribe
[2024/12/06 06:53:10.436] - eth_blockNumber
[2024/12/06 06:53:10.436] - eth_accounts
[2024/12/06 06:53:10.437] - eth_gasPrice
[2024/12/06 06:53:10.437] - eth_getBlockByNumber
[2024/12/06 06:53:10.438] - eth_subscribe
[2024/12/06 06:53:10.448] - eth_accounts
[2024/12/06 06:53:10.490] - eth_getBalance
[2024/12/06 06:53:10.494] - eth_getTransactionCount
[2024/12/06 06:53:10.498] - eth_getBalance
[2024/12/06 06:53:10.502] - eth_getTransactionCount
[2024/12/06 06:53:10.505] - eth_getBalance
[2024/12/06 06:53:10.510] - eth_getTransactionCount
[2024/12/06 06:53:10.514] - eth_getBalance
[2024/12/06 06:53:10.518] - eth_getTransactionCount
[2024/12/06 06:53:10.522] - eth_getBalance
[2024/12/06 06:53:10.526] - eth_getTransactionCount
[2024/12/06 06:53:10.531] - eth_getBalance
[2024/12/06 06:53:10.536] - eth_getTransactionCount
[2024/12/06 06:53:10.540] - eth_getBalance
[2024/12/06 06:53:10.548] - eth_getTransactionCount
[2024/12/06 06:53:10.554] - eth_getBalance
[2024/12/06 06:53:10.558] - eth_getTransactionCount
[2024/12/06 06:53:10.562] - eth_getBalance
[2024/12/06 06:53:10.566] - eth_getTransactionCount
[2024/12/06 06:53:10.571] - eth_getBalance
[2024/12/06 06:53:10.575] - eth_getTransactionCount
[2024/12/06 06:53:10.590] - eth_getBalance
[2024/12/06 06:53:10.596] - eth_getTransactionCount
[2024/12/06 06:53:10.607] - eth_getBalance
[2024/12/06 06:53:10.612] - eth_getTransactionCount
[2024/12/06 06:53:10.616] - eth_getBalance
[2024/12/06 06:53:10.620] - eth_getTransactionCount
[2024/12/06 06:53:10.625] - eth_getBalance
[2024/12/06 06:53:10.628] - eth_getTransactionCount
[2024/12/06 06:53:10.632] - eth_getBalance
[2024/12/06 06:53:10.635] - eth_getTransactionCount
[2024/12/06 06:53:10.638] - eth_getBalance
[2024/12/06 06:53:10.642] - eth_getTransactionCount
[2024/12/06 06:53:10.645] - eth_getBalance
[2024/12/06 06:53:10.648] - eth_getTransactionCount
[2024/12/06 06:53:10.651] - eth_getBalance
[2024/12/06 06:53:10.654] - eth_getTransactionCount
[2024/12/06 06:53:10.658] - eth_getBalance
[2024/12/06 06:53:10.661] - eth_getTransactionCount
[2024/12/06 06:53:10.664] - eth_getBalance
[2024/12/06 06:53:10.668] - eth_getTransactionCount
[2024/12/06 06:53:10.672] - eth_getBalance
[2024/12/06 06:53:10.675] - eth_getTransactionCount
[2024/12/06 06:53:10.678] - eth_getBalance
[2024/12/06 06:53:10.682] - eth_getTransactionCount
[2024/12/06 06:53:10.685] - eth_getBalance
[2024/12/06 06:53:10.688] - eth_getTransactionCount
[2024/12/06 06:53:10.692] - eth_getBalance
[2024/12/06 06:53:10.694] - eth_getTransactionCount
[2024/12/06 06:53:10.697] - eth_getBalance
[2024/12/06 06:53:10.702] - eth_getTransactionCount
[2024/12/06 06:53:10.706] - eth_getBalance
[2024/12/06 06:53:10.709] - eth_getTransactionCount
[2024/12/06 06:53:10.712] - eth_getBalance
[2024/12/06 06:53:10.718] - eth_getTransactionCount
[2024/12/06 06:53:10.727] - eth_getBalance
[2024/12/06 06:53:10.732] - eth_getTransactionCount
[2024/12/06 06:53:10.735] - eth_getBalance
[2024/12/06 06:53:10.738] - eth_getTransactionCount
[2024/12/06 06:53:10.742] - eth_getBalance
[2024/12/06 06:53:10.745] - eth_getTransactionCount
[2024/12/06 06:53:10.792] - eth_getBalance
[2024/12/06 06:53:10.795] - eth_getTransactionCount
[2024/12/06 06:53:10.798] - eth_getBalance
[2024/12/06 06:53:10.802] - eth_getTransactionCount
[2024/12/06 06:53:10.806] - eth_getBalance
[2024/12/06 06:53:10.809] - eth_getTransactionCount
[2024/12/06 06:53:10.814] - eth_getBalance
[2024/12/06 06:53:10.817] - eth_getTransactionCount
[2024/12/06 06:53:10.820] - eth_getBalance
[2024/12/06 06:53:10.823] - eth_getTransactionCount
[2024/12/06 06:53:10.827] - eth_getBalance
[2024/12/06 06:53:10.832] - eth_getTransactionCount
[2024/12/06 06:53:10.836] - eth_getBalance
[2024/12/06 06:53:10.841] - eth_getTransactionCount
[2024/12/06 06:53:10.844] - eth_getBalance
[2024/12/06 06:53:10.847] - eth_getTransactionCount
[2024/12/06 06:53:10.850] - eth_getBalance
[2024/12/06 06:53:10.854] - eth_getTransactionCount
[2024/12/06 06:53:10.857] - eth_getBalance
[2024/12/06 06:53:10.860] - eth_getTransactionCount
[2024/12/06 06:53:11.599] - eth_blockNumber
[2024/12/06 06:53:11.604] - eth_getBlockByNumber
[2024/12/06 06:53:32.396] - eth_getBlockByNumber
[2024/12/06 06:53:32.420] - eth_getTransactionReceipt
[2024/12/06 06:53:32.440] - eth_getBlockByNumber
[2024/12/06 06:53:32.452] - eth_getTransactionReceipt
[2024/12/06 06:53:32.465] - eth_getBlockByNumber
[2024/12/06 06:53:32.474] - eth_getTransactionReceipt
[2024/12/06 06:53:32.487] - eth_getBlockByNumber
[2024/12/06 06:53:32.496] - eth_getTransactionReceipt
[2024/12/06 06:53:32.508] - eth_getBlockByNumber
[2024/12/06 06:53:32.523] - eth_getTransactionReceipt
[2024/12/06 06:53:32.537] - eth_getBlockByNumber
[2024/12/06 06:53:32.546] - eth_getTransactionReceipt
[2024/12/06 06:53:32.557] - eth_getBlockByNumber
[2024/12/06 06:53:32.567] - eth_getTransactionReceipt
[2024/12/06 06:53:32.578] - eth_getBlockByNumber
[2024/12/06 06:53:32.589] - eth_getTransactionReceipt
[2024/12/06 06:53:32.599] - eth_getBlockByNumber
[2024/12/06 06:53:32.609] - eth_getTransactionReceipt
[2024/12/06 06:53:32.619] - eth_getBlockByNumber
[2024/12/06 06:53:32.628] - eth_getTransactionReceipt
[2024/12/06 06:53:32.639] - eth_getBlockByNumber
[2024/12/06 06:53:32.647] - eth_getTransactionReceipt
[2024/12/06 06:54:00.698] - eth_blockNumber
[2024/12/06 06:55:00.155] - eth_blockNumber
[2024/12/06 06:55:01.796] - eth_blockNumber
[2024/12/06 06:55:01.798] - eth_getBalance
[2024/12/06 06:55:01.799] - eth_getBalance
[2024/12/06 06:55:01.801] - eth_getBalance
[2024/12/06 06:55:01.952] - eth_blockNumber
[2024/12/06 06:55:02.292] - eth_gasPrice
[2024/12/06 07:03:32.914] - net_version
[2024/12/06 07:03:32.929] - eth_blockNumber
[2024/12/06 07:03:32.954] - eth_getCode
[2024/12/06 07:03:32.974] - eth_call
[2024/12/06 07:03:33.041] - eth_call
[2024/12/06 07:03:33.060] - eth_call
[2024/12/06 07:03:33.061] - eth_call
[2024/12/06 07:03:33.570] - eth_blockNumber
[2024/12/06 07:03:33.653] - eth_call
[2024/12/06 07:03:33.660] - eth_getStorageAt
[2024/12/06 07:03:33.661] - eth_getStorageAt
[2024/12/06 07:03:33.667] - eth_getTransactionCount
[2024/12/06 07:03:33.686] - eth_call
[2024/12/06 07:03:33.699] - eth_call
[2024/12/06 07:03:33.700] - eth_call
[2024/12/06 07:03:50.000] - eth_sendRawTransaction
[2024/12/06 07:03:50.032] - 
  Transaction: 0xfa9333534d4920e65ec6b6ed900286ea84e4454f79ecd5da39b563b2a4ac01b7
  Gas usage: 21281
  Block number: 35
  Block time: Fri Dec 06 2024 07:03:50 GMT+0530 (India Standard Time)
  Runtime error: revert

[2024/12/06 07:03:50.039] - eth_getBlockByNumber
[2024/12/06 07:03:50.047] - eth_call
[2024/12/06 07:03:50.074] - eth_getBalance
[2024/12/06 07:03:50.081] - eth_getTransactionCount
[2024/12/06 07:03:50.086] - eth_call
[2024/12/06 07:03:50.090] - eth_getBalance
[2024/12/06 07:03:50.099] - eth_getTransactionCount
[2024/12/06 07:03:50.100] - eth_call
[2024/12/06 07:03:50.102] - eth_call
[2024/12/06 07:03:50.108] - eth_getBalance
[2024/12/06 07:03:50.117] - eth_getTransactionCount
[2024/12/06 07:03:50.125] - eth_getBalance
[2024/12/06 07:03:50.132] - eth_getTransactionCount
[2024/12/06 07:03:50.138] - eth_getBalance
[2024/12/06 07:03:50.144] - eth_getTransactionCount
[2024/12/06 07:03:50.159] - eth_getBalance
[2024/12/06 07:03:50.169] - eth_getTransactionCount
[2024/12/06 07:03:50.180] - eth_getBalance
[2024/12/06 07:03:50.189] - eth_getTransactionCount
[2024/12/06 07:03:50.199] - eth_getBalance
[2024/12/06 07:03:50.217] - eth_getTransactionCount
[2024/12/06 07:03:50.225] - eth_getBalance
[2024/12/06 07:03:50.231] - eth_getTransactionCount
[2024/12/06 07:03:50.239] - eth_getBalance
[2024/12/06 07:03:50.246] - eth_getTransactionCount
[2024/12/06 07:03:53.586] - eth_blockNumber
[2024/12/06 07:04:01.460] - eth_getBlockByNumber
[2024/12/06 07:04:01.496] - eth_getTransactionReceipt
[2024/12/06 07:04:01.520] - eth_getTransactionReceipt
[2024/12/06 07:04:01.544] - eth_getTransactionReceipt
[2024/12/06 07:04:01.564] - eth_getTransactionReceipt
[2024/12/06 07:04:01.585] - eth_getTransactionReceipt
[2024/12/06 07:04:01.605] - eth_getTransactionReceipt
[2024/12/06 07:04:01.625] - eth_getTransactionReceipt
[2024/12/06 07:04:01.645] - eth_getTransactionReceipt
[2024/12/06 07:04:01.665] - eth_getTransactionReceipt
[2024/12/06 07:04:01.684] - eth_getTransactionReceipt
[2024/12/06 07:04:01.717] - eth_getTransactionReceipt
[2024/12/06 07:04:13.227] - eth_getBlockByNumber
[2024/12/06 07:04:13.241] - eth_getBlockTransactionCountByHash
[2024/12/06 07:04:13.250] - eth_getBlockByNumber
[2024/12/06 07:04:13.259] - eth_getBlockTransactionCountByHash
[2024/12/06 07:04:13.266] - eth_getBlockByNumber
[2024/12/06 07:04:13.274] - eth_getBlockTransactionCountByHash
[2024/12/06 07:04:13.282] - eth_getBlockByNumber
[2024/12/06 07:04:13.290] - eth_getBlockTransactionCountByHash
[2024/12/06 07:04:13.296] - eth_getBlockByNumber
[2024/12/06 07:04:13.305] - eth_getBlockTransactionCountByHash
[2024/12/06 07:04:13.312] - eth_getBlockByNumber
[2024/12/06 07:04:13.320] - eth_getBlockTransactionCountByHash
[2024/12/06 07:04:13.327] - eth_getBlockByNumber
[2024/12/06 07:04:13.336] - eth_getBlockTransactionCountByHash
[2024/12/06 07:04:13.343] - eth_getBlockByNumber
[2024/12/06 07:04:13.351] - eth_getBlockTransactionCountByHash
[2024/12/06 07:04:13.359] - eth_getBlockByNumber
[2024/12/06 07:04:13.367] - eth_getBlockTransactionCountByHash
[2024/12/06 07:04:13.377] - eth_getBlockByNumber
[2024/12/06 07:04:13.385] - eth_getBlockTransactionCountByHash
[2024/12/06 07:04:13.392] - eth_getBlockByNumber
[2024/12/06 07:04:13.406] - eth_getBlockTransactionCountByHash
[2024/12/06 07:04:13.417] - eth_getBlockByNumber
[2024/12/06 07:04:13.425] - eth_getBlockTransactionCountByHash
[2024/12/06 07:04:13.435] - eth_getBlockByNumber
[2024/12/06 07:04:13.443] - eth_getBlockTransactionCountByHash
[2024/12/06 07:04:13.450] - eth_getBlockByNumber
[2024/12/06 07:04:13.460] - eth_getBlockTransactionCountByHash
[2024/12/06 07:04:13.467] - eth_getBlockByNumber
[2024/12/06 07:04:13.476] - eth_getBlockTransactionCountByHash
[2024/12/06 07:04:13.483] - eth_getBlockByNumber
[2024/12/06 07:04:13.490] - eth_getBlockTransactionCountByHash
[2024/12/06 07:04:15.513] - eth_getTransactionByHash
[2024/12/06 07:05:21.595] - eth_blockNumber
[2024/12/06 07:05:21.611] - net_version
[2024/12/06 07:05:21.614] - eth_accounts
[2024/12/06 07:05:21.624] - eth_getBlockByNumber
[2024/12/06 07:05:21.630] - eth_getCode
[2024/12/06 07:05:21.663] - eth_call
[2024/12/06 07:06:06.625] - net_version
[2024/12/06 07:06:06.636] - eth_blockNumber
[2024/12/06 07:06:06.640] - eth_getBlockByNumber
[2024/12/06 07:06:06.648] - eth_blockNumber
[2024/12/06 07:06:06.657] - eth_getCode
[2024/12/06 07:06:06.667] - eth_call
[2024/12/06 07:06:06.724] - eth_call
[2024/12/06 07:06:06.749] - eth_call
[2024/12/06 07:06:06.752] - eth_call
[2024/12/06 07:06:07.142] - eth_gasPrice
[2024/12/06 07:06:07.493] - eth_blockNumber
[2024/12/06 07:06:07.497] - eth_getBalance
[2024/12/06 07:06:07.498] - eth_getBalance
[2024/12/06 07:06:07.499] - eth_getBalance
[2024/12/06 07:06:07.596] - eth_call
[2024/12/06 07:06:07.599] - eth_getStorageAt
[2024/12/06 07:06:07.601] - eth_getStorageAt
[2024/12/06 07:06:07.610] - eth_getTransactionCount
[2024/12/06 07:06:07.619] - eth_call
[2024/12/06 07:06:07.631] - eth_call
[2024/12/06 07:06:07.632] - eth_call
[2024/12/06 07:06:23.456] - eth_sendRawTransaction
[2024/12/06 07:06:23.462] - 
  Transaction: 0x8e65d4fb6e89c837a8cd2d0e685e7c18fae4ec626137d33b364b2a5ad5088569
  Gas usage: 21281
  Block number: 36
  Block time: Fri Dec 06 2024 07:06:23 GMT+0530 (India Standard Time)
  Runtime error: revert

[2024/12/06 07:06:23.464] - eth_getBlockByNumber
[2024/12/06 07:06:23.479] - eth_call
[2024/12/06 07:06:23.479] - eth_getBalance
[2024/12/06 07:06:23.487] - eth_getTransactionCount
[2024/12/06 07:06:23.494] - eth_getBalance
[2024/12/06 07:06:23.497] - eth_call
[2024/12/06 07:06:23.500] - eth_getTransactionCount
[2024/12/06 07:06:23.513] - eth_call
[2024/12/06 07:06:23.515] - eth_call
[2024/12/06 07:06:23.516] - eth_getBalance
[2024/12/06 07:06:23.523] - eth_getTransactionCount
[2024/12/06 07:06:23.528] - eth_getBalance
[2024/12/06 07:06:23.532] - eth_getTransactionCount
[2024/12/06 07:06:23.535] - eth_getBalance
[2024/12/06 07:06:23.540] - eth_getTransactionCount
[2024/12/06 07:06:23.543] - eth_getBalance
[2024/12/06 07:06:23.545] - eth_getTransactionCount
[2024/12/06 07:06:23.549] - eth_getBalance
[2024/12/06 07:06:23.551] - eth_getTransactionCount
[2024/12/06 07:06:23.556] - eth_getBalance
[2024/12/06 07:06:23.561] - eth_getTransactionCount
[2024/12/06 07:06:23.567] - eth_getBalance
[2024/12/06 07:06:23.571] - eth_getTransactionCount
[2024/12/06 07:06:23.576] - eth_getBalance
[2024/12/06 07:06:23.580] - eth_getTransactionCount
[2024/12/06 07:06:27.519] - eth_blockNumber
[2024/12/06 07:06:33.313] - eth_getBalance
[2024/12/06 07:06:33.343] - eth_getTransactionByHash
[2024/12/06 07:06:33.357] - eth_getTransactionReceipt
[2024/12/06 07:06:33.366] - eth_getTransactionByHash
[2024/12/06 07:06:33.377] - eth_getTransactionReceipt
[2024/12/06 07:06:33.386] - eth_getTransactionByHash
[2024/12/06 07:06:33.395] - eth_getTransactionReceipt
[2024/12/06 07:06:33.405] - eth_getTransactionByHash
[2024/12/06 07:06:33.414] - eth_getTransactionReceipt
[2024/12/06 07:06:33.425] - eth_getTransactionByHash
[2024/12/06 07:06:33.434] - eth_getTransactionReceipt
[2024/12/06 07:06:33.474] - net_version
[2024/12/06 07:06:33.477] - eth_getCode
[2024/12/06 07:06:33.481] - eth_getBlockByNumber
[2024/12/06 07:06:33.483] - eth_getBalance
[2024/12/06 07:06:33.485] - eth_getTransactionCount
[2024/12/06 07:06:33.488] - eth_getStorageAt
[2024/12/06 07:06:33.491] - eth_getStorageAt
[2024/12/06 07:06:33.495] - eth_getStorageAt
[2024/12/06 07:06:33.497] - eth_getStorageAt
[2024/12/06 07:06:33.503] - eth_getStorageAt
[2024/12/06 07:06:35.389] - eth_getBlockByNumber
[2024/12/06 07:06:35.413] - eth_getTransactionReceipt
[2024/12/06 07:06:35.414] - net_version
[2024/12/06 07:06:35.416] - eth_getCode
[2024/12/06 07:06:35.437] - eth_getTransactionReceipt
[2024/12/06 07:06:35.454] - eth_getTransactionReceipt
[2024/12/06 07:06:35.467] - eth_getTransactionReceipt
[2024/12/06 07:06:35.478] - eth_getTransactionReceipt
[2024/12/06 07:06:35.489] - eth_getTransactionReceipt
[2024/12/06 07:06:42.934] - eth_getBlockByNumber
[2024/12/06 07:06:42.956] - eth_getBlockTransactionCountByHash
[2024/12/06 07:06:47.052] - eth_getBalance
[2024/12/06 07:06:47.070] - eth_getTransactionByHash
[2024/12/06 07:06:47.081] - eth_getTransactionReceipt
[2024/12/06 07:06:47.112] - net_version
[2024/12/06 07:06:47.114] - eth_getCode
[2024/12/06 07:06:47.115] - eth_getBlockByNumber
[2024/12/06 07:06:47.117] - eth_getBalance
[2024/12/06 07:06:47.118] - eth_getTransactionCount
[2024/12/06 07:06:47.120] - eth_getStorageAt
[2024/12/06 07:06:47.122] - eth_getStorageAt
[2024/12/06 07:06:51.073] - eth_getLogs
[2024/12/06 07:06:52.603] - net_version
[2024/12/06 07:06:52.605] - eth_getCode
[2024/12/06 07:06:52.606] - eth_getBlockByNumber
[2024/12/06 07:06:52.608] - eth_getBalance
[2024/12/06 07:06:52.610] - eth_getTransactionCount
[2024/12/06 07:06:52.612] - eth_getStorageAt
[2024/12/06 07:06:52.614] - eth_getStorageAt
[2024/12/06 07:06:52.616] - eth_getStorageAt
[2024/12/06 07:06:52.618] - eth_getStorageAt
[2024/12/06 07:06:52.620] - eth_getStorageAt
[2024/12/06 07:06:54.601] - net_version
[2024/12/06 07:06:54.602] - eth_getCode
[2024/12/06 07:07:03.520] - net_version
[2024/12/06 07:07:03.522] - eth_getCode
[2024/12/06 07:07:03.523] - eth_getBlockByNumber
[2024/12/06 07:07:03.525] - eth_getBalance
[2024/12/06 07:07:03.527] - eth_getTransactionCount
[2024/12/06 07:07:03.529] - eth_getStorageAt
[2024/12/06 07:07:03.532] - eth_getStorageAt
[2024/12/06 07:07:03.538] - eth_getStorageAt
[2024/12/06 07:07:03.540] - eth_getStorageAt
[2024/12/06 07:07:03.542] - eth_getStorageAt
[2024/12/06 07:09:07.466] - eth_unsubscribe
[2024/12/06 07:09:07.466] - eth_unsubscribe
