[2024/12/04 19:48:02.353] - Starting server with initial configuration: {"gasLimit":6721975,"gasPrice":20000000000,"hardfork":"merge","hostname":"127.0.0.1","port":7545,"network_id":5777,"default_balance_ether":100,"total_accounts":10,"unlocked_accounts":[],"locked":false,"vmErrorsOnRPCResponse":true,"verbose":false,"flavor":"ethereum","db_path":"C:\\Users\\ASUS\\AppData\\Roaming\\Ganache\\ui\\workspaces\\escrow\\chaindata","mnemonic":"indoor puppy shield south high ancient amazing enter later frost kit nation","logDirectory":"C:\\Users\\ASUS\\OneDrive\\Desktop\\DeliverEase\\DeliverEase\\payment-gateway"}
[2024/12/04 19:48:02.402] - net_version
[2024/12/04 19:48:02.441] - net_version
[2024/12/04 19:48:02.443] - net_version
[2024/12/04 19:48:02.445] - net_version
[2024/12/04 19:48:02.448] - net_version
[2024/12/04 19:48:02.450] - net_version
[2024/12/04 19:48:02.452] - net_version
[2024/12/04 19:48:02.454] - net_version
[2024/12/04 19:48:02.456] - net_version
[2024/12/04 19:48:02.458] - net_version
[2024/12/04 19:48:02.460] - net_version
[2024/12/04 19:48:02.462] - net_version
[2024/12/04 19:48:02.464] - net_version
[2024/12/04 19:48:02.466] - net_version
[2024/12/04 19:48:02.467] - net_version
[2024/12/04 19:48:02.469] - net_version
[2024/12/04 19:48:02.471] - net_version
[2024/12/04 19:48:02.473] - net_version
[2024/12/04 19:48:02.475] - net_version
[2024/12/04 19:48:02.477] - net_version
[2024/12/04 19:48:02.479] - net_version
[2024/12/04 19:48:02.480] - net_version
[2024/12/04 19:48:02.482] - eth_blockNumber
[2024/12/04 19:48:02.485] - net_version
[2024/12/04 19:48:02.487] - net_version
[2024/12/04 19:48:02.488] - net_version
[2024/12/04 19:48:02.490] - net_version
[2024/12/04 19:48:02.492] - net_version
[2024/12/04 19:48:02.494] - net_version
[2024/12/04 19:48:02.495] - net_version
[2024/12/04 19:48:02.497] - net_version
[2024/12/04 19:48:02.500] - net_version
[2024/12/04 19:48:02.501] - net_version
[2024/12/04 19:48:02.503] - net_version
[2024/12/04 19:48:02.504] - net_version
[2024/12/04 19:48:02.506] - net_version
[2024/12/04 19:48:02.508] - net_version
[2024/12/04 19:48:02.509] - net_version
[2024/12/04 19:48:02.513] - net_version
[2024/12/04 19:48:02.515] - net_version
[2024/12/04 19:48:02.516] - net_version
[2024/12/04 19:48:02.518] - net_version
[2024/12/04 19:48:02.519] - net_version
[2024/12/04 19:48:02.521] - net_version
[2024/12/04 19:48:02.523] - net_version
[2024/12/04 19:48:02.524] - net_version
[2024/12/04 19:48:02.526] - net_version
[2024/12/04 19:48:02.528] - net_version
[2024/12/04 19:48:02.530] - net_version
[2024/12/04 19:48:02.531] - net_version
[2024/12/04 19:48:02.533] - eth_getCode
[2024/12/04 19:48:02.534] - eth_subscribe
[2024/12/04 19:48:02.535] - eth_getLogs
[2024/12/04 19:48:02.536] - eth_subscribe
[2024/12/04 19:48:02.538] - net_version
[2024/12/04 19:48:02.540] - net_version
[2024/12/04 19:48:02.542] - net_version
[2024/12/04 19:48:02.544] - net_version
[2024/12/04 19:48:02.546] - net_version
[2024/12/04 19:48:02.548] - net_version
[2024/12/04 19:48:02.549] - eth_getCode
[2024/12/04 19:48:02.550] - net_version
[2024/12/04 19:48:02.552] - net_version
[2024/12/04 19:48:02.553] - net_version
[2024/12/04 19:48:02.555] - net_version
[2024/12/04 19:48:02.557] - net_version
[2024/12/04 19:48:02.558] - net_version
[2024/12/04 19:48:02.560] - net_version
[2024/12/04 19:48:02.562] - net_version
[2024/12/04 19:48:02.563] - net_version
[2024/12/04 19:48:02.565] - net_version
[2024/12/04 19:48:02.567] - net_version
[2024/12/04 19:48:02.568] - net_version
[2024/12/04 19:48:02.570] - net_version
[2024/12/04 19:48:02.572] - net_version
[2024/12/04 19:48:02.574] - net_version
[2024/12/04 19:48:02.576] - net_version
[2024/12/04 19:48:02.578] - net_version
[2024/12/04 19:48:02.579] - net_version
[2024/12/04 19:48:02.582] - net_version
[2024/12/04 19:48:02.584] - net_version
[2024/12/04 19:48:02.585] - net_version
[2024/12/04 19:48:02.587] - net_version
[2024/12/04 19:48:02.590] - net_version
[2024/12/04 19:48:02.592] - net_version
[2024/12/04 19:48:02.594] - net_version
[2024/12/04 19:48:02.595] - net_version
[2024/12/04 19:48:02.598] - net_version
[2024/12/04 19:48:02.600] - net_version
[2024/12/04 19:48:02.601] - net_version
[2024/12/04 19:48:02.603] - net_version
[2024/12/04 19:48:02.605] - net_version
[2024/12/04 19:48:02.607] - net_version
[2024/12/04 19:48:02.610] - net_version
[2024/12/04 19:48:02.613] - net_version
[2024/12/04 19:48:02.615] - net_version
[2024/12/04 19:48:02.616] - net_version
[2024/12/04 19:48:02.617] - eth_getCode
[2024/12/04 19:48:02.618] - eth_subscribe
[2024/12/04 19:48:02.619] - eth_getLogs
[2024/12/04 19:48:02.619] - eth_subscribe
[2024/12/04 19:48:02.621] - net_version
[2024/12/04 19:48:02.623] - net_version
[2024/12/04 19:48:02.624] - net_version
[2024/12/04 19:48:02.626] - net_version
[2024/12/04 19:48:02.627] - net_version
[2024/12/04 19:48:02.629] - net_version
[2024/12/04 19:48:02.631] - net_version
[2024/12/04 19:48:02.633] - net_version
[2024/12/04 19:48:02.634] - net_version
[2024/12/04 19:48:02.636] - net_version
[2024/12/04 19:48:02.638] - net_version
[2024/12/04 19:48:02.639] - net_version
[2024/12/04 19:48:02.641] - net_version
[2024/12/04 19:48:02.642] - net_version
[2024/12/04 19:48:02.644] - net_version
[2024/12/04 19:48:02.646] - net_version
[2024/12/04 19:48:02.647] - net_version
[2024/12/04 19:48:02.649] - net_version
[2024/12/04 19:48:02.651] - net_version
[2024/12/04 19:48:02.653] - net_version
[2024/12/04 19:48:02.655] - net_version
[2024/12/04 19:48:02.656] - net_version
[2024/12/04 19:48:02.658] - net_version
[2024/12/04 19:48:02.660] - net_version
[2024/12/04 19:48:02.661] - net_version
[2024/12/04 19:48:02.663] - net_version
[2024/12/04 19:48:02.665] - net_version
[2024/12/04 19:48:02.666] - net_version
[2024/12/04 19:48:02.667] - net_version
[2024/12/04 19:48:02.668] - net_version
[2024/12/04 19:48:02.669] - net_version
[2024/12/04 19:48:02.670] - net_version
[2024/12/04 19:48:02.672] - net_version
[2024/12/04 19:48:02.673] - net_version
[2024/12/04 19:48:02.674] - net_version
[2024/12/04 19:48:02.675] - net_version
[2024/12/04 19:48:02.675] - net_version
[2024/12/04 19:48:02.676] - net_version
[2024/12/04 19:48:02.677] - net_version
[2024/12/04 19:48:02.679] - net_version
[2024/12/04 19:48:02.680] - net_version
[2024/12/04 19:48:02.681] - net_version
[2024/12/04 19:48:02.682] - net_version
[2024/12/04 19:48:02.683] - net_version
[2024/12/04 19:48:02.684] - net_version
[2024/12/04 19:48:02.685] - net_version
[2024/12/04 19:48:02.687] - net_version
[2024/12/04 19:48:02.688] - net_version
[2024/12/04 19:48:02.689] - net_version
[2024/12/04 19:48:02.690] - net_version
[2024/12/04 19:48:02.691] - net_version
[2024/12/04 19:48:02.692] - net_version
[2024/12/04 19:48:02.693] - net_version
[2024/12/04 19:48:02.694] - net_version
[2024/12/04 19:48:02.695] - net_version
[2024/12/04 19:48:02.696] - net_version
[2024/12/04 19:48:02.704] - net_version
[2024/12/04 19:48:02.705] - net_version
[2024/12/04 19:48:02.707] - net_version
[2024/12/04 19:48:02.708] - net_version
[2024/12/04 19:48:02.709] - net_version
[2024/12/04 19:48:02.710] - net_version
[2024/12/04 19:48:02.711] - net_version
[2024/12/04 19:48:02.714] - net_version
[2024/12/04 19:48:02.715] - net_version
[2024/12/04 19:48:02.717] - net_version
[2024/12/04 19:48:02.718] - net_version
[2024/12/04 19:48:02.719] - net_version
[2024/12/04 19:48:02.720] - net_version
[2024/12/04 19:48:02.721] - net_version
[2024/12/04 19:48:02.722] - net_version
[2024/12/04 19:48:02.723] - net_version
[2024/12/04 19:48:02.724] - net_version
[2024/12/04 19:48:02.726] - net_version
[2024/12/04 19:48:02.727] - net_version
[2024/12/04 19:48:02.728] - net_version
[2024/12/04 19:48:02.730] - net_version
[2024/12/04 19:48:02.731] - net_version
[2024/12/04 19:48:02.732] - net_version
[2024/12/04 19:48:02.734] - net_version
[2024/12/04 19:48:02.734] - eth_blockNumber
[2024/12/04 19:48:02.735] - eth_accounts
[2024/12/04 19:48:02.736] - eth_gasPrice
[2024/12/04 19:48:02.737] - eth_getBlockByNumber
[2024/12/04 19:48:02.737] - eth_subscribe
[2024/12/04 19:48:02.741] - net_version
[2024/12/04 19:48:02.742] - net_version
[2024/12/04 19:48:02.743] - net_version
[2024/12/04 19:48:02.744] - net_version
[2024/12/04 19:48:02.746] - eth_blockNumber
[2024/12/04 19:48:02.746] - eth_accounts
[2024/12/04 19:48:02.747] - eth_gasPrice
[2024/12/04 19:48:02.748] - net_version
[2024/12/04 19:48:02.749] - net_version
[2024/12/04 19:48:02.750] - net_version
[2024/12/04 19:48:02.751] - net_version
[2024/12/04 19:48:02.752] - net_version
[2024/12/04 19:48:02.753] - net_version
[2024/12/04 19:48:02.754] - net_version
[2024/12/04 19:48:02.755] - net_version
[2024/12/04 19:48:02.756] - net_version
[2024/12/04 19:48:02.757] - net_version
[2024/12/04 19:48:02.759] - net_version
[2024/12/04 19:48:02.760] - net_version
[2024/12/04 19:48:02.761] - net_version
[2024/12/04 19:48:02.762] - net_version
[2024/12/04 19:48:02.766] - net_version
[2024/12/04 19:48:02.767] - net_version
[2024/12/04 19:48:02.768] - net_version
[2024/12/04 19:48:02.769] - net_version
[2024/12/04 19:48:02.771] - net_version
[2024/12/04 19:48:02.772] - net_version
[2024/12/04 19:48:02.773] - net_version
[2024/12/04 19:48:02.774] - net_version
[2024/12/04 19:48:02.775] - eth_blockNumber
[2024/12/04 19:48:02.777] - net_version
[2024/12/04 19:48:02.778] - net_version
[2024/12/04 19:48:02.779] - net_version
[2024/12/04 19:48:02.781] - net_version
[2024/12/04 19:48:02.783] - net_version
[2024/12/04 19:48:02.785] - net_version
[2024/12/04 19:48:02.786] - net_version
[2024/12/04 19:48:02.787] - net_version
[2024/12/04 19:48:02.788] - net_version
[2024/12/04 19:48:02.790] - net_version
[2024/12/04 19:48:02.791] - net_version
[2024/12/04 19:48:02.792] - net_version
[2024/12/04 19:48:02.793] - net_version
[2024/12/04 19:48:02.794] - net_version
[2024/12/04 19:48:02.795] - net_version
[2024/12/04 19:48:02.797] - net_version
[2024/12/04 19:48:02.798] - net_version
[2024/12/04 19:48:02.799] - net_version
[2024/12/04 19:48:02.800] - net_version
[2024/12/04 19:48:02.801] - net_version
[2024/12/04 19:48:02.803] - net_version
[2024/12/04 19:48:02.804] - net_version
[2024/12/04 19:48:02.805] - net_version
[2024/12/04 19:48:02.807] - net_version
[2024/12/04 19:48:02.808] - net_version
[2024/12/04 19:48:02.809] - net_version
[2024/12/04 19:48:02.810] - net_version
[2024/12/04 19:48:02.811] - net_version
[2024/12/04 19:48:02.812] - net_version
[2024/12/04 19:48:02.814] - net_version
[2024/12/04 19:48:02.815] - net_version
[2024/12/04 19:48:02.816] - net_version
[2024/12/04 19:48:02.817] - net_version
[2024/12/04 19:48:02.818] - net_version
[2024/12/04 19:48:02.818] - net_version
[2024/12/04 19:48:02.820] - net_version
[2024/12/04 19:48:02.821] - net_version
[2024/12/04 19:48:02.822] - net_version
[2024/12/04 19:48:02.823] - net_version
[2024/12/04 19:48:02.824] - net_version
[2024/12/04 19:48:02.825] - net_version
[2024/12/04 19:48:02.826] - eth_getBalance
[2024/12/04 19:48:02.827] - net_version
[2024/12/04 19:48:02.828] - net_version
[2024/12/04 19:48:02.829] - net_version
[2024/12/04 19:48:02.830] - net_version
[2024/12/04 19:48:02.831] - net_version
[2024/12/04 19:48:02.832] - net_version
[2024/12/04 19:48:02.834] - eth_getTransactionCount
[2024/12/04 19:48:02.835] - net_version
[2024/12/04 19:48:02.836] - net_version
[2024/12/04 19:48:02.837] - net_version
[2024/12/04 19:48:02.839] - net_version
[2024/12/04 19:48:02.840] - net_version
[2024/12/04 19:48:02.841] - net_version
[2024/12/04 19:48:02.842] - net_version
[2024/12/04 19:48:02.843] - eth_getBalance
[2024/12/04 19:48:02.844] - net_version
[2024/12/04 19:48:02.845] - net_version
[2024/12/04 19:48:02.846] - net_version
[2024/12/04 19:48:02.847] - net_version
[2024/12/04 19:48:02.848] - net_version
[2024/12/04 19:48:02.849] - net_version
[2024/12/04 19:48:02.850] - eth_getTransactionCount
[2024/12/04 19:48:02.851] - net_version
[2024/12/04 19:48:02.852] - net_version
[2024/12/04 19:48:02.853] - net_version
[2024/12/04 19:48:02.854] - net_version
[2024/12/04 19:48:02.855] - net_version
[2024/12/04 19:48:02.856] - net_version
[2024/12/04 19:48:02.857] - eth_getBalance
[2024/12/04 19:48:02.858] - net_version
[2024/12/04 19:48:02.860] - net_version
[2024/12/04 19:48:02.861] - net_version
[2024/12/04 19:48:02.862] - net_version
[2024/12/04 19:48:02.863] - net_version
[2024/12/04 19:48:02.864] - net_version
[2024/12/04 19:48:02.865] - net_version
[2024/12/04 19:48:02.867] - net_version
[2024/12/04 19:48:02.868] - net_version
[2024/12/04 19:48:02.869] - eth_getTransactionCount
[2024/12/04 19:48:02.869] - net_version
[2024/12/04 19:48:02.870] - eth_getBlockByNumber
[2024/12/04 19:48:02.871] - net_version
[2024/12/04 19:48:02.872] - net_version
[2024/12/04 19:48:02.875] - eth_getBalance
[2024/12/04 19:48:02.878] - eth_getTransactionCount
[2024/12/04 19:48:02.884] - eth_getBalance
[2024/12/04 19:48:02.891] - eth_getTransactionCount
[2024/12/04 19:48:02.894] - eth_getBalance
[2024/12/04 19:48:02.898] - eth_getTransactionCount
[2024/12/04 19:48:02.902] - eth_getBalance
[2024/12/04 19:48:02.903] - eth_getBalance
[2024/12/04 19:48:02.904] - eth_getBalance
[2024/12/04 19:48:02.907] - eth_getBalance
[2024/12/04 19:48:02.910] - eth_getTransactionCount
[2024/12/04 19:48:02.915] - eth_getBalance
[2024/12/04 19:48:02.922] - eth_getTransactionCount
[2024/12/04 19:48:02.926] - eth_getBalance
[2024/12/04 19:48:02.931] - eth_getTransactionCount
[2024/12/04 19:48:02.937] - eth_getBalance
[2024/12/04 19:48:02.941] - eth_getTransactionCount
[2024/12/04 19:48:02.946] - eth_getBalance
[2024/12/04 19:48:02.951] - eth_getTransactionCount
[2024/12/04 19:48:02.957] - eth_getBalance
[2024/12/04 19:48:02.961] - eth_getTransactionCount
[2024/12/04 19:48:02.966] - eth_getBalance
[2024/12/04 19:48:02.973] - eth_getTransactionCount
[2024/12/04 19:48:02.980] - eth_getBalance
[2024/12/04 19:48:02.987] - eth_getTransactionCount
[2024/12/04 19:48:02.992] - eth_getBalance
[2024/12/04 19:48:02.996] - eth_getTransactionCount
[2024/12/04 19:48:02.999] - eth_getBalance
[2024/12/04 19:48:03.004] - eth_getTransactionCount
[2024/12/04 19:48:03.008] - eth_getBalance
[2024/12/04 19:48:03.012] - eth_getTransactionCount
[2024/12/04 19:48:03.016] - eth_getBalance
[2024/12/04 19:48:03.020] - eth_getTransactionCount
[2024/12/04 19:48:03.023] - eth_getBalance
[2024/12/04 19:48:03.026] - eth_getTransactionCount
[2024/12/04 19:48:03.029] - eth_getBalance
[2024/12/04 19:48:03.033] - eth_getTransactionCount
[2024/12/04 19:48:03.043] - eth_getBlockByNumber
[2024/12/04 19:48:03.044] - eth_subscribe
[2024/12/04 19:48:03.102] - eth_getBalance
[2024/12/04 19:48:03.106] - eth_getTransactionCount
[2024/12/04 19:48:03.110] - eth_getBalance
[2024/12/04 19:48:03.115] - eth_getTransactionCount
[2024/12/04 19:48:03.119] - eth_getBalance
[2024/12/04 19:48:03.123] - eth_getTransactionCount
[2024/12/04 19:48:03.126] - eth_getBalance
[2024/12/04 19:48:03.130] - eth_getTransactionCount
[2024/12/04 19:48:03.133] - eth_getBalance
[2024/12/04 19:48:03.138] - eth_getTransactionCount
[2024/12/04 19:48:03.140] - eth_getBalance
[2024/12/04 19:48:03.143] - eth_getTransactionCount
[2024/12/04 19:48:03.147] - eth_getBalance
[2024/12/04 19:48:03.150] - eth_getTransactionCount
[2024/12/04 19:48:03.153] - eth_getBalance
[2024/12/04 19:48:03.158] - eth_getTransactionCount
[2024/12/04 19:48:03.164] - eth_getBalance
[2024/12/04 19:48:03.168] - eth_getTransactionCount
[2024/12/04 19:48:03.172] - eth_getBalance
[2024/12/04 19:48:03.176] - eth_getTransactionCount
[2024/12/04 19:48:03.179] - eth_getBalance
[2024/12/04 19:48:03.182] - eth_getTransactionCount
[2024/12/04 19:48:03.186] - eth_getBalance
[2024/12/04 19:48:03.189] - eth_getTransactionCount
[2024/12/04 19:48:03.194] - eth_getBalance
[2024/12/04 19:48:03.197] - eth_getTransactionCount
[2024/12/04 19:48:03.201] - eth_getBalance
[2024/12/04 19:48:03.205] - eth_getTransactionCount
[2024/12/04 19:48:03.208] - eth_getBalance
[2024/12/04 19:48:03.211] - eth_getTransactionCount
[2024/12/04 19:48:03.215] - eth_getBalance
[2024/12/04 19:48:03.219] - eth_getTransactionCount
[2024/12/04 19:48:03.223] - eth_getBalance
[2024/12/04 19:48:03.226] - eth_getTransactionCount
[2024/12/04 19:48:03.229] - eth_getBalance
[2024/12/04 19:48:03.232] - eth_getTransactionCount
[2024/12/04 19:48:03.235] - eth_getBalance
[2024/12/04 19:48:03.238] - eth_getTransactionCount
[2024/12/04 19:48:03.243] - eth_getBalance
[2024/12/04 19:48:03.246] - eth_getTransactionCount
[2024/12/04 19:48:08.933] - eth_getBalance
[2024/12/04 19:48:08.969] - eth_getTransactionByHash
[2024/12/04 19:48:08.986] - eth_getTransactionReceipt
[2024/12/04 19:48:09.002] - eth_getTransactionByHash
[2024/12/04 19:48:09.012] - eth_getTransactionReceipt
[2024/12/04 19:48:09.021] - eth_getTransactionByHash
[2024/12/04 19:48:09.030] - eth_getTransactionReceipt
[2024/12/04 19:48:09.040] - eth_getTransactionByHash
[2024/12/04 19:48:09.050] - eth_getTransactionReceipt
[2024/12/04 19:48:09.060] - eth_getTransactionByHash
[2024/12/04 19:48:09.070] - eth_getTransactionReceipt
[2024/12/04 19:48:09.122] - net_version
[2024/12/04 19:48:09.126] - eth_getCode
[2024/12/04 19:48:09.128] - eth_getBlockByNumber
[2024/12/04 19:48:09.131] - eth_getBalance
[2024/12/04 19:48:09.133] - eth_getTransactionCount
[2024/12/04 19:48:09.136] - eth_getStorageAt
[2024/12/04 19:48:09.140] - eth_getStorageAt
[2024/12/04 19:48:09.142] - eth_getStorageAt
[2024/12/04 19:48:09.146] - eth_getStorageAt
[2024/12/04 19:48:09.153] - eth_getStorageAt
[2024/12/04 19:48:09.988] - eth_getBlockByNumber
[2024/12/04 19:48:10.013] - eth_getBlockByNumber
[2024/12/04 19:48:10.014] - net_version
[2024/12/04 19:48:10.015] - eth_getCode
[2024/12/04 19:48:10.026] - eth_getBlockByNumber
[2024/12/04 19:48:10.047] - eth_getBlockByNumber
[2024/12/04 19:48:10.059] - eth_getBlockByNumber
[2024/12/04 19:48:10.071] - eth_getBlockByNumber
[2024/12/04 19:48:10.080] - eth_getTransactionReceipt
[2024/12/04 19:48:10.091] - eth_getBlockByNumber
[2024/12/04 19:48:10.098] - eth_getTransactionReceipt
[2024/12/04 19:48:10.109] - eth_getBlockByNumber
[2024/12/04 19:48:10.119] - eth_getTransactionReceipt
[2024/12/04 19:48:10.130] - eth_getBlockByNumber
[2024/12/04 19:48:10.138] - eth_getTransactionReceipt
[2024/12/04 19:48:10.149] - eth_getBlockByNumber
[2024/12/04 19:48:10.158] - eth_getTransactionReceipt
[2024/12/04 19:48:10.169] - eth_getBlockByNumber
[2024/12/04 19:48:10.180] - eth_getTransactionReceipt
[2024/12/04 19:48:13.066] - net_version
[2024/12/04 19:48:13.068] - eth_getCode
[2024/12/04 19:48:13.070] - eth_getBlockByNumber
[2024/12/04 19:48:13.072] - eth_getBalance
[2024/12/04 19:48:13.074] - eth_getTransactionCount
[2024/12/04 19:48:13.076] - eth_getStorageAt
[2024/12/04 19:48:13.079] - eth_getStorageAt
[2024/12/04 19:48:13.081] - eth_getStorageAt
[2024/12/04 19:48:13.083] - eth_getStorageAt
[2024/12/04 19:48:13.086] - eth_getStorageAt
[2024/12/04 19:48:16.973] - eth_getBalance
[2024/12/04 19:48:16.991] - eth_getTransactionByHash
[2024/12/04 19:48:17.000] - eth_getTransactionReceipt
[2024/12/04 19:48:17.037] - net_version
[2024/12/04 19:48:17.039] - eth_getCode
[2024/12/04 19:48:17.040] - eth_getBlockByNumber
[2024/12/04 19:48:17.042] - eth_getBalance
[2024/12/04 19:48:17.043] - eth_getTransactionCount
[2024/12/04 19:48:17.045] - eth_getStorageAt
[2024/12/04 19:48:17.048] - eth_getStorageAt
[2024/12/04 19:49:03.959] - eth_blockNumber
[2024/12/04 19:49:03.968] - eth_blockNumber
[2024/12/04 19:49:03.982] - eth_getCode
[2024/12/04 19:49:04.002] - eth_call
[2024/12/04 19:49:04.069] - eth_call
[2024/12/04 19:49:04.085] - eth_call
[2024/12/04 19:49:04.087] - eth_call
[2024/12/04 19:49:04.297] - eth_gasPrice
[2024/12/04 19:49:04.739] - eth_blockNumber
[2024/12/04 19:49:04.830] - eth_call
[2024/12/04 19:49:04.838] - eth_getStorageAt
[2024/12/04 19:49:04.839] - eth_getStorageAt
[2024/12/04 19:49:04.858] - eth_call
[2024/12/04 19:49:04.865] - eth_call
[2024/12/04 19:49:04.873] - eth_getTransactionCount
[2024/12/04 19:49:04.882] - eth_call
[2024/12/04 19:49:04.883] - eth_call
[2024/12/04 19:49:09.622] - eth_sendRawTransaction
[2024/12/04 19:49:09.641] - 
  Transaction: 0x175949b890210efee9761d164c5dc6555a4b6ab506359344ca06181c809f6a35
  Gas usage: 21281
  Block number: 34
  Block time: Wed Dec 04 2024 19:49:09 GMT+0530 (India Standard Time)
  Runtime error: revert

[2024/12/04 19:49:09.644] - eth_getBlockByNumber
[2024/12/04 19:49:09.652] - eth_getBalance
[2024/12/04 19:49:09.655] - eth_getTransactionCount
[2024/12/04 19:49:09.657] - eth_call
[2024/12/04 19:49:09.659] - eth_getBalance
[2024/12/04 19:49:09.664] - eth_getTransactionCount
[2024/12/04 19:49:09.670] - eth_getBalance
[2024/12/04 19:49:09.675] - eth_getTransactionCount
[2024/12/04 19:49:09.680] - eth_getBalance
[2024/12/04 19:49:09.685] - eth_getTransactionCount
[2024/12/04 19:49:09.697] - eth_getBalance
[2024/12/04 19:49:09.701] - eth_call
[2024/12/04 19:49:09.705] - eth_getTransactionCount
[2024/12/04 19:49:09.709] - eth_getBalance
[2024/12/04 19:49:09.713] - eth_getTransactionCount
[2024/12/04 19:49:09.714] - eth_call
[2024/12/04 19:49:09.715] - eth_call
[2024/12/04 19:49:09.718] - eth_getBalance
[2024/12/04 19:49:09.720] - eth_getTransactionCount
[2024/12/04 19:49:09.725] - eth_getBalance
[2024/12/04 19:49:09.728] - eth_getTransactionCount
[2024/12/04 19:49:09.731] - eth_getBalance
[2024/12/04 19:49:09.734] - eth_getTransactionCount
[2024/12/04 19:49:09.737] - eth_getBalance
[2024/12/04 19:49:09.744] - eth_getTransactionCount
[2024/12/04 19:49:24.750] - eth_blockNumber
[2024/12/04 23:54:35.308] - eth_unsubscribe
[2024/12/04 23:54:35.312] - eth_unsubscribe
