[2025/01/24 19:42:50.060] - Starting server with initial configuration: {"gasLimit":6721975,"gasPrice":20000000000,"hardfork":"merge","hostname":"127.0.0.1","port":7545,"network_id":5777,"default_balance_ether":100,"total_accounts":10,"unlocked_accounts":[],"locked":false,"vmErrorsOnRPCResponse":true,"verbose":false,"flavor":"ethereum","db_path":"C:\\Users\\ASUS\\AppData\\Roaming\\Ganache\\ui\\workspaces\\escrow\\chaindata","mnemonic":"indoor puppy shield south high ancient amazing enter later frost kit nation","logDirectory":"C:\\Users\\ASUS\\OneDrive\\Desktop\\DeliverEase\\DeliverEase\\payment-gateway"}
[2025/01/24 19:42:50.199] - eth_getCode
[2025/01/24 19:42:50.209] - eth_subscribe
[2025/01/24 19:42:50.210] - eth_getLogs
[2025/01/24 19:42:50.212] - eth_subscribe
[2025/01/24 19:42:50.226] - eth_getCode
[2025/01/24 19:42:50.227] - eth_subscribe
[2025/01/24 19:42:50.228] - eth_getLogs
[2025/01/24 19:42:50.228] - eth_subscribe
[2025/01/24 19:42:50.229] - eth_getCode
[2025/01/24 19:42:50.234] - eth_getCode
[2025/01/24 19:42:50.490] - eth_blockNumber
[2025/01/24 19:42:50.491] - eth_accounts
[2025/01/24 19:42:50.491] - eth_gasPrice
[2025/01/24 19:42:50.491] - eth_getBlockByNumber
[2025/01/24 19:42:50.492] - eth_subscribe
[2025/01/24 19:42:50.494] - eth_blockNumber
[2025/01/24 19:42:50.494] - eth_accounts
[2025/01/24 19:42:50.495] - eth_gasPrice
[2025/01/24 19:42:50.495] - eth_getBlockByNumber
[2025/01/24 19:42:50.495] - eth_subscribe
[2025/01/24 19:42:50.512] - eth_accounts
[2025/01/24 19:42:50.556] - eth_getBalance
[2025/01/24 19:42:50.561] - eth_getTransactionCount
[2025/01/24 19:42:50.566] - eth_getBalance
[2025/01/24 19:42:50.570] - eth_getTransactionCount
[2025/01/24 19:42:50.573] - eth_getBalance
[2025/01/24 19:42:50.578] - eth_getTransactionCount
[2025/01/24 19:42:50.583] - eth_getBalance
[2025/01/24 19:42:50.587] - eth_getTransactionCount
[2025/01/24 19:42:50.591] - eth_getBalance
[2025/01/24 19:42:50.597] - eth_getTransactionCount
[2025/01/24 19:42:50.601] - eth_getBalance
[2025/01/24 19:42:50.605] - eth_getTransactionCount
[2025/01/24 19:42:50.610] - eth_getBalance
[2025/01/24 19:42:50.617] - eth_getTransactionCount
[2025/01/24 19:42:50.622] - eth_getBalance
[2025/01/24 19:42:50.627] - eth_getTransactionCount
[2025/01/24 19:42:50.631] - eth_getBalance
[2025/01/24 19:42:50.635] - eth_getTransactionCount
[2025/01/24 19:42:50.639] - eth_getBalance
[2025/01/24 19:42:50.643] - eth_getTransactionCount
[2025/01/24 19:42:50.659] - eth_getBalance
[2025/01/24 19:42:50.665] - eth_getTransactionCount
[2025/01/24 19:42:50.675] - eth_getBalance
[2025/01/24 19:42:50.680] - eth_getTransactionCount
[2025/01/24 19:42:50.684] - eth_getBalance
[2025/01/24 19:42:50.687] - eth_getTransactionCount
[2025/01/24 19:42:50.690] - eth_getBalance
[2025/01/24 19:42:50.695] - eth_getTransactionCount
[2025/01/24 19:42:50.699] - eth_getBalance
[2025/01/24 19:42:50.702] - eth_getTransactionCount
[2025/01/24 19:42:50.706] - eth_getBalance
[2025/01/24 19:42:50.709] - eth_getTransactionCount
[2025/01/24 19:42:50.713] - eth_getBalance
[2025/01/24 19:42:50.717] - eth_getTransactionCount
[2025/01/24 19:42:50.721] - eth_getBalance
[2025/01/24 19:42:50.725] - eth_getTransactionCount
[2025/01/24 19:42:50.729] - eth_getBalance
[2025/01/24 19:42:50.733] - eth_getTransactionCount
[2025/01/24 19:42:50.735] - eth_getBalance
[2025/01/24 19:42:50.740] - eth_getTransactionCount
[2025/01/24 19:42:50.742] - eth_getBalance
[2025/01/24 19:42:50.746] - eth_getTransactionCount
[2025/01/24 19:42:50.749] - eth_getBalance
[2025/01/24 19:42:50.753] - eth_getTransactionCount
[2025/01/24 19:42:50.756] - eth_getBalance
[2025/01/24 19:42:50.759] - eth_getTransactionCount
[2025/01/24 19:42:50.762] - eth_getBalance
[2025/01/24 19:42:50.765] - eth_getTransactionCount
[2025/01/24 19:42:50.768] - eth_getBalance
[2025/01/24 19:42:50.773] - eth_getTransactionCount
[2025/01/24 19:42:50.776] - eth_getBalance
[2025/01/24 19:42:50.780] - eth_getTransactionCount
[2025/01/24 19:42:50.782] - eth_getBalance
[2025/01/24 19:42:50.788] - eth_blockNumber
[2025/01/24 19:42:50.792] - eth_getTransactionCount
[2025/01/24 19:42:50.794] - eth_gasPrice
[2025/01/24 19:42:50.796] - eth_getBlockByNumber
[2025/01/24 19:42:50.797] - eth_getBalance
[2025/01/24 19:42:50.799] - eth_getBalance
[2025/01/24 19:42:50.801] - eth_getBalance
[2025/01/24 19:42:50.807] - eth_getBalance
[2025/01/24 19:42:50.812] - eth_getTransactionCount
[2025/01/24 19:42:50.816] - eth_getBalance
[2025/01/24 19:42:50.819] - eth_getTransactionCount
[2025/01/24 19:42:50.823] - eth_getBalance
[2025/01/24 19:42:50.826] - eth_getTransactionCount
[2025/01/24 19:42:50.877] - eth_getBalance
[2025/01/24 19:42:50.880] - eth_getTransactionCount
[2025/01/24 19:42:50.886] - eth_getBalance
[2025/01/24 19:42:50.889] - eth_getTransactionCount
[2025/01/24 19:42:50.893] - eth_getBalance
[2025/01/24 19:42:50.898] - eth_getTransactionCount
[2025/01/24 19:42:50.902] - eth_getBalance
[2025/01/24 19:42:50.905] - eth_getTransactionCount
[2025/01/24 19:42:50.908] - eth_getBalance
[2025/01/24 19:42:50.912] - eth_getTransactionCount
[2025/01/24 19:42:50.916] - eth_getBalance
[2025/01/24 19:42:50.919] - eth_getTransactionCount
[2025/01/24 19:42:50.923] - eth_getBalance
[2025/01/24 19:42:50.927] - eth_getTransactionCount
[2025/01/24 19:42:50.929] - eth_getBalance
[2025/01/24 19:42:50.933] - eth_getTransactionCount
[2025/01/24 19:42:50.936] - eth_getBalance
[2025/01/24 19:42:50.939] - eth_getTransactionCount
[2025/01/24 19:42:50.942] - eth_getBalance
[2025/01/24 19:42:50.945] - eth_getTransactionCount
[2025/01/24 19:45:13.921] - eth_blockNumber
[2025/01/24 19:45:46.495] - eth_blockNumber
[2025/01/24 19:49:22.110] - net_version
[2025/01/24 19:49:22.125] - eth_blockNumber
[2025/01/24 19:49:22.133] - eth_blockNumber
[2025/01/24 19:49:22.147] - eth_getCode
[2025/01/24 19:49:22.167] - eth_call
[2025/01/24 19:49:22.247] - eth_call
[2025/01/24 19:49:22.262] - eth_call
[2025/01/24 19:49:22.264] - eth_call
[2025/01/24 19:49:22.733] - eth_blockNumber
[2025/01/24 19:49:22.792] - eth_call
[2025/01/24 19:49:22.795] - eth_getStorageAt
[2025/01/24 19:49:22.799] - eth_getStorageAt
[2025/01/24 19:49:22.809] - eth_call
[2025/01/24 19:49:22.818] - eth_getTransactionCount
[2025/01/24 19:49:22.826] - eth_call
[2025/01/24 19:49:22.826] - eth_call
[2025/01/24 19:49:29.187] - eth_sendRawTransaction
[2025/01/24 19:49:29.210] - 
  Transaction: 0x49d8741be9410ab59a90e7ab585499581eaa1608c1060220d38861bcdb64653e
  Gas usage: 21281
  Block number: 39
  Block time: Fri Jan 24 2025 19:49:29 GMT+0530 (India Standard Time)
  Runtime error: revert

[2025/01/24 19:49:29.215] - eth_getBlockByNumber
[2025/01/24 19:49:29.227] - eth_call
[2025/01/24 19:49:29.234] - eth_getBalance
[2025/01/24 19:49:29.241] - eth_getTransactionCount
[2025/01/24 19:49:29.249] - eth_getBalance
[2025/01/24 19:49:29.273] - eth_getTransactionCount
[2025/01/24 19:49:29.282] - eth_getBalance
[2025/01/24 19:49:29.289] - eth_getTransactionCount
[2025/01/24 19:49:29.292] - eth_call
[2025/01/24 19:49:29.296] - eth_getBalance
[2025/01/24 19:49:29.301] - eth_getTransactionCount
[2025/01/24 19:49:29.305] - eth_getBalance
[2025/01/24 19:49:29.307] - eth_call
[2025/01/24 19:49:29.309] - eth_call
[2025/01/24 19:49:29.311] - eth_getTransactionCount
[2025/01/24 19:49:29.314] - eth_getBalance
[2025/01/24 19:49:29.318] - eth_getTransactionCount
[2025/01/24 19:49:29.322] - eth_getBalance
[2025/01/24 19:49:29.326] - eth_getTransactionCount
[2025/01/24 19:49:29.329] - eth_getBalance
[2025/01/24 19:49:29.338] - eth_getTransactionCount
[2025/01/24 19:49:29.353] - eth_getBalance
[2025/01/24 19:49:29.362] - eth_getTransactionCount
[2025/01/24 19:49:29.368] - eth_getBalance
[2025/01/24 19:49:29.371] - eth_getTransactionCount
[2025/01/24 19:50:06.103] - eth_getBlockByNumber
[2025/01/24 19:50:06.122] - eth_getBlockTransactionCountByHash
[2025/01/24 19:50:06.133] - eth_getBlockByNumber
[2025/01/24 19:50:06.147] - eth_getBlockTransactionCountByHash
[2025/01/24 19:50:06.159] - eth_getBlockByNumber
[2025/01/24 19:50:06.169] - eth_getBlockTransactionCountByHash
[2025/01/24 19:50:06.179] - eth_getBlockByNumber
[2025/01/24 19:50:06.190] - eth_getBlockTransactionCountByHash
[2025/01/24 19:50:06.199] - eth_getBlockByNumber
[2025/01/24 19:50:06.208] - eth_getBlockTransactionCountByHash
[2025/01/24 19:50:06.217] - eth_getBlockByNumber
[2025/01/24 19:50:06.225] - eth_getBlockTransactionCountByHash
[2025/01/24 19:50:06.233] - eth_getBlockByNumber
[2025/01/24 19:50:06.242] - eth_getBlockTransactionCountByHash
[2025/01/24 19:50:06.251] - eth_getBlockByNumber
[2025/01/24 19:50:06.675] - eth_getBlockByNumber
[2025/01/24 19:50:06.919] - eth_getBlockTransactionCountByHash
[2025/01/24 19:50:06.922] - eth_getTransactionReceipt
[2025/01/24 19:50:06.942] - eth_getBlockByNumber
[2025/01/24 19:50:06.947] - eth_getBlockByNumber
[2025/01/24 19:50:06.964] - eth_getBlockTransactionCountByHash
[2025/01/24 19:50:06.967] - eth_getTransactionReceipt
[2025/01/24 19:50:06.980] - eth_getBlockByNumber
[2025/01/24 19:50:06.989] - eth_getBlockByNumber
[2025/01/24 19:50:07.003] - eth_getBlockTransactionCountByHash
[2025/01/24 19:50:07.007] - eth_getTransactionReceipt
[2025/01/24 19:50:07.015] - eth_getBlockByNumber
[2025/01/24 19:50:07.025] - eth_getBlockByNumber
[2025/01/24 19:50:07.035] - eth_getBlockTransactionCountByHash
[2025/01/24 19:50:07.042] - eth_getTransactionReceipt
[2025/01/24 19:50:07.052] - eth_getBlockByNumber
[2025/01/24 19:50:07.063] - eth_getBlockByNumber
[2025/01/24 19:50:07.073] - eth_getBlockTransactionCountByHash
[2025/01/24 19:50:07.080] - eth_getTransactionReceipt
[2025/01/24 19:50:07.093] - eth_getBlockByNumber
[2025/01/24 19:50:07.104] - eth_getBlockByNumber
[2025/01/24 19:50:07.112] - eth_getBlockTransactionCountByHash
[2025/01/24 19:50:07.121] - eth_getTransactionReceipt
[2025/01/24 19:50:07.130] - eth_getBlockByNumber
[2025/01/24 19:50:07.142] - eth_getBlockByNumber
[2025/01/24 19:50:07.149] - eth_getBlockTransactionCountByHash
[2025/01/24 19:50:07.164] - eth_getTransactionReceipt
[2025/01/24 19:50:07.172] - eth_getBlockByNumber
[2025/01/24 19:50:07.183] - eth_getBlockByNumber
[2025/01/24 19:50:07.196] - eth_getBlockTransactionCountByHash
[2025/01/24 19:50:07.204] - eth_getTransactionReceipt
[2025/01/24 19:50:07.213] - eth_getBlockByNumber
[2025/01/24 19:50:07.224] - eth_getBlockByNumber
[2025/01/24 19:50:07.235] - eth_getBlockTransactionCountByHash
[2025/01/24 19:50:07.242] - eth_getTransactionReceipt
[2025/01/24 19:50:07.258] - eth_getBlockByNumber
[2025/01/24 19:50:07.267] - eth_getTransactionReceipt
[2025/01/24 19:50:07.277] - eth_getBlockByNumber
[2025/01/24 19:50:07.284] - eth_getTransactionReceipt
[2025/01/24 19:50:08.304] - eth_getTransactionByHash
[2025/01/24 19:50:11.517] - eth_getBalance
[2025/01/24 19:50:11.547] - eth_getTransactionByHash
[2025/01/24 19:50:11.562] - eth_getTransactionReceipt
[2025/01/24 19:50:11.600] - net_version
[2025/01/24 19:50:11.604] - eth_getCode
[2025/01/24 19:50:11.606] - eth_getBlockByNumber
[2025/01/24 19:50:11.608] - eth_getBalance
[2025/01/24 19:50:11.610] - eth_getTransactionCount
[2025/01/24 19:50:11.614] - eth_getStorageAt
[2025/01/24 19:50:11.617] - eth_getStorageAt
[2025/01/24 19:50:14.121] - net_version
[2025/01/24 19:50:14.124] - eth_getCode
[2025/01/24 19:50:14.126] - eth_getBlockByNumber
[2025/01/24 19:50:14.131] - eth_getBalance
[2025/01/24 19:50:14.133] - eth_getTransactionCount
[2025/01/24 19:50:14.135] - eth_getStorageAt
[2025/01/24 19:50:14.138] - eth_getStorageAt
[2025/01/24 19:50:27.834] - eth_getLogs
[2025/01/24 19:50:35.959] - net_version
[2025/01/24 19:50:35.961] - eth_getCode
[2025/01/24 19:50:35.963] - eth_getBlockByNumber
[2025/01/24 19:50:35.965] - eth_getBalance
[2025/01/24 19:50:35.967] - eth_getTransactionCount
[2025/01/24 19:50:35.968] - eth_getStorageAt
[2025/01/24 19:50:35.971] - eth_getStorageAt
[2025/01/24 19:52:01.812] - eth_getBalance
[2025/01/24 19:52:01.829] - eth_getTransactionByHash
[2025/01/24 19:52:01.846] - eth_getTransactionByHash
[2025/01/24 19:52:01.856] - eth_getTransactionByHash
[2025/01/24 19:52:01.867] - eth_getTransactionByHash
[2025/01/24 19:52:01.876] - eth_getTransactionByHash
[2025/01/24 19:52:01.913] - net_version
[2025/01/24 19:52:01.915] - eth_getCode
[2025/01/24 19:52:01.916] - eth_getBlockByNumber
[2025/01/24 19:52:01.918] - eth_getBalance
[2025/01/24 19:52:01.919] - eth_getTransactionCount
[2025/01/24 19:52:01.921] - eth_getStorageAt
[2025/01/24 19:52:01.923] - eth_getStorageAt
[2025/01/24 19:52:01.925] - eth_getStorageAt
[2025/01/24 19:52:01.927] - eth_getStorageAt
[2025/01/24 19:52:01.929] - eth_getStorageAt
[2025/01/24 19:52:06.504] - net_version
[2025/01/24 19:52:06.506] - eth_getCode
[2025/01/24 19:52:11.899] - net_version
[2025/01/24 19:52:11.901] - eth_getCode
[2025/01/24 19:52:11.903] - eth_getBlockByNumber
[2025/01/24 19:52:11.904] - eth_getBalance
[2025/01/24 19:52:11.906] - eth_getTransactionCount
[2025/01/24 19:52:11.908] - eth_getStorageAt
[2025/01/24 19:52:11.911] - eth_getStorageAt
[2025/01/24 19:52:11.914] - eth_getStorageAt
[2025/01/24 19:52:11.920] - eth_getStorageAt
[2025/01/24 19:52:11.922] - eth_getStorageAt
[2025/01/24 19:52:13.593] - net_version
[2025/01/24 19:52:13.596] - eth_getCode
[2025/01/24 19:52:17.252] - net_version
[2025/01/24 19:52:17.255] - eth_getCode
[2025/01/24 19:52:17.257] - eth_getBlockByNumber
[2025/01/24 19:52:17.259] - eth_getBalance
[2025/01/24 19:52:17.261] - eth_getTransactionCount
[2025/01/24 19:52:17.263] - eth_getStorageAt
[2025/01/24 19:52:17.265] - eth_getStorageAt
[2025/01/24 19:52:17.267] - eth_getStorageAt
[2025/01/24 19:52:17.270] - eth_getStorageAt
[2025/01/24 19:52:17.271] - eth_getStorageAt
[2025/01/24 19:53:13.243] - net_version
[2025/01/24 19:53:13.254] - eth_blockNumber
[2025/01/24 19:53:13.259] - eth_getBlockByNumber
[2025/01/24 19:53:13.267] - eth_blockNumber
[2025/01/24 19:53:13.276] - eth_getCode
[2025/01/24 19:53:13.287] - eth_call
[2025/01/24 19:53:13.369] - eth_call
[2025/01/24 19:53:13.387] - eth_call
[2025/01/24 19:53:13.390] - eth_call
[2025/01/24 19:53:13.864] - eth_blockNumber
[2025/01/24 19:53:13.865] - eth_getBalance
[2025/01/24 19:53:13.867] - eth_getBalance
[2025/01/24 19:53:13.869] - eth_getBalance
[2025/01/24 19:53:13.900] - eth_call
[2025/01/24 19:53:13.912] - eth_getStorageAt
[2025/01/24 19:53:13.915] - eth_getStorageAt
[2025/01/24 19:53:13.918] - eth_getTransactionCount
[2025/01/24 19:53:13.920] - eth_call
[2025/01/24 19:53:13.936] - eth_call
[2025/01/24 19:53:13.937] - eth_call
[2025/01/24 19:53:14.179] - eth_gasPrice
[2025/01/24 19:53:19.568] - eth_sendRawTransaction
[2025/01/24 19:53:19.578] - 
  Transaction: 0x9915d8803765e9033ce882d32b0d693344a0b8c2f0d9d6b1f7e943c739c3185a
  Gas usage: 21281
  Block number: 40
  Block time: Fri Jan 24 2025 19:53:19 GMT+0530 (India Standard Time)
  Runtime error: revert

[2025/01/24 19:53:19.582] - eth_getBlockByNumber
[2025/01/24 19:53:19.595] - eth_call
[2025/01/24 19:53:19.607] - eth_call
[2025/01/24 19:53:19.616] - eth_getBalance
[2025/01/24 19:53:19.624] - eth_call
[2025/01/24 19:53:19.626] - eth_call
[2025/01/24 19:53:19.629] - eth_getTransactionCount
[2025/01/24 19:53:19.650] - eth_getBalance
[2025/01/24 19:53:19.659] - eth_getTransactionCount
[2025/01/24 19:53:19.669] - eth_getBalance
[2025/01/24 19:53:19.676] - eth_getTransactionCount
[2025/01/24 19:53:19.685] - eth_getBalance
[2025/01/24 19:53:19.694] - eth_getTransactionCount
[2025/01/24 19:53:19.706] - eth_getBalance
[2025/01/24 19:53:19.715] - eth_getTransactionCount
[2025/01/24 19:53:19.737] - eth_getBalance
[2025/01/24 19:53:19.751] - eth_getTransactionCount
[2025/01/24 19:53:19.766] - eth_getBalance
[2025/01/24 19:53:19.781] - eth_getTransactionCount
[2025/01/24 19:53:19.805] - eth_getBalance
[2025/01/24 19:53:19.817] - eth_getTransactionCount
[2025/01/24 19:53:19.838] - eth_getBalance
[2025/01/24 19:53:19.856] - eth_getTransactionCount
[2025/01/24 19:53:19.867] - eth_getBalance
[2025/01/24 19:53:19.880] - eth_getTransactionCount
[2025/01/24 19:53:30.405] - eth_getBalance
[2025/01/24 19:53:30.439] - eth_getTransactionReceipt
[2025/01/24 19:53:30.456] - eth_getTransactionReceipt
[2025/01/24 19:53:30.471] - eth_getTransactionReceipt
[2025/01/24 19:53:30.489] - eth_getTransactionReceipt
[2025/01/24 19:53:30.509] - eth_getTransactionByHash
[2025/01/24 19:53:30.528] - eth_getTransactionReceipt
[2025/01/24 19:53:30.578] - net_version
[2025/01/24 19:53:30.581] - eth_getCode
[2025/01/24 19:53:30.584] - eth_getBlockByNumber
[2025/01/24 19:53:30.586] - eth_getBalance
[2025/01/24 19:53:30.589] - eth_getTransactionCount
[2025/01/24 19:53:30.593] - eth_getStorageAt
[2025/01/24 19:53:30.597] - eth_getStorageAt
[2025/01/24 19:53:30.601] - eth_getStorageAt
[2025/01/24 19:53:30.605] - eth_getStorageAt
[2025/01/24 19:53:30.608] - eth_getStorageAt
[2025/01/24 19:53:33.573] - eth_getBlockByNumber
[2025/01/24 19:53:33.591] - eth_getTransactionReceipt
[2025/01/24 19:53:33.597] - net_version
[2025/01/24 19:53:33.600] - eth_getCode
[2025/01/24 19:53:33.611] - eth_getTransactionReceipt
[2025/01/24 19:53:33.628] - eth_getTransactionReceipt
[2025/01/24 19:53:33.639] - eth_getTransactionReceipt
[2025/01/24 19:53:33.651] - eth_getTransactionReceipt
[2025/01/24 19:53:33.664] - eth_getTransactionReceipt
[2025/01/24 19:53:41.221] - net_version
[2025/01/24 19:53:41.223] - eth_getCode
[2025/01/24 19:53:41.224] - eth_getBlockByNumber
[2025/01/24 19:53:41.226] - eth_getBalance
[2025/01/24 19:53:41.228] - eth_getTransactionCount
[2025/01/24 19:53:41.230] - eth_getStorageAt
[2025/01/24 19:53:41.232] - eth_getStorageAt
[2025/01/24 19:53:41.233] - eth_getStorageAt
[2025/01/24 19:53:41.236] - eth_getStorageAt
[2025/01/24 19:53:41.238] - eth_getStorageAt
[2025/01/24 20:03:11.956] - net_version
[2025/01/24 20:03:11.960] - eth_getCode
