[2025/01/07 11:57:52.586] - Starting server with initial configuration: {"gasLimit":6721975,"gasPrice":20000000000,"hardfork":"merge","hostname":"127.0.0.1","port":7545,"network_id":5777,"default_balance_ether":100,"total_accounts":10,"unlocked_accounts":[],"locked":false,"vmErrorsOnRPCResponse":true,"verbose":false,"flavor":"ethereum","db_path":"C:\\Users\\ASUS\\AppData\\Roaming\\Ganache\\ui\\workspaces\\escrow\\chaindata","mnemonic":"indoor puppy shield south high ancient amazing enter later frost kit nation","logDirectory":"C:\\Users\\ASUS\\OneDrive\\Desktop\\DeliverEase\\DeliverEase\\payment-gateway"}
[2025/01/07 11:57:52.704] - eth_getCode
[2025/01/07 11:57:52.705] - eth_subscribe
[2025/01/07 11:57:52.706] - eth_getLogs
[2025/01/07 11:57:52.707] - eth_subscribe
[2025/01/07 11:57:52.712] - eth_getCode
[2025/01/07 11:57:52.735] - eth_getCode
[2025/01/07 11:57:52.736] - eth_subscribe
[2025/01/07 11:57:52.737] - eth_getLogs
[2025/01/07 11:57:52.737] - eth_subscribe
[2025/01/07 11:57:52.740] - eth_getCode
[2025/01/07 11:57:52.776] - eth_blockNumber
[2025/01/07 11:57:52.777] - eth_accounts
[2025/01/07 11:57:52.778] - eth_gasPrice
[2025/01/07 11:57:52.779] - eth_getBlockByNumber
[2025/01/07 11:57:52.780] - eth_subscribe
[2025/01/07 11:57:52.781] - eth_blockNumber
[2025/01/07 11:57:52.782] - eth_accounts
[2025/01/07 11:57:52.782] - eth_gasPrice
[2025/01/07 11:57:52.783] - eth_getBlockByNumber
[2025/01/07 11:57:52.783] - eth_subscribe
[2025/01/07 11:57:52.792] - eth_accounts
[2025/01/07 11:57:52.835] - eth_getBalance
[2025/01/07 11:57:52.839] - eth_getTransactionCount
[2025/01/07 11:57:52.842] - eth_getBalance
[2025/01/07 11:57:52.846] - eth_getTransactionCount
[2025/01/07 11:57:52.849] - eth_getBalance
[2025/01/07 11:57:52.853] - eth_getTransactionCount
[2025/01/07 11:57:52.856] - eth_getBalance
[2025/01/07 11:57:52.860] - eth_getTransactionCount
[2025/01/07 11:57:52.865] - eth_getBalance
[2025/01/07 11:57:52.870] - eth_getTransactionCount
[2025/01/07 11:57:52.875] - eth_getBalance
[2025/01/07 11:57:52.878] - eth_getTransactionCount
[2025/01/07 11:57:52.881] - eth_getBalance
[2025/01/07 11:57:52.884] - eth_getTransactionCount
[2025/01/07 11:57:52.888] - eth_getBalance
[2025/01/07 11:57:52.893] - eth_getTransactionCount
[2025/01/07 11:57:52.896] - eth_getBalance
[2025/01/07 11:57:52.899] - eth_getTransactionCount
[2025/01/07 11:57:52.902] - eth_getBalance
[2025/01/07 11:57:52.905] - eth_getTransactionCount
[2025/01/07 11:57:52.914] - eth_getBalance
[2025/01/07 11:57:52.918] - eth_getTransactionCount
[2025/01/07 11:57:52.921] - eth_getBalance
[2025/01/07 11:57:52.924] - eth_getTransactionCount
[2025/01/07 11:57:52.927] - eth_getBalance
[2025/01/07 11:57:52.929] - eth_getTransactionCount
[2025/01/07 11:57:52.932] - eth_getBalance
[2025/01/07 11:57:52.935] - eth_getTransactionCount
[2025/01/07 11:57:52.938] - eth_getBalance
[2025/01/07 11:57:52.941] - eth_getTransactionCount
[2025/01/07 11:57:52.944] - eth_getBalance
[2025/01/07 11:57:52.947] - eth_getTransactionCount
[2025/01/07 11:57:52.950] - eth_getBalance
[2025/01/07 11:57:52.953] - eth_getTransactionCount
[2025/01/07 11:57:52.955] - eth_getBalance
[2025/01/07 11:57:52.958] - eth_getTransactionCount
[2025/01/07 11:57:52.962] - eth_getBalance
[2025/01/07 11:57:52.965] - eth_getTransactionCount
[2025/01/07 11:57:52.968] - eth_getBalance
[2025/01/07 11:57:52.970] - eth_getTransactionCount
[2025/01/07 11:57:52.973] - eth_getBalance
[2025/01/07 11:57:52.976] - eth_getTransactionCount
[2025/01/07 11:57:52.978] - eth_getBalance
[2025/01/07 11:57:52.981] - eth_getTransactionCount
[2025/01/07 11:57:52.985] - eth_getBalance
[2025/01/07 11:57:52.988] - eth_getTransactionCount
[2025/01/07 11:57:52.990] - eth_getBalance
[2025/01/07 11:57:52.993] - eth_getTransactionCount
[2025/01/07 11:57:52.996] - eth_getBalance
[2025/01/07 11:57:53.000] - eth_getTransactionCount
[2025/01/07 11:57:53.004] - eth_getBalance
[2025/01/07 11:57:53.008] - eth_getTransactionCount
[2025/01/07 11:57:53.010] - eth_getBalance
[2025/01/07 11:57:53.013] - eth_getTransactionCount
[2025/01/07 11:57:53.016] - eth_getBalance
[2025/01/07 11:57:53.019] - eth_getTransactionCount
[2025/01/07 11:57:53.021] - eth_getBalance
[2025/01/07 11:57:53.024] - eth_getTransactionCount
[2025/01/07 11:57:53.027] - eth_getBalance
[2025/01/07 11:57:53.030] - eth_getTransactionCount
[2025/01/07 11:57:53.084] - eth_getTransactionCount
[2025/01/07 11:57:53.087] - eth_getBalance
[2025/01/07 11:57:53.090] - eth_getTransactionCount
[2025/01/07 11:57:53.093] - eth_getBalance
[2025/01/07 11:57:53.095] - eth_getTransactionCount
[2025/01/07 11:57:53.098] - eth_getBalance
[2025/01/07 11:57:53.101] - eth_getTransactionCount
[2025/01/07 11:57:53.104] - eth_getBalance
[2025/01/07 11:57:53.107] - eth_getTransactionCount
[2025/01/07 11:57:53.110] - eth_getBalance
[2025/01/07 11:57:53.114] - eth_getTransactionCount
[2025/01/07 11:57:53.116] - eth_getBalance
[2025/01/07 11:57:53.120] - eth_getTransactionCount
[2025/01/07 11:57:53.122] - eth_getBalance
[2025/01/07 11:57:53.125] - eth_getTransactionCount
[2025/01/07 11:57:53.128] - eth_getBalance
[2025/01/07 11:57:53.131] - eth_getTransactionCount
[2025/01/07 11:57:53.134] - eth_getBalance
[2025/01/07 11:57:53.137] - eth_getTransactionCount
[2025/01/07 11:58:02.981] - eth_getBlockByNumber
[2025/01/07 11:58:02.995] - eth_getBlockTransactionCountByHash
[2025/01/07 11:58:03.005] - eth_getBlockByNumber
[2025/01/07 11:58:03.015] - eth_getBlockTransactionCountByHash
[2025/01/07 11:58:03.026] - eth_getBlockByNumber
[2025/01/07 11:58:03.036] - eth_getBlockTransactionCountByHash
[2025/01/07 11:58:03.045] - eth_getBlockByNumber
[2025/01/07 11:58:03.056] - eth_getBlockTransactionCountByHash
[2025/01/07 11:58:03.065] - eth_getBlockByNumber
[2025/01/07 11:58:03.074] - eth_getBlockTransactionCountByHash
[2025/01/07 11:58:03.083] - eth_getBlockByNumber
[2025/01/07 11:58:03.092] - eth_getBlockTransactionCountByHash
[2025/01/07 11:58:03.107] - eth_getBlockByNumber
[2025/01/07 11:58:03.120] - eth_getBlockTransactionCountByHash
[2025/01/07 11:58:03.129] - eth_getBlockByNumber
[2025/01/07 11:58:03.139] - eth_getBlockTransactionCountByHash
[2025/01/07 11:58:03.147] - eth_getBlockByNumber
[2025/01/07 11:58:03.157] - eth_getBlockTransactionCountByHash
[2025/01/07 11:58:03.166] - eth_getBlockByNumber
[2025/01/07 11:58:03.174] - eth_getBlockTransactionCountByHash
[2025/01/07 11:58:03.183] - eth_getBlockByNumber
[2025/01/07 11:58:03.190] - eth_getBlockTransactionCountByHash
[2025/01/07 11:58:03.198] - eth_getBlockByNumber
[2025/01/07 11:58:03.207] - eth_getBlockTransactionCountByHash
[2025/01/07 11:58:03.214] - eth_getBlockByNumber
[2025/01/07 11:58:03.222] - eth_getBlockTransactionCountByHash
[2025/01/07 11:58:03.229] - eth_getBlockByNumber
[2025/01/07 11:58:03.236] - eth_getBlockTransactionCountByHash
[2025/01/07 11:58:03.243] - eth_getBlockByNumber
[2025/01/07 11:58:03.251] - eth_getBlockTransactionCountByHash
[2025/01/07 11:58:03.259] - eth_getBlockByNumber
[2025/01/07 11:58:03.267] - eth_getBlockTransactionCountByHash
[2025/01/07 11:58:05.218] - eth_getBlockByNumber
[2025/01/07 11:58:05.229] - eth_getTransactionReceipt
[2025/01/07 11:58:07.437] - eth_getTransactionByHash
[2025/01/07 11:58:07.445] - eth_getBlockByNumber
[2025/01/07 11:58:07.461] - eth_getTransactionReceipt
[2025/01/07 11:58:07.482] - eth_getBlockByNumber
[2025/01/07 11:58:07.491] - eth_getTransactionReceipt
[2025/01/07 11:58:07.503] - eth_getBlockByNumber
[2025/01/07 11:58:07.511] - eth_getTransactionReceipt
[2025/01/07 11:58:07.524] - eth_getBlockByNumber
[2025/01/07 11:58:07.533] - eth_getTransactionReceipt
[2025/01/07 11:58:07.545] - eth_getBlockByNumber
[2025/01/07 11:58:07.556] - eth_getTransactionReceipt
[2025/01/07 11:58:07.569] - eth_getBlockByNumber
[2025/01/07 11:58:07.578] - eth_getTransactionReceipt
[2025/01/07 11:58:07.591] - eth_getBlockByNumber
[2025/01/07 11:58:07.599] - eth_getTransactionReceipt
[2025/01/07 11:58:07.612] - eth_getBlockByNumber
[2025/01/07 11:58:07.621] - eth_getTransactionReceipt
[2025/01/07 11:58:07.630] - eth_getBlockByNumber
[2025/01/07 11:58:07.640] - eth_getTransactionReceipt
[2025/01/07 11:58:07.651] - eth_getBlockByNumber
[2025/01/07 11:58:07.661] - eth_getTransactionReceipt
[2025/01/07 12:02:14.738] - eth_blockNumber
[2025/01/07 12:02:14.808] - eth_blockNumber
[2025/01/07 12:02:14.811] - eth_getBalance
[2025/01/07 12:02:14.813] - eth_getBalance
[2025/01/07 12:02:14.814] - eth_getBalance
[2025/01/07 12:03:02.521] - net_version
[2025/01/07 12:03:02.536] - eth_blockNumber
[2025/01/07 12:03:02.540] - eth_getBlockByNumber
[2025/01/07 12:03:02.549] - eth_blockNumber
[2025/01/07 12:03:02.563] - eth_getCode
[2025/01/07 12:03:02.589] - eth_call
[2025/01/07 12:03:02.660] - eth_call
[2025/01/07 12:03:02.683] - eth_call
[2025/01/07 12:03:02.685] - eth_call
[2025/01/07 12:03:02.878] - eth_gasPrice
[2025/01/07 12:03:03.595] - eth_blockNumber
[2025/01/07 12:03:03.670] - eth_call
[2025/01/07 12:03:03.674] - eth_getStorageAt
[2025/01/07 12:03:03.678] - eth_getStorageAt
[2025/01/07 12:03:03.682] - eth_getTransactionCount
[2025/01/07 12:03:03.702] - eth_call
[2025/01/07 12:03:03.716] - eth_call
[2025/01/07 12:03:03.717] - eth_call
[2025/01/07 12:03:08.346] - eth_sendRawTransaction
[2025/01/07 12:03:08.377] - 
  Transaction: 0x4e70a0ab5a74769edbdf44d8690cf8816c9c34fdcf82fc4539407747988d2ed5
  Gas usage: 21281
  Block number: 38
  Block time: Tue Jan 07 2025 12:03:08 GMT+0530 (India Standard Time)
  Runtime error: revert

[2025/01/07 12:03:08.383] - eth_getBlockByNumber
[2025/01/07 12:03:08.395] - eth_call
[2025/01/07 12:03:08.415] - eth_getBalance
[2025/01/07 12:03:08.426] - eth_getTransactionCount
[2025/01/07 12:03:08.433] - eth_call
[2025/01/07 12:03:08.439] - eth_getBalance
[2025/01/07 12:03:08.447] - eth_getTransactionCount
[2025/01/07 12:03:08.448] - eth_call
[2025/01/07 12:03:08.449] - eth_call
[2025/01/07 12:03:08.461] - eth_getBalance
[2025/01/07 12:03:08.467] - eth_getTransactionCount
[2025/01/07 12:03:08.475] - eth_getBalance
[2025/01/07 12:03:08.483] - eth_getTransactionCount
[2025/01/07 12:03:08.490] - eth_getBalance
[2025/01/07 12:03:08.510] - eth_getTransactionCount
[2025/01/07 12:03:08.520] - eth_getBalance
[2025/01/07 12:03:08.533] - eth_getTransactionCount
[2025/01/07 12:03:08.544] - eth_getBalance
[2025/01/07 12:03:08.555] - eth_getTransactionCount
[2025/01/07 12:03:08.567] - eth_getBalance
[2025/01/07 12:03:08.575] - eth_getTransactionCount
[2025/01/07 12:03:08.581] - eth_getBalance
[2025/01/07 12:03:08.587] - eth_getTransactionCount
[2025/01/07 12:03:08.597] - eth_getBalance
[2025/01/07 12:03:08.604] - eth_getTransactionCount
[2025/01/07 12:04:49.039] - eth_getBlockByNumber
[2025/01/07 12:04:49.074] - eth_getTransactionReceipt
[2025/01/07 12:04:49.100] - eth_getTransactionReceipt
[2025/01/07 12:04:49.126] - eth_getTransactionReceipt
[2025/01/07 12:04:49.147] - eth_getTransactionReceipt
[2025/01/07 12:04:49.167] - eth_getTransactionReceipt
[2025/01/07 12:04:49.187] - eth_getTransactionReceipt
[2025/01/07 12:04:49.206] - eth_getTransactionReceipt
[2025/01/07 12:04:49.225] - eth_getTransactionReceipt
[2025/01/07 12:04:49.246] - eth_getTransactionReceipt
[2025/01/07 12:04:49.266] - eth_getTransactionReceipt
[2025/01/07 12:04:49.286] - eth_getTransactionReceipt
[2025/01/07 12:04:50.514] - eth_getBalance
[2025/01/07 12:04:50.564] - eth_getTransactionByHash
[2025/01/07 12:04:50.583] - eth_getTransactionByHash
[2025/01/07 12:04:50.602] - eth_getTransactionByHash
[2025/01/07 12:04:50.625] - eth_getTransactionByHash
[2025/01/07 12:04:50.682] - net_version
[2025/01/07 12:04:50.685] - eth_getCode
[2025/01/07 12:04:50.688] - eth_getBlockByNumber
[2025/01/07 12:04:50.690] - eth_getBalance
[2025/01/07 12:04:50.692] - eth_getTransactionCount
[2025/01/07 12:04:50.696] - eth_getStorageAt
[2025/01/07 12:04:50.700] - eth_getStorageAt
[2025/01/07 12:04:50.702] - eth_getStorageAt
[2025/01/07 12:04:50.704] - eth_getStorageAt
[2025/01/07 12:04:50.710] - eth_getStorageAt
[2025/01/07 12:06:04.775] - net_version
[2025/01/07 12:06:04.777] - eth_getCode
[2025/01/07 12:06:04.778] - eth_getBlockByNumber
[2025/01/07 12:06:04.780] - eth_getBalance
[2025/01/07 12:06:04.782] - eth_getTransactionCount
[2025/01/07 12:06:04.784] - eth_getStorageAt
[2025/01/07 12:06:04.786] - eth_getStorageAt
[2025/01/07 12:06:04.789] - eth_getStorageAt
[2025/01/07 12:06:04.791] - eth_getStorageAt
[2025/01/07 12:06:04.793] - eth_getStorageAt
[2025/01/07 12:06:08.683] - net_version
[2025/01/07 12:06:08.684] - eth_getCode
[2025/01/07 12:06:14.999] - eth_getBlockByNumber
[2025/01/07 12:06:15.012] - eth_getLogs
[2025/01/07 12:06:16.246] - eth_getBlockTransactionCountByHash
[2025/01/07 12:06:23.109] - net_version
[2025/01/07 12:06:23.111] - eth_getCode
[2025/01/07 12:06:23.112] - eth_getBlockByNumber
[2025/01/07 12:06:23.114] - eth_getBalance
[2025/01/07 12:06:23.115] - eth_getTransactionCount
[2025/01/07 12:06:23.117] - eth_getStorageAt
[2025/01/07 12:06:23.119] - eth_getStorageAt
[2025/01/07 12:06:23.121] - eth_getStorageAt
[2025/01/07 12:06:23.126] - eth_getStorageAt
[2025/01/07 12:06:23.128] - eth_getStorageAt
[2025/01/07 12:06:44.418] - net_version
[2025/01/07 12:06:44.419] - eth_getCode
[2025/01/07 12:23:02.049] - net_version
[2025/01/07 12:23:02.051] - eth_getCode
[2025/01/07 12:23:02.053] - eth_getBlockByNumber
[2025/01/07 12:23:02.055] - eth_getBalance
[2025/01/07 12:23:02.057] - eth_getTransactionCount
[2025/01/07 12:23:02.059] - eth_getStorageAt
[2025/01/07 12:23:02.061] - eth_getStorageAt
[2025/01/07 12:23:02.064] - eth_getStorageAt
[2025/01/07 12:23:02.066] - eth_getStorageAt
[2025/01/07 12:23:02.068] - eth_getStorageAt
[2025/01/07 12:45:32.330] - eth_unsubscribe
[2025/01/07 12:45:32.332] - eth_unsubscribe
