[2024/12/06 11:48:11.884] - Starting server with initial configuration: {"gasLimit":6721975,"gasPrice":20000000000,"hardfork":"merge","hostname":"127.0.0.1","port":7545,"network_id":5777,"default_balance_ether":100,"total_accounts":10,"unlocked_accounts":[],"locked":false,"vmErrorsOnRPCResponse":true,"verbose":false,"flavor":"ethereum","db_path":"C:\\Users\\ASUS\\AppData\\Roaming\\Ganache\\ui\\workspaces\\escrow\\chaindata","mnemonic":"indoor puppy shield south high ancient amazing enter later frost kit nation","logDirectory":"C:\\Users\\ASUS\\OneDrive\\Desktop\\DeliverEase\\DeliverEase\\payment-gateway"}
[2024/12/06 11:48:12.213] - eth_getCode
[2024/12/06 11:48:12.216] - eth_subscribe
[2024/12/06 11:48:12.219] - eth_getLogs
[2024/12/06 11:48:12.222] - eth_subscribe
[2024/12/06 11:48:12.234] - eth_getCode
[2024/12/06 11:48:12.276] - eth_getCode
[2024/12/06 11:48:12.278] - eth_subscribe
[2024/12/06 11:48:12.279] - eth_getLogs
[2024/12/06 11:48:12.280] - eth_subscribe
[2024/12/06 11:48:12.947] - eth_blockNumber
[2024/12/06 11:48:12.949] - eth_accounts
[2024/12/06 11:48:12.951] - eth_gasPrice
[2024/12/06 11:48:12.953] - eth_getBlockByNumber
[2024/12/06 11:48:12.955] - eth_subscribe
[2024/12/06 11:48:12.962] - eth_blockNumber
[2024/12/06 11:48:12.964] - eth_accounts
[2024/12/06 11:48:12.966] - eth_gasPrice
[2024/12/06 11:48:12.968] - eth_getBlockByNumber
[2024/12/06 11:48:12.970] - eth_subscribe
[2024/12/06 11:48:13.013] - eth_accounts
[2024/12/06 11:48:13.131] - eth_getBalance
[2024/12/06 11:48:13.142] - eth_getTransactionCount
[2024/12/06 11:48:13.155] - eth_getBalance
[2024/12/06 11:48:13.172] - eth_getTransactionCount
[2024/12/06 11:48:13.185] - eth_getBalance
[2024/12/06 11:48:13.198] - eth_getTransactionCount
[2024/12/06 11:48:13.217] - eth_getBalance
[2024/12/06 11:48:13.224] - eth_getTransactionCount
[2024/12/06 11:48:13.234] - eth_getBalance
[2024/12/06 11:48:13.250] - eth_getTransactionCount
[2024/12/06 11:48:13.268] - eth_getBalance
[2024/12/06 11:48:13.279] - eth_getTransactionCount
[2024/12/06 11:48:13.290] - eth_getBalance
[2024/12/06 11:48:13.311] - eth_getTransactionCount
[2024/12/06 11:48:13.321] - eth_getBalance
[2024/12/06 11:48:13.328] - eth_getTransactionCount
[2024/12/06 11:48:13.334] - eth_getBalance
[2024/12/06 11:48:13.344] - eth_getTransactionCount
[2024/12/06 11:48:13.351] - eth_getBalance
[2024/12/06 11:48:13.361] - eth_getTransactionCount
[2024/12/06 11:48:13.403] - eth_getBalance
[2024/12/06 11:48:13.413] - eth_getTransactionCount
[2024/12/06 11:48:13.429] - eth_getBalance
[2024/12/06 11:48:13.436] - eth_getTransactionCount
[2024/12/06 11:48:13.447] - eth_getBalance
[2024/12/06 11:48:13.458] - eth_getTransactionCount
[2024/12/06 11:48:13.465] - eth_getBalance
[2024/12/06 11:48:13.477] - eth_getTransactionCount
[2024/12/06 11:48:13.483] - eth_getBalance
[2024/12/06 11:48:13.494] - eth_getTransactionCount
[2024/12/06 11:48:13.502] - eth_getBalance
[2024/12/06 11:48:13.512] - eth_getTransactionCount
[2024/12/06 11:48:13.518] - eth_getBalance
[2024/12/06 11:48:13.525] - eth_getTransactionCount
[2024/12/06 11:48:13.530] - eth_getBalance
[2024/12/06 11:48:13.538] - eth_getTransactionCount
[2024/12/06 11:48:13.555] - eth_getBalance
[2024/12/06 11:48:13.564] - eth_getTransactionCount
[2024/12/06 11:48:13.570] - eth_getBalance
[2024/12/06 11:48:13.577] - eth_getTransactionCount
[2024/12/06 11:48:13.583] - eth_getBalance
[2024/12/06 11:48:13.592] - eth_getTransactionCount
[2024/12/06 11:48:13.599] - eth_getBalance
[2024/12/06 11:48:13.608] - eth_getTransactionCount
[2024/12/06 11:48:13.613] - eth_getBalance
[2024/12/06 11:48:13.619] - eth_getTransactionCount
[2024/12/06 11:48:13.628] - eth_getBalance
[2024/12/06 11:48:13.633] - eth_getTransactionCount
[2024/12/06 11:48:13.641] - eth_getBalance
[2024/12/06 11:48:13.651] - eth_getTransactionCount
[2024/12/06 11:48:13.661] - eth_getBalance
[2024/12/06 11:48:13.670] - eth_getTransactionCount
[2024/12/06 11:48:13.677] - eth_getBalance
[2024/12/06 11:48:13.685] - eth_getTransactionCount
[2024/12/06 11:48:13.697] - eth_getBalance
[2024/12/06 11:48:13.707] - eth_getTransactionCount
[2024/12/06 11:48:13.713] - eth_getBalance
[2024/12/06 11:48:13.722] - eth_getTransactionCount
[2024/12/06 11:48:13.727] - eth_getBalance
[2024/12/06 11:48:13.733] - eth_getTransactionCount
[2024/12/06 11:48:13.815] - eth_getBalance
[2024/12/06 11:48:13.821] - eth_getTransactionCount
[2024/12/06 11:48:13.825] - eth_getBalance
[2024/12/06 11:48:13.830] - eth_getTransactionCount
[2024/12/06 11:48:13.834] - eth_getBalance
[2024/12/06 11:48:13.842] - eth_getTransactionCount
[2024/12/06 11:48:13.850] - eth_getBalance
[2024/12/06 11:48:13.859] - eth_getTransactionCount
[2024/12/06 11:48:13.867] - eth_getBalance
[2024/12/06 11:48:13.875] - eth_getTransactionCount
[2024/12/06 11:48:13.880] - eth_getBalance
[2024/12/06 11:48:13.887] - eth_getTransactionCount
[2024/12/06 11:48:13.895] - eth_getBalance
[2024/12/06 11:48:13.899] - eth_getTransactionCount
[2024/12/06 11:48:13.905] - eth_getBalance
[2024/12/06 11:48:13.909] - eth_getTransactionCount
[2024/12/06 11:48:13.915] - eth_getBalance
[2024/12/06 11:48:13.919] - eth_getTransactionCount
[2024/12/06 11:48:13.924] - eth_getBalance
[2024/12/06 11:48:13.932] - eth_getTransactionCount
[2024/12/06 11:48:32.648] - eth_getBlockByNumber
[2024/12/06 11:48:32.715] - eth_getTransactionReceipt
[2024/12/06 11:48:32.766] - eth_getBlockByNumber
[2024/12/06 11:48:32.793] - eth_getTransactionReceipt
[2024/12/06 11:48:32.820] - eth_getBlockByNumber
[2024/12/06 11:48:32.846] - eth_getTransactionReceipt
[2024/12/06 11:48:32.886] - eth_getBlockByNumber
[2024/12/06 11:48:32.909] - eth_getTransactionReceipt
[2024/12/06 11:48:32.935] - eth_getBlockByNumber
[2024/12/06 11:48:32.956] - eth_getTransactionReceipt
[2024/12/06 11:48:32.987] - eth_getBlockByNumber
[2024/12/06 11:48:33.029] - eth_getTransactionReceipt
[2024/12/06 11:48:33.065] - eth_getBlockByNumber
[2024/12/06 11:48:33.089] - eth_getTransactionReceipt
[2024/12/06 11:48:33.124] - eth_getBlockByNumber
[2024/12/06 11:48:33.149] - eth_getTransactionReceipt
[2024/12/06 11:48:33.176] - eth_getBlockByNumber
[2024/12/06 11:48:33.193] - eth_getTransactionReceipt
[2024/12/06 11:48:33.220] - eth_getBlockByNumber
[2024/12/06 11:48:33.237] - eth_getTransactionReceipt
[2024/12/06 11:48:33.263] - eth_getBlockByNumber
[2024/12/06 11:48:33.276] - eth_getTransactionReceipt
[2024/12/06 11:50:01.281] - eth_blockNumber
[2024/12/06 11:50:01.288] - net_version
[2024/12/06 11:50:01.298] - eth_getBlockByNumber
[2024/12/06 12:00:30.264] - eth_blockNumber
[2024/12/06 12:00:41.978] - eth_blockNumber
[2024/12/06 12:00:41.980] - eth_getBalance
[2024/12/06 12:00:41.982] - eth_getBalance
[2024/12/06 12:00:41.988] - eth_getBalance
[2024/12/06 12:00:42.304] - eth_blockNumber
[2024/12/06 12:01:14.818] - eth_blockNumber
[2024/12/06 12:01:14.827] - eth_gasPrice
[2024/12/06 12:06:42.743] - eth_blockNumber
[2024/12/06 12:06:42.763] - net_version
[2024/12/06 12:06:42.771] - eth_accounts
[2024/12/06 12:06:42.789] - eth_getBlockByNumber
[2024/12/06 12:06:42.801] - eth_getCode
[2024/12/06 12:06:42.874] - eth_call
[2024/12/06 12:26:32.962] - eth_getBalance
[2024/12/06 12:26:33.146] - eth_getTransactionByHash
[2024/12/06 12:26:33.227] - eth_getTransactionByHash
[2024/12/06 12:26:33.303] - eth_getTransactionByHash
[2024/12/06 12:26:33.369] - eth_getTransactionByHash
[2024/12/06 12:26:33.415] - eth_getTransactionByHash
[2024/12/06 12:26:33.577] - net_version
[2024/12/06 12:26:33.595] - eth_getCode
[2024/12/06 12:26:33.603] - eth_getBlockByNumber
[2024/12/06 12:26:33.619] - eth_getBalance
[2024/12/06 12:26:33.628] - eth_getTransactionCount
[2024/12/06 12:26:33.643] - eth_getStorageAt
[2024/12/06 12:26:33.659] - eth_getStorageAt
[2024/12/06 12:26:33.679] - eth_getStorageAt
[2024/12/06 12:26:33.692] - eth_getStorageAt
[2024/12/06 12:26:33.727] - eth_getStorageAt
[2024/12/06 12:26:41.696] - net_version
[2024/12/06 12:26:41.700] - eth_getCode
[2024/12/06 12:35:21.585] - eth_unsubscribe
[2024/12/06 12:35:21.587] - eth_unsubscribe
