[2024/12/04 01:21:15.114] - Starting server with initial configuration: {"gasLimit":6721975,"gasPrice":20000000000,"hardfork":"merge","hostname":"127.0.0.1","port":7545,"network_id":5777,"default_balance_ether":100,"total_accounts":10,"unlocked_accounts":[],"locked":false,"vmErrorsOnRPCResponse":true,"verbose":false,"flavor":"ethereum","db_path":"C:\\Users\\ASUS\\AppData\\Roaming\\Ganache\\ui\\workspaces\\escrow\\chaindata","mnemonic":"indoor puppy shield south high ancient amazing enter later frost kit nation","logDirectory":"C:\\Users\\ASUS\\OneDrive\\Desktop\\DeliverEase\\DeliverEase\\payment-gateway"}
[2024/12/04 01:21:15.190] - eth_subscribe
[2024/12/04 01:21:15.191] - eth_getLogs
[2024/12/04 01:21:15.191] - eth_subscribe
[2024/12/04 01:21:15.192] - eth_getCode
[2024/12/04 01:21:15.197] - eth_getCode
[2024/12/04 01:21:15.221] - eth_subscribe
[2024/12/04 01:21:15.222] - eth_getLogs
[2024/12/04 01:21:15.222] - eth_subscribe
[2024/12/04 01:21:15.223] - eth_getCode
[2024/12/04 01:21:15.243] - eth_getBlockByNumber
[2024/12/04 01:21:15.244] - eth_subscribe
[2024/12/04 01:21:15.257] - eth_blockNumber
[2024/12/04 01:21:15.258] - eth_accounts
[2024/12/04 01:21:15.258] - eth_gasPrice
[2024/12/04 01:21:15.259] - eth_getBlockByNumber
[2024/12/04 01:21:15.259] - eth_subscribe
[2024/12/04 01:21:15.260] - eth_blockNumber
[2024/12/04 01:21:15.261] - eth_accounts
[2024/12/04 01:21:15.261] - eth_gasPrice
[2024/12/04 01:21:15.274] - eth_accounts
[2024/12/04 01:21:15.299] - eth_getBalance
[2024/12/04 01:21:15.302] - eth_getTransactionCount
[2024/12/04 01:21:15.305] - eth_getBalance
[2024/12/04 01:21:15.308] - eth_getTransactionCount
[2024/12/04 01:21:15.310] - eth_getBalance
[2024/12/04 01:21:15.315] - eth_getTransactionCount
[2024/12/04 01:21:15.318] - eth_getBalance
[2024/12/04 01:21:15.322] - eth_getTransactionCount
[2024/12/04 01:21:15.324] - eth_getBalance
[2024/12/04 01:21:15.326] - eth_getTransactionCount
[2024/12/04 01:21:15.330] - eth_getBalance
[2024/12/04 01:21:15.333] - eth_getTransactionCount
[2024/12/04 01:21:15.335] - eth_getBalance
[2024/12/04 01:21:15.337] - eth_getTransactionCount
[2024/12/04 01:21:15.340] - eth_getBalance
[2024/12/04 01:21:15.343] - eth_getTransactionCount
[2024/12/04 01:21:15.346] - eth_getBalance
[2024/12/04 01:21:15.349] - eth_getTransactionCount
[2024/12/04 01:21:15.352] - eth_getBalance
[2024/12/04 01:21:15.355] - eth_getTransactionCount
[2024/12/04 01:21:15.361] - eth_getBalance
[2024/12/04 01:21:15.364] - eth_getTransactionCount
[2024/12/04 01:21:15.366] - eth_getBalance
[2024/12/04 01:21:15.369] - eth_getTransactionCount
[2024/12/04 01:21:15.372] - eth_getBalance
[2024/12/04 01:21:15.375] - eth_getTransactionCount
[2024/12/04 01:21:15.377] - eth_getBalance
[2024/12/04 01:21:15.380] - eth_getTransactionCount
[2024/12/04 01:21:15.382] - eth_getBalance
[2024/12/04 01:21:15.384] - eth_getTransactionCount
[2024/12/04 01:21:15.386] - eth_getBalance
[2024/12/04 01:21:15.389] - eth_getTransactionCount
[2024/12/04 01:21:15.394] - eth_getBalance
[2024/12/04 01:21:15.396] - eth_getTransactionCount
[2024/12/04 01:21:15.399] - eth_getBalance
[2024/12/04 01:21:15.401] - eth_getTransactionCount
[2024/12/04 01:21:15.403] - eth_getBalance
[2024/12/04 01:21:15.406] - eth_getTransactionCount
[2024/12/04 01:21:15.408] - eth_getBalance
[2024/12/04 01:21:15.411] - eth_getTransactionCount
[2024/12/04 01:21:15.415] - eth_getBalance
[2024/12/04 01:21:15.417] - eth_getTransactionCount
[2024/12/04 01:21:15.419] - eth_getBalance
[2024/12/04 01:21:15.421] - eth_getTransactionCount
[2024/12/04 01:21:15.423] - eth_getBalance
[2024/12/04 01:21:15.427] - eth_getTransactionCount
[2024/12/04 01:21:15.429] - eth_getBalance
[2024/12/04 01:21:15.432] - eth_getTransactionCount
[2024/12/04 01:21:15.436] - eth_getBalance
[2024/12/04 01:21:15.438] - eth_getTransactionCount
[2024/12/04 01:21:15.440] - eth_getBalance
[2024/12/04 01:21:15.443] - eth_getTransactionCount
[2024/12/04 01:21:15.445] - eth_getBalance
[2024/12/04 01:21:15.447] - eth_getTransactionCount
[2024/12/04 01:21:15.450] - eth_getBalance
[2024/12/04 01:21:15.452] - eth_getTransactionCount
[2024/12/04 01:21:15.455] - eth_getBalance
[2024/12/04 01:21:15.458] - eth_getTransactionCount
[2024/12/04 01:21:15.460] - eth_getBalance
[2024/12/04 01:21:15.463] - eth_getTransactionCount
[2024/12/04 01:21:15.501] - eth_getTransactionCount
[2024/12/04 01:21:15.506] - eth_getBalance
[2024/12/04 01:21:15.509] - eth_getTransactionCount
[2024/12/04 01:21:15.512] - eth_getBalance
[2024/12/04 01:21:15.515] - eth_getTransactionCount
[2024/12/04 01:21:15.518] - eth_getBalance
[2024/12/04 01:21:15.522] - eth_getTransactionCount
[2024/12/04 01:21:15.525] - eth_getBalance
[2024/12/04 01:21:15.528] - eth_getTransactionCount
[2024/12/04 01:21:15.533] - eth_getBalance
[2024/12/04 01:21:15.539] - eth_getTransactionCount
[2024/12/04 01:21:15.542] - eth_getBalance
[2024/12/04 01:21:15.544] - eth_getTransactionCount
[2024/12/04 01:21:15.547] - eth_getBalance
[2024/12/04 01:21:15.549] - eth_getTransactionCount
[2024/12/04 01:21:15.551] - eth_getBalance
[2024/12/04 01:21:15.554] - eth_getTransactionCount
[2024/12/04 01:21:15.556] - eth_getBalance
[2024/12/04 01:21:15.559] - eth_getTransactionCount
[2024/12/04 01:22:09.588] - net_version
[2024/12/04 01:22:09.597] - eth_blockNumber
[2024/12/04 01:22:09.601] - eth_getBlockByNumber
[2024/12/04 01:22:09.608] - eth_blockNumber
[2024/12/04 01:22:09.616] - eth_getCode
[2024/12/04 01:22:09.621] - eth_estimateGas
[2024/12/04 01:22:09.636] - eth_call
[2024/12/04 01:22:09.703] - eth_call
[2024/12/04 01:22:09.738] - eth_call
[2024/12/04 01:22:09.739] - eth_call
[2024/12/04 01:22:10.230] - eth_blockNumber
[2024/12/04 01:22:10.235] - eth_getBalance
[2024/12/04 01:22:10.236] - eth_getBalance
[2024/12/04 01:22:10.238] - eth_getBalance
[2024/12/04 01:22:10.311] - eth_call
[2024/12/04 01:22:10.314] - eth_getStorageAt
[2024/12/04 01:22:10.315] - eth_getStorageAt
[2024/12/04 01:22:10.323] - eth_getTransactionCount
[2024/12/04 01:22:10.333] - eth_call
[2024/12/04 01:22:10.346] - eth_call
[2024/12/04 01:22:10.347] - eth_call
[2024/12/04 01:22:10.491] - eth_gasPrice
[2024/12/04 01:22:30.246] - eth_blockNumber
[2024/12/04 01:22:50.259] - eth_blockNumber
[2024/12/04 01:23:10.275] - eth_blockNumber
[2024/12/04 01:23:30.282] - eth_blockNumber
[2024/12/04 01:23:50.297] - eth_blockNumber
[2024/12/04 01:24:10.316] - eth_blockNumber
[2024/12/04 01:24:30.340] - eth_blockNumber
[2024/12/04 01:24:50.358] - eth_blockNumber
[2024/12/04 01:25:10.368] - eth_blockNumber
[2024/12/04 01:25:30.387] - eth_blockNumber
[2024/12/04 01:25:50.396] - eth_blockNumber
[2024/12/04 01:25:52.178] - eth_call
[2024/12/04 01:25:52.192] - eth_call
[2024/12/04 01:25:52.233] - eth_call
[2024/12/04 01:25:52.234] - eth_call
[2024/12/04 01:26:10.402] - eth_blockNumber
[2024/12/04 01:26:30.407] - eth_blockNumber
[2024/12/04 01:26:41.578] - net_version
[2024/12/04 01:26:41.601] - eth_estimateGas
[2024/12/04 01:26:41.620] - eth_call
[2024/12/04 01:26:41.632] - eth_call
[2024/12/04 01:26:41.703] - eth_call
[2024/12/04 01:26:41.705] - eth_call
[2024/12/04 01:26:42.698] - eth_call
[2024/12/04 01:26:42.714] - eth_call
[2024/12/04 01:26:42.729] - eth_call
[2024/12/04 01:26:42.731] - eth_call
[2024/12/04 01:26:50.412] - eth_blockNumber
[2024/12/04 01:27:05.334] - eth_call
[2024/12/04 01:27:05.346] - eth_call
[2024/12/04 01:27:05.359] - eth_call
[2024/12/04 01:27:05.361] - eth_call
[2024/12/04 01:27:10.421] - eth_blockNumber
[2024/12/04 01:27:16.333] - eth_blockNumber
[2024/12/04 01:27:16.342] - net_version
[2024/12/04 01:27:16.345] - eth_accounts
[2024/12/04 01:27:16.353] - eth_getBlockByNumber
[2024/12/04 01:27:16.358] - eth_getCode
[2024/12/04 01:27:16.378] - eth_call
[2024/12/04 01:27:30.427] - eth_blockNumber
[2024/12/04 01:27:50.434] - eth_blockNumber
[2024/12/04 01:28:03.585] - eth_estimateGas
[2024/12/04 01:28:03.600] - eth_call
[2024/12/04 01:28:03.611] - eth_call
[2024/12/04 01:28:03.685] - eth_call
[2024/12/04 01:28:03.687] - eth_call
[2024/12/04 01:28:04.515] - eth_call
[2024/12/04 01:28:04.537] - eth_call
[2024/12/04 01:28:04.551] - eth_call
[2024/12/04 01:28:04.552] - eth_call
[2024/12/04 01:28:10.439] - eth_blockNumber
[2024/12/04 01:28:11.729] - eth_call
[2024/12/04 01:28:11.739] - eth_call
[2024/12/04 01:28:11.748] - eth_call
[2024/12/04 01:28:11.749] - eth_call
[2024/12/04 01:28:29.075] - eth_call
[2024/12/04 01:28:29.084] - eth_call
[2024/12/04 01:28:29.095] - eth_call
[2024/12/04 01:28:29.097] - eth_call
[2024/12/04 01:28:30.448] - eth_blockNumber
[2024/12/04 01:28:50.464] - eth_blockNumber
[2024/12/04 01:29:10.479] - eth_blockNumber
[2024/12/04 01:29:30.485] - eth_blockNumber
[2024/12/04 01:29:50.504] - eth_blockNumber
[2024/12/04 01:29:58.367] - net_version
[2024/12/04 01:29:58.407] - eth_call
[2024/12/04 01:29:58.416] - eth_call
[2024/12/04 01:29:58.481] - eth_call
[2024/12/04 01:29:58.483] - eth_call
[2024/12/04 01:29:59.316] - eth_call
[2024/12/04 01:29:59.329] - eth_call
[2024/12/04 01:29:59.344] - eth_call
[2024/12/04 01:29:59.345] - eth_call
[2024/12/04 01:30:03.278] - eth_sendRawTransaction
[2024/12/04 01:30:03.286] - 
  Transaction: 0x7208dfa022e4d2a0b9120d1c059ce13b7164a80ad1a1d151548e640361862a18
  Gas usage: 21281
  Block number: 24
  Block time: Wed Dec 04 2024 01:30:03 GMT+0530 (India Standard Time)
  Runtime error: revert

[2024/12/04 01:30:03.290] - eth_getBlockByNumber
[2024/12/04 01:30:03.299] - eth_call
[2024/12/04 01:30:03.310] - eth_call
[2024/12/04 01:30:03.319] - eth_call
[2024/12/04 01:30:03.320] - eth_call
[2024/12/04 01:30:03.348] - eth_getBalance
[2024/12/04 01:30:03.355] - eth_getTransactionCount
[2024/12/04 01:30:03.363] - eth_getBalance
[2024/12/04 01:30:03.370] - eth_getTransactionCount
[2024/12/04 01:30:03.377] - eth_getBalance
[2024/12/04 01:30:03.384] - eth_getTransactionCount
[2024/12/04 01:30:03.389] - eth_getBalance
[2024/12/04 01:30:03.396] - eth_getTransactionCount
[2024/12/04 01:30:03.402] - eth_getBalance
[2024/12/04 01:30:03.409] - eth_getTransactionCount
[2024/12/04 01:30:03.414] - eth_getBalance
[2024/12/04 01:30:03.420] - eth_getTransactionCount
[2024/12/04 01:30:03.432] - eth_getBalance
[2024/12/04 01:30:03.441] - eth_getTransactionCount
[2024/12/04 01:30:03.450] - eth_getBalance
[2024/12/04 01:30:03.460] - eth_getTransactionCount
[2024/12/04 01:30:03.470] - eth_getBalance
[2024/12/04 01:30:03.479] - eth_getTransactionCount
[2024/12/04 01:30:03.489] - eth_getBalance
[2024/12/04 01:30:03.499] - eth_getTransactionCount
[2024/12/04 01:30:10.509] - eth_blockNumber
[2024/12/04 01:41:51.405] - eth_blockNumber
[2024/12/04 01:41:51.415] - net_version
[2024/12/04 01:41:51.419] - eth_accounts
[2024/12/04 01:41:51.431] - eth_accounts
[2024/12/04 01:42:09.189] - eth_getBlockByNumber
[2024/12/04 01:42:22.482] - eth_blockNumber
[2024/12/04 01:42:22.487] - eth_getBalance
[2024/12/04 01:42:22.488] - eth_getBalance
[2024/12/04 01:42:22.490] - eth_getBalance
[2024/12/04 01:42:22.491] - eth_getBlockByNumber
[2024/12/04 01:42:22.685] - eth_blockNumber
[2024/12/04 01:42:23.407] - eth_gasPrice
[2024/12/04 01:42:40.151] - eth_blockNumber
[2024/12/04 01:43:00.160] - eth_blockNumber
[2024/12/04 01:43:03.842] - eth_getBlockByNumber
[2024/12/04 01:43:03.881] - eth_getTransactionReceipt
[2024/12/04 01:43:03.907] - eth_getBlockByNumber
[2024/12/04 01:43:03.936] - eth_getTransactionReceipt
[2024/12/04 01:43:03.954] - eth_getBlockByNumber
[2024/12/04 01:43:03.967] - eth_getTransactionReceipt
[2024/12/04 01:43:03.987] - eth_getBlockByNumber
[2024/12/04 01:43:04.001] - eth_getTransactionReceipt
[2024/12/04 01:43:04.021] - eth_getBlockByNumber
[2024/12/04 01:43:04.036] - eth_getTransactionReceipt
[2024/12/04 01:43:04.050] - eth_getBlockByNumber
[2024/12/04 01:43:04.066] - eth_getTransactionReceipt
[2024/12/04 01:43:04.096] - eth_getBlockByNumber
[2024/12/04 01:43:04.109] - eth_getTransactionReceipt
[2024/12/04 01:43:04.125] - eth_getBlockByNumber
[2024/12/04 01:43:04.138] - eth_getTransactionReceipt
[2024/12/04 01:43:04.155] - eth_getBlockByNumber
[2024/12/04 01:43:04.172] - eth_getTransactionReceipt
[2024/12/04 01:43:04.189] - eth_getBlockByNumber
[2024/12/04 01:43:04.203] - eth_getTransactionReceipt
[2024/12/04 01:43:04.217] - eth_getBlockByNumber
[2024/12/04 01:43:04.232] - eth_getTransactionReceipt
[2024/12/04 01:43:05.383] - eth_getBalance
[2024/12/04 01:43:05.416] - eth_getTransactionByHash
[2024/12/04 01:43:05.438] - eth_getTransactionByHash
[2024/12/04 01:43:05.458] - eth_getTransactionByHash
[2024/12/04 01:43:05.479] - eth_getTransactionByHash
[2024/12/04 01:43:05.500] - eth_getTransactionByHash
[2024/12/04 01:43:05.542] - net_version
[2024/12/04 01:43:05.546] - eth_getCode
[2024/12/04 01:43:05.549] - eth_getBlockByNumber
[2024/12/04 01:43:05.554] - eth_getBalance
[2024/12/04 01:43:05.557] - eth_getTransactionCount
[2024/12/04 01:43:05.561] - eth_getStorageAt
[2024/12/04 01:43:05.564] - eth_getStorageAt
[2024/12/04 01:43:05.568] - eth_getStorageAt
[2024/12/04 01:43:05.571] - eth_getStorageAt
[2024/12/04 01:43:05.576] - eth_getStorageAt
[2024/12/04 01:43:07.975] - net_version
[2024/12/04 01:43:07.977] - eth_getCode
[2024/12/04 01:43:20.173] - eth_blockNumber
[2024/12/04 01:43:40.183] - eth_blockNumber
[2024/12/04 01:44:00.199] - eth_blockNumber
[2024/12/04 01:44:20.209] - eth_blockNumber
[2024/12/04 01:44:40.216] - eth_blockNumber
[2024/12/04 01:45:00.236] - eth_blockNumber
[2024/12/04 01:45:20.256] - eth_blockNumber
[2024/12/04 01:45:40.268] - eth_blockNumber
[2024/12/04 01:46:00.281] - eth_blockNumber
[2024/12/04 01:46:20.296] - eth_blockNumber
[2024/12/04 01:46:23.170] - eth_call
[2024/12/04 01:46:23.184] - eth_call
[2024/12/04 01:46:23.199] - eth_call
[2024/12/04 01:46:23.200] - eth_call
[2024/12/04 01:46:36.583] - eth_call
[2024/12/04 01:46:36.608] - eth_call
[2024/12/04 01:46:36.617] - eth_call
[2024/12/04 01:46:36.618] - eth_call
[2024/12/04 01:46:40.325] - eth_blockNumber
[2024/12/04 01:47:00.343] - eth_blockNumber
[2024/12/04 01:47:20.356] - eth_blockNumber
[2024/12/04 01:47:35.592] - net_version
[2024/12/04 01:47:35.608] - eth_getCode
[2024/12/04 01:47:35.882] - eth_call
[2024/12/04 01:47:35.891] - eth_call
[2024/12/04 01:47:35.965] - eth_call
[2024/12/04 01:47:35.967] - eth_call
[2024/12/04 01:47:36.784] - eth_call
[2024/12/04 01:47:36.789] - eth_getStorageAt
[2024/12/04 01:47:36.790] - eth_getStorageAt
[2024/12/04 01:47:36.798] - eth_call
[2024/12/04 01:47:36.804] - eth_getTransactionCount
[2024/12/04 01:47:36.814] - eth_call
[2024/12/04 01:47:36.815] - eth_call
[2024/12/04 01:47:39.523] - eth_sendRawTransaction
[2024/12/04 01:47:39.531] - 
  Transaction: 0xd0de622369a117364bf40b09fe66383da2fa7d619fa61da89c77bbb48c29cc85
  Gas usage: 21281
  Block number: 25
  Block time: Wed Dec 04 2024 01:47:39 GMT+0530 (India Standard Time)
  Runtime error: revert

[2024/12/04 01:47:39.534] - eth_getBlockByNumber
[2024/12/04 01:47:39.547] - eth_call
[2024/12/04 01:47:39.558] - eth_getBalance
[2024/12/04 01:47:39.561] - eth_call
[2024/12/04 01:47:39.566] - eth_getTransactionCount
[2024/12/04 01:47:39.573] - eth_call
[2024/12/04 01:47:39.574] - eth_call
[2024/12/04 01:47:39.578] - eth_getBalance
[2024/12/04 01:47:39.586] - eth_getTransactionCount
[2024/12/04 01:47:39.594] - eth_getBalance
[2024/12/04 01:47:39.600] - eth_getTransactionCount
[2024/12/04 01:47:39.606] - eth_getBalance
[2024/12/04 01:47:39.612] - eth_getTransactionCount
[2024/12/04 01:47:39.617] - eth_getBalance
[2024/12/04 01:47:39.623] - eth_getTransactionCount
[2024/12/04 01:47:39.629] - eth_getBalance
[2024/12/04 01:47:39.633] - eth_getTransactionCount
[2024/12/04 01:47:39.639] - eth_getBalance
[2024/12/04 01:47:39.644] - eth_getTransactionCount
[2024/12/04 01:47:39.661] - eth_getBalance
[2024/12/04 01:47:39.667] - eth_getTransactionCount
[2024/12/04 01:47:39.676] - eth_getBalance
[2024/12/04 01:47:39.683] - eth_getTransactionCount
[2024/12/04 01:47:39.691] - eth_getBalance
[2024/12/04 01:47:39.698] - eth_getTransactionCount
[2024/12/04 01:47:40.368] - eth_blockNumber
[2024/12/04 01:48:16.873] - eth_unsubscribe
[2024/12/04 01:48:16.874] - eth_unsubscribe
