[2024/12/07 19:10:43.452] - Starting server with initial configuration: {"gasLimit":6721975,"gasPrice":20000000000,"hardfork":"merge","hostname":"127.0.0.1","port":7545,"network_id":5777,"default_balance_ether":100,"total_accounts":10,"unlocked_accounts":[],"locked":false,"vmErrorsOnRPCResponse":true,"verbose":false,"flavor":"ethereum","db_path":"C:\\Users\\ASUS\\AppData\\Roaming\\Ganache\\ui\\workspaces\\escrow\\chaindata","mnemonic":"indoor puppy shield south high ancient amazing enter later frost kit nation","logDirectory":"C:\\Users\\ASUS\\OneDrive\\Desktop\\DeliverEase\\DeliverEase\\payment-gateway"}
[2024/12/07 19:10:43.580] - eth_getCode
[2024/12/07 19:10:43.581] - eth_subscribe
[2024/12/07 19:10:43.582] - eth_getLogs
[2024/12/07 19:10:43.583] - eth_subscribe
[2024/12/07 19:10:43.588] - eth_getCode
[2024/12/07 19:10:43.627] - eth_subscribe
[2024/12/07 19:10:43.628] - eth_getLogs
[2024/12/07 19:10:43.629] - eth_subscribe
[2024/12/07 19:10:43.629] - eth_getCode
[2024/12/07 19:10:43.683] - eth_blockNumber
[2024/12/07 19:10:43.683] - eth_accounts
[2024/12/07 19:10:43.684] - eth_gasPrice
[2024/12/07 19:10:43.684] - eth_getBlockByNumber
[2024/12/07 19:10:43.685] - eth_subscribe
[2024/12/07 19:10:43.687] - eth_blockNumber
[2024/12/07 19:10:43.687] - eth_accounts
[2024/12/07 19:10:43.688] - eth_gasPrice
[2024/12/07 19:10:43.689] - eth_getBlockByNumber
[2024/12/07 19:10:43.689] - eth_subscribe
[2024/12/07 19:10:43.700] - eth_accounts
[2024/12/07 19:10:43.742] - eth_getBalance
[2024/12/07 19:10:43.746] - eth_getTransactionCount
[2024/12/07 19:10:43.750] - eth_getBalance
[2024/12/07 19:10:43.754] - eth_getTransactionCount
[2024/12/07 19:10:43.758] - eth_getBalance
[2024/12/07 19:10:43.761] - eth_getTransactionCount
[2024/12/07 19:10:43.767] - eth_getBalance
[2024/12/07 19:10:43.772] - eth_getTransactionCount
[2024/12/07 19:10:43.776] - eth_getBalance
[2024/12/07 19:10:43.782] - eth_getTransactionCount
[2024/12/07 19:10:43.788] - eth_getBalance
[2024/12/07 19:10:43.791] - eth_getTransactionCount
[2024/12/07 19:10:43.794] - eth_getBalance
[2024/12/07 19:10:43.798] - eth_getTransactionCount
[2024/12/07 19:10:43.803] - eth_getBalance
[2024/12/07 19:10:43.806] - eth_getTransactionCount
[2024/12/07 19:10:43.810] - eth_getBalance
[2024/12/07 19:10:43.813] - eth_getTransactionCount
[2024/12/07 19:10:43.816] - eth_getBalance
[2024/12/07 19:10:43.818] - eth_blockNumber
[2024/12/07 19:10:43.820] - eth_getTransactionCount
[2024/12/07 19:10:43.824] - eth_getBlockByNumber
[2024/12/07 19:10:43.832] - eth_getBalance
[2024/12/07 19:10:43.836] - eth_getTransactionCount
[2024/12/07 19:10:43.839] - eth_getBalance
[2024/12/07 19:10:43.843] - eth_getTransactionCount
[2024/12/07 19:10:43.846] - eth_getBalance
[2024/12/07 19:10:43.849] - eth_getTransactionCount
[2024/12/07 19:10:43.853] - eth_getBalance
[2024/12/07 19:10:43.856] - eth_getTransactionCount
[2024/12/07 19:10:43.859] - eth_getBalance
[2024/12/07 19:10:43.862] - eth_getTransactionCount
[2024/12/07 19:10:43.865] - eth_getBalance
[2024/12/07 19:10:43.867] - eth_getTransactionCount
[2024/12/07 19:10:43.870] - eth_getBalance
[2024/12/07 19:10:43.874] - eth_getTransactionCount
[2024/12/07 19:10:43.877] - eth_getBalance
[2024/12/07 19:10:43.880] - eth_getTransactionCount
[2024/12/07 19:10:43.883] - eth_getBalance
[2024/12/07 19:10:43.886] - eth_getTransactionCount
[2024/12/07 19:10:43.888] - eth_getBalance
[2024/12/07 19:10:43.891] - eth_getTransactionCount
[2024/12/07 19:10:43.895] - eth_getBalance
[2024/12/07 19:10:43.898] - eth_getTransactionCount
[2024/12/07 19:10:43.900] - eth_getBalance
[2024/12/07 19:10:43.903] - eth_getTransactionCount
[2024/12/07 19:10:43.906] - eth_getBalance
[2024/12/07 19:10:43.909] - eth_getTransactionCount
[2024/12/07 19:10:43.912] - eth_getBalance
[2024/12/07 19:10:43.916] - eth_getTransactionCount
[2024/12/07 19:10:43.919] - eth_getBalance
[2024/12/07 19:10:43.923] - eth_getTransactionCount
[2024/12/07 19:10:43.926] - eth_getBalance
[2024/12/07 19:10:43.929] - eth_getTransactionCount
[2024/12/07 19:10:43.932] - eth_getBalance
[2024/12/07 19:10:43.936] - eth_getTransactionCount
[2024/12/07 19:10:43.943] - eth_getBalance
[2024/12/07 19:10:43.951] - eth_getTransactionCount
[2024/12/07 19:10:43.954] - eth_getBalance
[2024/12/07 19:10:43.957] - eth_getTransactionCount
[2024/12/07 19:10:43.959] - eth_getBalance
[2024/12/07 19:10:43.962] - eth_getTransactionCount
[2024/12/07 19:10:44.021] - eth_getTransactionCount
[2024/12/07 19:10:44.024] - eth_getBalance
[2024/12/07 19:10:44.027] - eth_getTransactionCount
[2024/12/07 19:10:44.029] - eth_getBalance
[2024/12/07 19:10:44.034] - eth_getTransactionCount
[2024/12/07 19:10:44.036] - net_version
[2024/12/07 19:10:44.037] - eth_getBalance
[2024/12/07 19:10:44.038] - net_version
[2024/12/07 19:10:44.040] - net_version
[2024/12/07 19:10:44.041] - net_version
[2024/12/07 19:10:44.042] - net_version
[2024/12/07 19:10:44.042] - eth_getTransactionCount
[2024/12/07 19:10:44.043] - net_version
[2024/12/07 19:10:44.044] - eth_getBalance
[2024/12/07 19:10:44.048] - eth_getTransactionCount
[2024/12/07 19:10:44.051] - eth_getBalance
[2024/12/07 19:10:44.054] - eth_getTransactionCount
[2024/12/07 19:10:44.058] - eth_getBalance
[2024/12/07 19:10:44.061] - eth_getTransactionCount
[2024/12/07 19:10:44.063] - eth_getBalance
[2024/12/07 19:10:44.066] - eth_getTransactionCount
[2024/12/07 19:10:44.069] - eth_getBalance
[2024/12/07 19:10:44.072] - eth_getTransactionCount
[2024/12/07 19:10:44.075] - eth_getBalance
[2024/12/07 19:10:44.079] - eth_getTransactionCount
[2024/12/07 19:10:53.026] - eth_blockNumber
[2024/12/07 19:10:53.037] - net_version
[2024/12/07 19:10:53.040] - eth_accounts
[2024/12/07 19:10:53.052] - eth_accounts
[2024/12/07 19:11:34.543] - eth_blockNumber
[2024/12/07 19:11:34.559] - net_version
[2024/12/07 19:11:34.563] - eth_accounts
[2024/12/07 19:11:34.582] - eth_getBlockByNumber
[2024/12/07 19:11:34.592] - eth_getCode
[2024/12/07 19:11:34.642] - eth_call
[2024/12/07 19:15:34.473] - eth_blockNumber
[2024/12/07 19:15:54.484] - eth_blockNumber
[2024/12/07 19:15:54.757] - eth_blockNumber
[2024/12/07 19:15:54.759] - eth_getBalance
[2024/12/07 19:15:54.760] - eth_getBalance
[2024/12/07 19:15:54.761] - eth_getBalance
[2024/12/07 19:15:54.923] - eth_blockNumber
[2024/12/07 19:15:55.282] - eth_gasPrice
[2024/12/07 19:16:14.494] - eth_blockNumber
[2024/12/07 19:16:34.512] - eth_blockNumber
[2024/12/07 19:16:54.521] - eth_blockNumber
[2024/12/07 19:16:59.887] - net_version
[2024/12/07 19:16:59.912] - eth_getCode
[2024/12/07 19:16:59.935] - eth_call
[2024/12/07 19:16:59.971] - eth_call
[2024/12/07 19:16:59.988] - eth_call
[2024/12/07 19:16:59.989] - eth_call
[2024/12/07 19:17:09.560] - eth_blockNumber
[2024/12/07 19:17:09.622] - eth_call
[2024/12/07 19:17:09.628] - eth_getStorageAt
[2024/12/07 19:17:09.629] - eth_getStorageAt
[2024/12/07 19:17:09.634] - eth_getTransactionCount
[2024/12/07 19:17:09.651] - eth_call
[2024/12/07 19:17:09.664] - eth_call
[2024/12/07 19:17:09.665] - eth_call
[2024/12/07 19:17:14.533] - eth_blockNumber
[2024/12/07 19:17:34.550] - eth_blockNumber
[2024/12/07 19:17:54.568] - eth_blockNumber
[2024/12/07 19:18:14.581] - eth_blockNumber
[2024/12/07 19:18:15.519] - eth_call
[2024/12/07 19:18:15.538] - eth_call
[2024/12/07 19:18:15.562] - eth_call
[2024/12/07 19:18:15.563] - eth_call
[2024/12/07 19:18:34.594] - eth_blockNumber
[2024/12/07 19:18:41.975] - eth_sendRawTransaction
[2024/12/07 19:18:42.012] - 
  Transaction: 0x08d6e60c7dd831bfaf7eded54b4c73c6f57b7a891ff43a62f8270a700b3953bc
  Gas usage: 21281
  Block number: 37
  Block time: Sat Dec 07 2024 19:18:41 GMT+0530 (India Standard Time)
  Runtime error: revert

[2024/12/07 19:18:42.020] - eth_getBlockByNumber
[2024/12/07 19:18:42.028] - eth_call
[2024/12/07 19:18:42.051] - eth_getBalance
[2024/12/07 19:18:42.060] - eth_call
[2024/12/07 19:18:42.074] - eth_call
[2024/12/07 19:18:42.075] - eth_call
[2024/12/07 19:18:42.087] - eth_getTransactionCount
[2024/12/07 19:18:42.100] - eth_getBalance
[2024/12/07 19:18:42.112] - eth_getTransactionCount
[2024/12/07 19:18:42.124] - eth_getBalance
[2024/12/07 19:18:42.143] - eth_getTransactionCount
[2024/12/07 19:18:42.154] - eth_getBalance
[2024/12/07 19:18:42.164] - eth_getTransactionCount
[2024/12/07 19:18:42.176] - eth_getBalance
[2024/12/07 19:18:42.189] - eth_getTransactionCount
[2024/12/07 19:18:42.198] - eth_getBalance
[2024/12/07 19:18:42.210] - eth_getTransactionCount
[2024/12/07 19:18:42.219] - eth_getBalance
[2024/12/07 19:18:42.227] - eth_getTransactionCount
[2024/12/07 19:18:42.234] - eth_getBalance
[2024/12/07 19:18:42.242] - eth_getTransactionCount
[2024/12/07 19:18:42.251] - eth_getBalance
[2024/12/07 19:18:42.257] - eth_getTransactionCount
[2024/12/07 19:18:42.268] - eth_getBalance
[2024/12/07 19:18:42.306] - eth_getTransactionCount
[2024/12/07 19:18:42.438] - eth_call
[2024/12/07 19:18:42.450] - eth_call
[2024/12/07 19:18:42.609] - eth_call
[2024/12/07 19:18:42.610] - eth_call
[2024/12/07 19:18:48.331] - eth_call
[2024/12/07 19:18:48.340] - eth_call
[2024/12/07 19:18:48.352] - eth_call
[2024/12/07 19:18:48.354] - eth_call
[2024/12/07 19:18:48.364] - eth_call
[2024/12/07 19:18:48.373] - eth_call
[2024/12/07 19:18:48.395] - eth_call
[2024/12/07 19:18:48.397] - eth_call
[2024/12/07 19:18:54.601] - eth_blockNumber
[2024/12/07 19:19:32.504] - eth_blockNumber
[2024/12/07 19:19:32.508] - eth_getBlockByNumber
[2024/12/07 19:19:32.516] - eth_blockNumber
[2024/12/07 19:19:32.524] - eth_getCode
[2024/12/07 19:19:32.535] - eth_call
[2024/12/07 19:19:32.606] - eth_call
[2024/12/07 19:19:32.622] - eth_call
[2024/12/07 19:19:32.624] - eth_call
[2024/12/07 19:19:32.882] - eth_gasPrice
[2024/12/07 19:19:33.535] - eth_blockNumber
[2024/12/07 19:19:33.539] - eth_getBalance
[2024/12/07 19:19:33.540] - eth_getBalance
[2024/12/07 19:19:33.541] - eth_getBalance
[2024/12/07 19:19:33.654] - eth_call
[2024/12/07 19:19:33.658] - eth_getStorageAt
[2024/12/07 19:19:33.660] - eth_getStorageAt
[2024/12/07 19:19:33.670] - eth_getTransactionCount
[2024/12/07 19:19:33.682] - eth_call
[2024/12/07 19:19:33.696] - eth_call
[2024/12/07 19:19:33.697] - eth_call
[2024/12/07 19:19:39.360] - eth_call
[2024/12/07 19:19:39.370] - eth_call
[2024/12/07 19:19:39.404] - eth_call
[2024/12/07 19:19:39.408] - eth_call
[2024/12/07 19:19:53.558] - eth_blockNumber
[2024/12/07 19:20:13.566] - eth_blockNumber
[2024/12/07 19:20:33.576] - eth_blockNumber
[2024/12/07 19:20:53.598] - eth_blockNumber
[2024/12/07 19:21:13.616] - eth_blockNumber
[2024/12/07 19:21:33.627] - eth_blockNumber
[2024/12/07 19:21:53.634] - eth_blockNumber
[2024/12/07 19:22:13.647] - eth_blockNumber
[2024/12/07 19:22:33.659] - eth_blockNumber
[2024/12/07 19:22:53.678] - eth_blockNumber
[2024/12/07 19:23:13.700] - eth_blockNumber
[2024/12/07 19:23:33.713] - eth_blockNumber
[2024/12/07 19:23:53.726] - eth_blockNumber
[2024/12/07 19:24:13.738] - eth_blockNumber
[2024/12/07 19:24:33.751] - eth_blockNumber
[2024/12/07 19:24:53.760] - eth_blockNumber
[2024/12/07 19:25:13.779] - eth_blockNumber
[2024/12/07 19:25:33.797] - eth_blockNumber
[2024/12/07 19:25:53.821] - eth_blockNumber
[2024/12/07 19:26:13.834] - eth_blockNumber
[2024/12/07 19:26:33.857] - eth_blockNumber
[2024/12/07 19:26:53.868] - eth_blockNumber
[2024/12/07 19:27:13.878] - eth_blockNumber
[2024/12/07 19:27:33.898] - eth_blockNumber
[2024/12/07 19:27:53.911] - eth_blockNumber
[2024/12/07 19:28:13.922] - eth_blockNumber
[2024/12/07 19:28:33.931] - eth_blockNumber
[2024/12/07 19:28:54.005] - eth_blockNumber
[2024/12/07 19:29:14.013] - eth_blockNumber
[2024/12/07 19:29:34.037] - eth_blockNumber
[2024/12/07 19:29:54.048] - eth_blockNumber
[2024/12/07 19:30:14.065] - eth_blockNumber
[2024/12/07 19:30:34.084] - eth_blockNumber
[2024/12/07 19:30:54.098] - eth_blockNumber
[2024/12/07 19:31:14.119] - eth_blockNumber
[2024/12/07 19:31:34.132] - eth_blockNumber
[2024/12/07 19:31:54.152] - eth_blockNumber
[2024/12/07 19:32:14.169] - eth_blockNumber
[2024/12/07 19:32:34.178] - eth_blockNumber
[2024/12/07 19:32:54.195] - eth_blockNumber
[2024/12/07 19:33:14.219] - eth_blockNumber
[2024/12/07 19:33:34.236] - eth_blockNumber
[2024/12/07 19:33:54.249] - eth_blockNumber
[2024/12/07 19:34:14.269] - eth_blockNumber
[2024/12/07 19:34:34.284] - eth_blockNumber
[2024/12/07 19:34:54.303] - eth_blockNumber
[2024/12/07 19:35:14.324] - eth_blockNumber
[2024/12/07 19:35:34.344] - eth_blockNumber
[2024/12/07 19:35:54.363] - eth_blockNumber
[2024/12/07 19:36:14.380] - eth_blockNumber
[2024/12/07 19:36:34.398] - eth_blockNumber
[2024/12/07 19:36:54.412] - eth_blockNumber
[2024/12/07 19:37:14.428] - eth_blockNumber
[2024/12/07 19:37:34.441] - eth_blockNumber
[2024/12/07 19:37:54.458] - eth_blockNumber
[2024/12/07 19:38:14.463] - eth_blockNumber
[2024/12/07 19:38:34.472] - eth_blockNumber
[2024/12/07 19:38:54.489] - eth_blockNumber
[2024/12/07 19:39:14.509] - eth_blockNumber
[2024/12/07 19:39:34.518] - eth_blockNumber
[2024/12/07 19:39:54.529] - eth_blockNumber
[2024/12/07 19:40:14.549] - eth_blockNumber
[2024/12/07 19:40:34.558] - eth_blockNumber
[2024/12/07 19:40:54.579] - eth_blockNumber
[2024/12/07 19:41:14.590] - eth_blockNumber
[2024/12/07 19:41:34.597] - eth_blockNumber
[2024/12/07 19:41:54.609] - eth_blockNumber
[2024/12/07 19:42:14.623] - eth_blockNumber
[2024/12/07 19:42:34.635] - eth_blockNumber
[2024/12/07 19:42:54.644] - eth_blockNumber
[2024/12/07 19:43:14.652] - eth_blockNumber
[2024/12/07 19:43:34.667] - eth_blockNumber
[2024/12/07 19:43:54.679] - eth_blockNumber
[2024/12/07 19:44:14.686] - eth_blockNumber
[2024/12/07 19:44:34.699] - eth_blockNumber
[2024/12/07 19:44:54.710] - eth_blockNumber
[2024/12/07 19:45:14.732] - eth_blockNumber
[2024/12/07 19:45:34.749] - eth_blockNumber
[2024/12/07 19:45:54.759] - eth_blockNumber
[2024/12/07 19:46:14.778] - eth_blockNumber
[2024/12/07 19:46:34.799] - eth_blockNumber
[2024/12/07 19:46:54.815] - eth_blockNumber
[2024/12/07 19:47:14.836] - eth_blockNumber
[2024/12/07 19:47:34.856] - eth_blockNumber
[2024/12/07 19:47:54.871] - eth_blockNumber
[2024/12/07 19:48:14.887] - eth_blockNumber
[2024/12/07 19:48:34.899] - eth_blockNumber
[2024/12/07 19:48:54.914] - eth_blockNumber
[2024/12/07 19:49:14.925] - eth_blockNumber
[2024/12/07 19:49:34.944] - eth_blockNumber
[2024/12/07 19:49:54.956] - eth_blockNumber
[2024/12/07 19:50:14.964] - eth_blockNumber
[2024/12/07 19:50:28.256] - eth_getBalance
[2024/12/07 19:50:28.292] - eth_getTransactionByHash
[2024/12/07 19:50:28.308] - eth_getTransactionReceipt
[2024/12/07 19:50:28.325] - eth_getTransactionByHash
[2024/12/07 19:50:28.337] - eth_getTransactionReceipt
[2024/12/07 19:50:28.348] - eth_getTransactionByHash
[2024/12/07 19:50:28.358] - eth_getTransactionReceipt
[2024/12/07 19:50:28.375] - eth_getTransactionByHash
[2024/12/07 19:50:28.387] - eth_getTransactionReceipt
[2024/12/07 19:50:28.396] - eth_getTransactionByHash
[2024/12/07 19:50:28.405] - eth_getTransactionReceipt
[2024/12/07 19:50:28.454] - net_version
[2024/12/07 19:50:28.458] - eth_getCode
[2024/12/07 19:50:28.461] - eth_getBlockByNumber
[2024/12/07 19:50:28.463] - eth_getBalance
[2024/12/07 19:50:28.465] - eth_getTransactionCount
[2024/12/07 19:50:28.468] - eth_getStorageAt
[2024/12/07 19:50:28.471] - eth_getStorageAt
[2024/12/07 19:50:28.475] - eth_getStorageAt
[2024/12/07 19:50:28.477] - eth_getStorageAt
[2024/12/07 19:50:28.483] - eth_getStorageAt
[2024/12/07 19:50:30.008] - eth_getBlockByNumber
[2024/12/07 19:50:30.032] - eth_getBlockByNumber
[2024/12/07 19:50:30.033] - net_version
[2024/12/07 19:50:30.035] - eth_getCode
[2024/12/07 19:50:30.045] - eth_getBlockByNumber
[2024/12/07 19:50:30.065] - eth_getTransactionReceipt
[2024/12/07 19:50:30.076] - eth_getBlockByNumber
[2024/12/07 19:50:30.087] - eth_getBlockByNumber
[2024/12/07 19:50:30.098] - eth_getBlockByNumber
[2024/12/07 19:50:30.108] - eth_getBlockByNumber
[2024/12/07 19:50:30.117] - eth_getTransactionReceipt
[2024/12/07 19:50:30.126] - eth_getBlockByNumber
[2024/12/07 19:50:30.136] - eth_getTransactionReceipt
[2024/12/07 19:50:30.147] - eth_getBlockByNumber
[2024/12/07 19:50:30.157] - eth_getTransactionReceipt
[2024/12/07 19:50:30.167] - eth_getBlockByNumber
[2024/12/07 19:50:30.175] - eth_getTransactionReceipt
[2024/12/07 19:50:30.186] - eth_getBlockByNumber
[2024/12/07 19:50:30.194] - eth_getTransactionReceipt
[2024/12/07 19:50:33.720] - eth_getBlockByNumber
[2024/12/07 19:50:33.735] - eth_getBlockTransactionCountByHash
[2024/12/07 19:50:33.743] - eth_getBlockByNumber
[2024/12/07 19:50:33.751] - eth_getBlockTransactionCountByHash
[2024/12/07 19:50:33.761] - eth_getBlockByNumber
[2024/12/07 19:50:33.769] - eth_getBlockTransactionCountByHash
[2024/12/07 19:50:33.778] - eth_getBlockByNumber
[2024/12/07 19:50:33.786] - eth_getBlockTransactionCountByHash
[2024/12/07 19:50:33.793] - eth_getBlockByNumber
[2024/12/07 19:50:33.802] - eth_getBlockTransactionCountByHash
[2024/12/07 19:50:33.811] - eth_getBlockByNumber
[2024/12/07 19:50:33.820] - eth_getBlockTransactionCountByHash
[2024/12/07 19:50:33.829] - eth_getBlockByNumber
[2024/12/07 19:50:33.836] - eth_getBlockTransactionCountByHash
[2024/12/07 19:50:33.847] - eth_getBlockByNumber
[2024/12/07 19:50:33.856] - eth_getBlockTransactionCountByHash
[2024/12/07 19:50:33.867] - eth_getBlockByNumber
[2024/12/07 19:50:33.876] - eth_getBlockTransactionCountByHash
[2024/12/07 19:50:33.883] - eth_getBlockByNumber
[2024/12/07 19:50:33.892] - eth_getBlockTransactionCountByHash
[2024/12/07 19:50:33.900] - eth_getBlockByNumber
[2024/12/07 19:50:33.910] - eth_getBlockTransactionCountByHash
[2024/12/07 19:50:33.923] - eth_getBlockByNumber
[2024/12/07 19:50:33.935] - eth_getBlockTransactionCountByHash
[2024/12/07 19:50:33.942] - eth_getBlockByNumber
[2024/12/07 19:50:33.951] - eth_getBlockTransactionCountByHash
[2024/12/07 19:50:33.959] - eth_getBlockByNumber
[2024/12/07 19:50:33.967] - eth_getBlockTransactionCountByHash
[2024/12/07 19:50:33.979] - eth_getBlockByNumber
[2024/12/07 19:50:33.987] - eth_getBlockTransactionCountByHash
[2024/12/07 19:50:33.996] - eth_getBlockByNumber
[2024/12/07 19:50:34.005] - eth_getBlockTransactionCountByHash
[2024/12/07 19:50:34.974] - eth_blockNumber
[2024/12/07 19:50:35.501] - eth_getLogs
[2024/12/07 19:50:54.990] - eth_blockNumber
[2024/12/07 19:51:14.996] - eth_blockNumber
[2024/12/07 19:51:35.009] - eth_blockNumber
[2024/12/07 19:51:55.015] - eth_blockNumber
[2024/12/07 19:52:15.028] - eth_blockNumber
[2024/12/07 19:52:21.074] - eth_unsubscribe
[2024/12/07 19:52:21.075] - eth_unsubscribe
