[2024/12/04 09:57:47.046] - Starting server with initial configuration: {"gasLimit":6721975,"gasPrice":20000000000,"hardfork":"merge","hostname":"127.0.0.1","port":7545,"network_id":5777,"default_balance_ether":100,"total_accounts":10,"unlocked_accounts":[],"locked":false,"vmErrorsOnRPCResponse":true,"verbose":false,"flavor":"ethereum","db_path":"C:\\Users\\ASUS\\AppData\\Roaming\\Ganache\\ui\\workspaces\\escrow\\chaindata","mnemonic":"indoor puppy shield south high ancient amazing enter later frost kit nation","logDirectory":"C:\\Users\\ASUS\\OneDrive\\Desktop\\DeliverEase\\DeliverEase\\payment-gateway"}
[2024/12/04 09:57:47.208] - eth_getCode
[2024/12/04 09:57:47.209] - eth_subscribe
[2024/12/04 09:57:47.210] - eth_getLogs
[2024/12/04 09:57:47.211] - eth_subscribe
[2024/12/04 09:57:47.246] - eth_getCode
[2024/12/04 09:57:47.247] - eth_subscribe
[2024/12/04 09:57:47.248] - eth_getLogs
[2024/12/04 09:57:47.248] - eth_subscribe
[2024/12/04 09:57:47.257] - net_version
[2024/12/04 09:57:47.286] - eth_blockNumber
[2024/12/04 09:57:47.287] - net_version
[2024/12/04 09:57:47.288] - net_version
[2024/12/04 09:57:47.289] - eth_getCode
[2024/12/04 09:57:47.290] - eth_getCode
[2024/12/04 09:57:47.291] - net_version
[2024/12/04 09:57:47.295] - eth_getBlockByNumber
[2024/12/04 09:57:47.525] - eth_blockNumber
[2024/12/04 09:57:47.525] - eth_accounts
[2024/12/04 09:57:47.526] - eth_gasPrice
[2024/12/04 09:57:47.526] - eth_getBlockByNumber
[2024/12/04 09:57:47.527] - eth_subscribe
[2024/12/04 09:57:47.528] - eth_blockNumber
[2024/12/04 09:57:47.529] - eth_accounts
[2024/12/04 09:57:47.529] - eth_gasPrice
[2024/12/04 09:57:47.530] - eth_getBlockByNumber
[2024/12/04 09:57:47.531] - eth_subscribe
[2024/12/04 09:57:47.542] - eth_accounts
[2024/12/04 09:57:47.595] - eth_getBalance
[2024/12/04 09:57:47.599] - eth_getTransactionCount
[2024/12/04 09:57:47.603] - eth_getBalance
[2024/12/04 09:57:47.608] - eth_getTransactionCount
[2024/12/04 09:57:47.614] - eth_getBalance
[2024/12/04 09:57:47.619] - eth_getTransactionCount
[2024/12/04 09:57:47.626] - eth_getBalance
[2024/12/04 09:57:47.630] - eth_getTransactionCount
[2024/12/04 09:57:47.638] - eth_getBalance
[2024/12/04 09:57:47.645] - eth_getTransactionCount
[2024/12/04 09:57:47.653] - eth_getBalance
[2024/12/04 09:57:47.662] - eth_getTransactionCount
[2024/12/04 09:57:47.666] - eth_getBalance
[2024/12/04 09:57:47.672] - eth_getTransactionCount
[2024/12/04 09:57:47.678] - eth_getBalance
[2024/12/04 09:57:47.686] - eth_getTransactionCount
[2024/12/04 09:57:47.690] - eth_getBalance
[2024/12/04 09:57:47.694] - eth_getTransactionCount
[2024/12/04 09:57:47.698] - eth_getBalance
[2024/12/04 09:57:47.708] - eth_getTransactionCount
[2024/12/04 09:57:47.722] - eth_getBalance
[2024/12/04 09:57:47.727] - eth_getTransactionCount
[2024/12/04 09:57:47.732] - eth_getBalance
[2024/12/04 09:57:47.739] - eth_getTransactionCount
[2024/12/04 09:57:47.745] - eth_getBalance
[2024/12/04 09:57:47.753] - eth_getTransactionCount
[2024/12/04 09:57:47.760] - eth_getBalance
[2024/12/04 09:57:47.771] - eth_getTransactionCount
[2024/12/04 09:57:47.777] - eth_getBalance
[2024/12/04 09:57:47.781] - eth_getTransactionCount
[2024/12/04 09:57:47.786] - eth_getBalance
[2024/12/04 09:57:47.789] - eth_getTransactionCount
[2024/12/04 09:57:47.792] - eth_getBalance
[2024/12/04 09:57:47.797] - eth_getTransactionCount
[2024/12/04 09:57:47.800] - eth_getBalance
[2024/12/04 09:57:47.804] - eth_getTransactionCount
[2024/12/04 09:57:47.807] - eth_getBalance
[2024/12/04 09:57:47.812] - eth_getTransactionCount
[2024/12/04 09:57:47.816] - eth_getBalance
[2024/12/04 09:57:47.820] - eth_getTransactionCount
[2024/12/04 09:57:47.824] - eth_getBalance
[2024/12/04 09:57:47.828] - eth_getTransactionCount
[2024/12/04 09:57:47.832] - eth_getBalance
[2024/12/04 09:57:47.836] - eth_getTransactionCount
[2024/12/04 09:57:47.839] - eth_getBalance
[2024/12/04 09:57:47.843] - eth_getTransactionCount
[2024/12/04 09:57:47.847] - eth_getBalance
[2024/12/04 09:57:47.853] - eth_getTransactionCount
[2024/12/04 09:57:47.858] - eth_getBalance
[2024/12/04 09:57:47.863] - eth_getTransactionCount
[2024/12/04 09:57:47.868] - eth_getBalance
[2024/12/04 09:57:47.874] - eth_getTransactionCount
[2024/12/04 09:57:47.878] - eth_getBalance
[2024/12/04 09:57:47.882] - eth_getTransactionCount
[2024/12/04 09:57:47.885] - eth_getBalance
[2024/12/04 09:57:47.890] - eth_getTransactionCount
[2024/12/04 09:57:47.894] - eth_getBalance
[2024/12/04 09:57:47.897] - eth_getTransactionCount
[2024/12/04 09:57:47.903] - eth_getBalance
[2024/12/04 09:57:47.905] - eth_getTransactionCount
[2024/12/04 09:57:47.981] - eth_getBalance
[2024/12/04 09:57:47.985] - eth_getTransactionCount
[2024/12/04 09:57:47.990] - eth_getBalance
[2024/12/04 09:57:47.993] - eth_getTransactionCount
[2024/12/04 09:57:47.997] - eth_getBalance
[2024/12/04 09:57:48.000] - eth_getTransactionCount
[2024/12/04 09:57:48.003] - eth_getBalance
[2024/12/04 09:57:48.007] - eth_getTransactionCount
[2024/12/04 09:57:48.012] - eth_getBalance
[2024/12/04 09:57:48.015] - eth_getTransactionCount
[2024/12/04 09:57:48.018] - eth_getBalance
[2024/12/04 09:57:48.022] - eth_getTransactionCount
[2024/12/04 09:57:48.027] - eth_getBalance
[2024/12/04 09:57:48.031] - eth_getTransactionCount
[2024/12/04 09:57:48.036] - eth_getBalance
[2024/12/04 09:57:48.040] - eth_getTransactionCount
[2024/12/04 09:57:48.046] - eth_getBalance
[2024/12/04 09:57:48.050] - eth_getTransactionCount
[2024/12/04 09:57:48.053] - eth_getBalance
[2024/12/04 09:57:48.056] - eth_getTransactionCount
[2024/12/04 10:00:10.051] - eth_blockNumber
[2024/12/04 10:00:30.107] - eth_blockNumber
[2024/12/04 10:00:42.001] - eth_blockNumber
[2024/12/04 10:00:42.004] - eth_getBalance
[2024/12/04 10:00:42.006] - eth_getBalance
[2024/12/04 10:00:42.008] - eth_getBalance
[2024/12/04 10:00:47.258] - eth_blockNumber
[2024/12/04 10:00:47.600] - eth_blockNumber
[2024/12/04 10:00:47.939] - eth_gasPrice
[2024/12/04 10:01:07.279] - eth_blockNumber
[2024/12/04 10:01:27.299] - eth_blockNumber
[2024/12/04 10:01:47.325] - eth_blockNumber
[2024/12/04 10:02:07.348] - eth_blockNumber
[2024/12/04 10:02:27.362] - eth_blockNumber
[2024/12/04 10:02:47.380] - eth_blockNumber
[2024/12/04 10:03:03.472] - net_version
[2024/12/04 10:03:03.528] - eth_getCode
[2024/12/04 10:03:03.941] - eth_call
[2024/12/04 10:03:04.266] - eth_call
[2024/12/04 10:03:04.326] - eth_call
[2024/12/04 10:03:04.327] - eth_call
[2024/12/04 10:03:06.117] - eth_call
[2024/12/04 10:03:06.132] - eth_getStorageAt
[2024/12/04 10:03:06.135] - eth_getStorageAt
[2024/12/04 10:03:06.171] - eth_call
[2024/12/04 10:03:06.184] - eth_getTransactionCount
[2024/12/04 10:03:06.204] - eth_call
[2024/12/04 10:03:06.206] - eth_call
[2024/12/04 10:03:07.399] - eth_blockNumber
[2024/12/04 10:03:19.971] - eth_sendRawTransaction
[2024/12/04 10:03:20.020] - 
  Transaction: 0xb81401fb99f30c85a779334d9419792717c9ff978159fa9126d06ddcb28c6394
  Gas usage: 21281
  Block number: 26
  Block time: Wed Dec 04 2024 10:03:19 GMT+0530 (India Standard Time)
  Runtime error: revert

[2024/12/04 10:03:20.032] - eth_getBlockByNumber
[2024/12/04 10:03:20.065] - eth_call
[2024/12/04 10:03:20.110] - eth_getBalance
[2024/12/04 10:03:20.126] - eth_getTransactionCount
[2024/12/04 10:03:20.138] - eth_getBalance
[2024/12/04 10:03:20.149] - eth_getTransactionCount
[2024/12/04 10:03:20.157] - eth_call
[2024/12/04 10:03:20.163] - eth_getBalance
[2024/12/04 10:03:20.168] - eth_getTransactionCount
[2024/12/04 10:03:20.177] - eth_getBalance
[2024/12/04 10:03:20.178] - eth_call
[2024/12/04 10:03:20.182] - eth_call
[2024/12/04 10:03:20.187] - eth_getTransactionCount
[2024/12/04 10:03:20.192] - eth_getBalance
[2024/12/04 10:03:20.198] - eth_getTransactionCount
[2024/12/04 10:03:20.208] - eth_getBalance
[2024/12/04 10:03:20.222] - eth_getTransactionCount
[2024/12/04 10:03:20.228] - eth_getBalance
[2024/12/04 10:03:20.235] - eth_getTransactionCount
[2024/12/04 10:03:20.242] - eth_getBalance
[2024/12/04 10:03:20.250] - eth_getTransactionCount
[2024/12/04 10:03:20.256] - eth_getBalance
[2024/12/04 10:03:20.262] - eth_getTransactionCount
[2024/12/04 10:03:20.266] - eth_getBalance
[2024/12/04 10:03:20.273] - eth_getTransactionCount
[2024/12/04 10:03:27.410] - eth_blockNumber
[2024/12/04 10:05:53.287] - eth_getBlockByNumber
[2024/12/04 10:05:53.347] - eth_getTransactionReceipt
[2024/12/04 10:05:53.382] - eth_getBlockByNumber
[2024/12/04 10:05:53.411] - eth_getTransactionReceipt
[2024/12/04 10:05:53.433] - eth_getBlockByNumber
[2024/12/04 10:05:53.451] - eth_getTransactionReceipt
[2024/12/04 10:05:53.471] - eth_getBlockByNumber
[2024/12/04 10:05:53.484] - eth_getTransactionReceipt
[2024/12/04 10:05:53.502] - eth_getBlockByNumber
[2024/12/04 10:05:53.515] - eth_getTransactionReceipt
[2024/12/04 10:05:53.534] - eth_getBlockByNumber
[2024/12/04 10:05:53.553] - eth_getTransactionReceipt
[2024/12/04 10:05:53.584] - eth_getBlockByNumber
[2024/12/04 10:05:53.597] - eth_getTransactionReceipt
[2024/12/04 10:05:53.616] - eth_getBlockByNumber
[2024/12/04 10:05:53.634] - eth_getTransactionReceipt
[2024/12/04 10:05:53.668] - eth_getBlockByNumber
[2024/12/04 10:05:53.681] - eth_getTransactionReceipt
[2024/12/04 10:05:53.697] - eth_getBlockByNumber
[2024/12/04 10:05:53.755] - eth_getTransactionReceipt
[2024/12/04 10:05:53.780] - eth_getBlockByNumber
[2024/12/04 10:05:53.799] - eth_getTransactionReceipt
[2024/12/04 10:05:54.724] - eth_getBalance
[2024/12/04 10:05:54.781] - eth_getTransactionByHash
[2024/12/04 10:05:54.804] - eth_getTransactionByHash
[2024/12/04 10:05:54.822] - eth_getTransactionByHash
[2024/12/04 10:05:54.839] - eth_getTransactionByHash
[2024/12/04 10:05:54.854] - eth_getTransactionByHash
[2024/12/04 10:05:54.913] - net_version
[2024/12/04 10:05:54.923] - eth_getCode
[2024/12/04 10:05:54.927] - eth_getBlockByNumber
[2024/12/04 10:05:54.935] - eth_getBalance
[2024/12/04 10:05:54.940] - eth_getTransactionCount
[2024/12/04 10:05:54.947] - eth_getStorageAt
[2024/12/04 10:05:54.960] - eth_getStorageAt
[2024/12/04 10:05:54.964] - eth_getStorageAt
[2024/12/04 10:05:54.970] - eth_getStorageAt
[2024/12/04 10:05:54.981] - eth_getStorageAt
[2024/12/04 10:05:56.512] - net_version
[2024/12/04 10:05:56.514] - eth_getCode
[2024/12/04 10:19:24.812] - eth_blockNumber
[2024/12/04 10:19:24.819] - eth_blockNumber
[2024/12/04 10:19:24.839] - eth_getCode
[2024/12/04 10:19:25.329] - eth_gasPrice
[2024/12/04 10:19:25.354] - eth_call
[2024/12/04 10:19:25.384] - eth_call
[2024/12/04 10:19:25.510] - eth_call
[2024/12/04 10:19:25.517] - eth_call
[2024/12/04 10:19:26.606] - eth_blockNumber
[2024/12/04 10:19:26.614] - eth_getBalance
[2024/12/04 10:19:26.615] - eth_getBalance
[2024/12/04 10:19:26.617] - eth_getBalance
[2024/12/04 10:19:26.738] - eth_call
[2024/12/04 10:19:26.743] - eth_getStorageAt
[2024/12/04 10:19:26.745] - eth_getStorageAt
[2024/12/04 10:19:26.763] - eth_getTransactionCount
[2024/12/04 10:19:26.785] - eth_call
[2024/12/04 10:19:26.806] - eth_call
[2024/12/04 10:19:26.807] - eth_call
[2024/12/04 10:19:31.714] - eth_sendRawTransaction
[2024/12/04 10:19:31.729] - 
  Transaction: 0x5da84ceb9032d416eed11505a3285b02dad8eaa361da31f5a9851fb2955095f0
  Gas usage: 21281
  Block number: 27
  Block time: Wed Dec 04 2024 10:19:31 GMT+0530 (India Standard Time)
  Runtime error: revert

[2024/12/04 10:19:31.735] - eth_getBlockByNumber
[2024/12/04 10:19:31.752] - eth_call
[2024/12/04 10:19:31.771] - eth_call
[2024/12/04 10:19:31.776] - eth_getBalance
[2024/12/04 10:19:31.786] - eth_getTransactionCount
[2024/12/04 10:19:31.797] - eth_call
[2024/12/04 10:19:31.799] - eth_call
[2024/12/04 10:19:31.805] - eth_getBalance
[2024/12/04 10:19:31.816] - eth_getTransactionCount
[2024/12/04 10:19:31.827] - eth_getBalance
[2024/12/04 10:19:31.839] - eth_getTransactionCount
[2024/12/04 10:19:31.850] - eth_getBalance
[2024/12/04 10:19:31.859] - eth_getTransactionCount
[2024/12/04 10:19:31.868] - eth_getBalance
[2024/12/04 10:19:31.878] - eth_getTransactionCount
[2024/12/04 10:19:31.887] - eth_getBalance
[2024/12/04 10:19:31.899] - eth_getTransactionCount
[2024/12/04 10:19:31.909] - eth_getBalance
[2024/12/04 10:19:31.919] - eth_getTransactionCount
[2024/12/04 10:19:31.943] - eth_getBalance
[2024/12/04 10:19:31.957] - eth_getTransactionCount
[2024/12/04 10:19:31.974] - eth_getBalance
[2024/12/04 10:19:31.991] - eth_getTransactionCount
[2024/12/04 10:19:32.015] - eth_getBalance
[2024/12/04 10:19:32.025] - eth_getTransactionCount
[2024/12/04 10:19:46.636] - eth_blockNumber
[2024/12/04 10:23:50.109] - eth_blockNumber
[2024/12/04 10:23:50.127] - net_version
[2024/12/04 10:23:50.133] - eth_accounts
[2024/12/04 10:23:50.148] - eth_getBlockByNumber
[2024/12/04 10:23:50.160] - eth_getCode
[2024/12/04 10:23:50.210] - eth_call
[2024/12/04 10:24:32.765] - net_version
[2024/12/04 10:24:32.782] - eth_blockNumber
[2024/12/04 10:24:32.788] - eth_blockNumber
[2024/12/04 10:24:32.801] - eth_getCode
[2024/12/04 10:24:32.809] - eth_getBlockByNumber
[2024/12/04 10:24:32.816] - eth_estimateGas
[2024/12/04 10:24:33.230] - eth_gasPrice
[2024/12/04 10:24:33.252] - eth_call
[2024/12/04 10:24:33.269] - eth_call
[2024/12/04 10:24:33.401] - eth_call
[2024/12/04 10:24:33.419] - eth_call
[2024/12/04 10:24:34.287] - eth_blockNumber
[2024/12/04 10:24:34.289] - eth_getBalance
[2024/12/04 10:24:34.293] - eth_getBalance
[2024/12/04 10:24:34.295] - eth_getBalance
[2024/12/04 10:24:34.427] - eth_call
[2024/12/04 10:24:34.432] - eth_getStorageAt
[2024/12/04 10:24:34.434] - eth_getStorageAt
[2024/12/04 10:24:34.448] - eth_getTransactionCount
[2024/12/04 10:24:34.463] - eth_call
[2024/12/04 10:24:34.489] - eth_call
[2024/12/04 10:24:34.491] - eth_call
[2024/12/04 10:24:48.330] - eth_sendRawTransaction
[2024/12/04 10:24:48.346] - 
  Transaction: 0xf02282e332da6a6796a1547f894ae3ce2370db2eba135e9ad46f106fb0bcd899
  Gas usage: 21281
  Block number: 28
  Block time: Wed Dec 04 2024 10:24:48 GMT+0530 (India Standard Time)
  Runtime error: revert

[2024/12/04 10:24:48.350] - eth_getBlockByNumber
[2024/12/04 10:24:48.373] - eth_call
[2024/12/04 10:24:48.381] - eth_getBalance
[2024/12/04 10:24:48.399] - eth_call
[2024/12/04 10:24:48.431] - eth_getTransactionCount
[2024/12/04 10:24:48.442] - eth_getBalance
[2024/12/04 10:24:48.446] - eth_call
[2024/12/04 10:24:48.448] - eth_call
[2024/12/04 10:24:48.465] - eth_getTransactionCount
[2024/12/04 10:24:48.474] - eth_getBalance
[2024/12/04 10:24:48.488] - eth_getTransactionCount
[2024/12/04 10:24:48.498] - eth_getBalance
[2024/12/04 10:24:48.510] - eth_getTransactionCount
[2024/12/04 10:24:48.524] - eth_getBalance
[2024/12/04 10:24:48.535] - eth_getTransactionCount
[2024/12/04 10:24:48.558] - eth_getBalance
[2024/12/04 10:24:48.578] - eth_getTransactionCount
[2024/12/04 10:24:48.586] - eth_getBalance
[2024/12/04 10:24:48.595] - eth_getTransactionCount
[2024/12/04 10:24:48.603] - eth_getBalance
[2024/12/04 10:24:48.613] - eth_getTransactionCount
[2024/12/04 10:24:48.619] - eth_getBalance
[2024/12/04 10:24:48.628] - eth_getTransactionCount
[2024/12/04 10:24:48.635] - eth_getBalance
[2024/12/04 10:24:48.646] - eth_getTransactionCount
[2024/12/04 10:24:54.310] - eth_blockNumber
[2024/12/04 10:25:27.049] - eth_getBalance
[2024/12/04 10:25:27.108] - eth_getTransactionReceipt
[2024/12/04 10:25:27.139] - eth_getTransactionReceipt
[2024/12/04 10:25:27.164] - eth_getTransactionReceipt
[2024/12/04 10:25:27.187] - eth_getTransactionByHash
[2024/12/04 10:25:27.215] - eth_getTransactionReceipt
[2024/12/04 10:25:27.247] - eth_getTransactionByHash
[2024/12/04 10:25:27.280] - eth_getTransactionReceipt
[2024/12/04 10:25:27.348] - net_version
[2024/12/04 10:25:27.355] - eth_getCode
[2024/12/04 10:25:27.359] - eth_getBlockByNumber
[2024/12/04 10:25:27.364] - eth_getBalance
[2024/12/04 10:25:27.370] - eth_getTransactionCount
[2024/12/04 10:25:27.375] - eth_getStorageAt
[2024/12/04 10:25:27.382] - eth_getStorageAt
[2024/12/04 10:25:27.389] - eth_getStorageAt
[2024/12/04 10:25:27.395] - eth_getStorageAt
[2024/12/04 10:25:27.400] - eth_getStorageAt
[2024/12/04 10:25:29.162] - eth_getBlockByNumber
[2024/12/04 10:25:29.211] - net_version
[2024/12/04 10:25:29.216] - eth_getCode
[2024/12/04 10:25:29.249] - eth_getBlockByNumber
[2024/12/04 10:25:29.323] - eth_getTransactionReceipt
[2024/12/04 10:25:29.345] - eth_getTransactionReceipt
[2024/12/04 10:25:29.367] - eth_getTransactionReceipt
[2024/12/04 10:25:29.385] - eth_getTransactionReceipt
[2024/12/04 10:25:29.404] - eth_getTransactionReceipt
[2024/12/04 10:25:29.427] - eth_getTransactionReceipt
[2024/12/04 10:26:58.325] - eth_blockNumber
[2024/12/04 10:26:58.347] - net_version
[2024/12/04 10:26:58.353] - eth_accounts
[2024/12/04 10:26:58.371] - eth_getBlockByNumber
[2024/12/04 10:26:58.382] - eth_getCode
[2024/12/04 10:26:58.418] - eth_call
[2024/12/04 10:27:43.744] - net_version
[2024/12/04 10:27:43.763] - eth_blockNumber
[2024/12/04 10:27:43.781] - eth_blockNumber
[2024/12/04 10:27:43.800] - eth_getCode
[2024/12/04 10:27:43.810] - eth_getBlockByNumber
[2024/12/04 10:27:43.821] - eth_estimateGas
[2024/12/04 10:27:44.195] - eth_gasPrice
[2024/12/04 10:27:44.223] - eth_call
[2024/12/04 10:27:44.264] - eth_call
[2024/12/04 10:27:44.413] - eth_call
[2024/12/04 10:27:44.415] - eth_call
[2024/12/04 10:27:45.495] - eth_blockNumber
[2024/12/04 10:27:45.500] - eth_getBalance
[2024/12/04 10:27:45.502] - eth_getBalance
[2024/12/04 10:27:45.504] - eth_getBalance
[2024/12/04 10:27:45.653] - eth_call
[2024/12/04 10:27:45.661] - eth_getStorageAt
[2024/12/04 10:27:45.664] - eth_getStorageAt
[2024/12/04 10:27:45.690] - eth_getTransactionCount
[2024/12/04 10:27:45.711] - eth_call
[2024/12/04 10:27:45.730] - eth_call
[2024/12/04 10:27:45.732] - eth_call
[2024/12/04 10:27:50.866] - eth_sendRawTransaction
[2024/12/04 10:27:50.879] - 
  Transaction: 0x95b11c8cf332033a52f842434c75740060b9271b76ae11ec3a38c5ff5f928832
  Gas usage: 21281
  Block number: 29
  Block time: Wed Dec 04 2024 10:27:50 GMT+0530 (India Standard Time)
  Runtime error: revert

[2024/12/04 10:27:50.884] - eth_getBlockByNumber
[2024/12/04 10:27:50.901] - eth_call
[2024/12/04 10:27:50.920] - eth_call
[2024/12/04 10:27:50.928] - eth_getBalance
[2024/12/04 10:27:50.938] - eth_call
[2024/12/04 10:27:50.939] - eth_call
[2024/12/04 10:27:50.945] - eth_getTransactionCount
[2024/12/04 10:27:50.959] - eth_getBalance
[2024/12/04 10:27:50.969] - eth_getTransactionCount
[2024/12/04 10:27:50.979] - eth_getBalance
[2024/12/04 10:27:50.987] - eth_getTransactionCount
[2024/12/04 10:27:50.996] - eth_getBalance
[2024/12/04 10:27:51.010] - eth_getTransactionCount
[2024/12/04 10:27:51.020] - eth_getBalance
[2024/12/04 10:27:51.028] - eth_getTransactionCount
[2024/12/04 10:27:51.037] - eth_getBalance
[2024/12/04 10:27:51.044] - eth_getTransactionCount
[2024/12/04 10:27:51.052] - eth_getBalance
[2024/12/04 10:27:51.062] - eth_getTransactionCount
[2024/12/04 10:27:51.071] - eth_getBalance
[2024/12/04 10:27:51.079] - eth_getTransactionCount
[2024/12/04 10:27:51.097] - eth_getBalance
[2024/12/04 10:27:51.120] - eth_getTransactionCount
[2024/12/04 10:27:51.129] - eth_getBalance
[2024/12/04 10:27:51.136] - eth_getTransactionCount
[2024/12/04 10:28:05.532] - eth_blockNumber
[2024/12/04 10:28:08.311] - eth_getBalance
[2024/12/04 10:28:08.358] - eth_getTransactionReceipt
[2024/12/04 10:28:08.386] - eth_getTransactionReceipt
[2024/12/04 10:28:08.409] - eth_getTransactionReceipt
[2024/12/04 10:28:08.433] - eth_getTransactionReceipt
[2024/12/04 10:28:08.462] - eth_getTransactionByHash
[2024/12/04 10:28:08.488] - eth_getTransactionReceipt
[2024/12/04 10:28:08.548] - net_version
[2024/12/04 10:28:08.554] - eth_getCode
[2024/12/04 10:28:08.559] - eth_getBlockByNumber
[2024/12/04 10:28:08.565] - eth_getBalance
[2024/12/04 10:28:08.570] - eth_getTransactionCount
[2024/12/04 10:28:08.576] - eth_getStorageAt
[2024/12/04 10:28:08.581] - eth_getStorageAt
[2024/12/04 10:28:08.587] - eth_getStorageAt
[2024/12/04 10:28:08.602] - eth_getStorageAt
[2024/12/04 10:28:08.608] - eth_getStorageAt
[2024/12/04 10:28:10.440] - eth_getBlockByNumber
[2024/12/04 10:28:10.474] - net_version
[2024/12/04 10:28:10.477] - eth_getCode
[2024/12/04 10:28:10.519] - eth_getTransactionReceipt
[2024/12/04 10:28:10.541] - eth_getTransactionReceipt
[2024/12/04 10:28:10.560] - eth_getTransactionReceipt
[2024/12/04 10:28:10.577] - eth_getTransactionReceipt
[2024/12/04 10:28:10.600] - eth_getTransactionReceipt
[2024/12/04 10:28:10.624] - eth_getTransactionReceipt
[2024/12/04 10:31:03.436] - eth_blockNumber
[2024/12/04 10:31:03.442] - eth_getBalance
[2024/12/04 10:31:03.443] - eth_getBalance
[2024/12/04 10:31:03.445] - eth_getBalance
[2024/12/04 10:31:03.447] - eth_getBlockByNumber
[2024/12/04 10:31:03.833] - eth_blockNumber
[2024/12/04 10:31:04.115] - eth_gasPrice
[2024/12/04 10:31:35.141] - eth_blockNumber
[2024/12/04 10:31:55.166] - eth_blockNumber
[2024/12/04 10:32:15.221] - eth_blockNumber
[2024/12/04 10:32:19.675] - eth_getBalance
[2024/12/04 10:32:35.245] - eth_blockNumber
[2024/12/04 10:33:54.835] - eth_blockNumber
[2024/12/04 10:33:54.859] - net_version
[2024/12/04 10:33:54.864] - eth_accounts
[2024/12/04 10:33:54.879] - eth_getBlockByNumber
[2024/12/04 10:33:54.887] - eth_getCode
[2024/12/04 10:33:54.917] - eth_call
[2024/12/04 10:34:45.773] - net_version
[2024/12/04 10:34:45.799] - eth_blockNumber
[2024/12/04 10:34:45.823] - eth_getCode
[2024/12/04 10:34:45.858] - eth_estimateGas
[2024/12/04 10:34:46.210] - eth_call
[2024/12/04 10:34:46.240] - eth_call
[2024/12/04 10:34:46.367] - eth_call
[2024/12/04 10:34:46.369] - eth_call
[2024/12/04 10:34:47.976] - eth_blockNumber
[2024/12/04 10:34:48.133] - eth_call
[2024/12/04 10:34:48.137] - eth_getStorageAt
[2024/12/04 10:34:48.139] - eth_getStorageAt
[2024/12/04 10:34:48.159] - eth_getTransactionCount
[2024/12/04 10:34:48.206] - eth_call
[2024/12/04 10:34:48.226] - eth_call
[2024/12/04 10:34:48.227] - eth_call
[2024/12/04 10:34:56.373] - eth_sendRawTransaction
[2024/12/04 10:34:56.386] - 
  Transaction: 0x1d693e06394f370475bc5c42f6dfb35eb1b04c7b8ebcc76ea2490df14585db5b
  Gas usage: 21281
  Block number: 30
  Block time: Wed Dec 04 2024 10:34:56 GMT+0530 (India Standard Time)
  Runtime error: revert

[2024/12/04 10:34:56.391] - eth_getBlockByNumber
[2024/12/04 10:34:56.408] - eth_call
[2024/12/04 10:34:56.428] - eth_call
[2024/12/04 10:34:56.444] - eth_call
[2024/12/04 10:34:56.449] - eth_call
[2024/12/04 10:34:56.463] - eth_getBalance
[2024/12/04 10:34:56.473] - eth_getTransactionCount
[2024/12/04 10:34:56.485] - eth_getBalance
[2024/12/04 10:34:56.497] - eth_getTransactionCount
[2024/12/04 10:34:56.506] - eth_getBalance
[2024/12/04 10:34:56.518] - eth_getTransactionCount
[2024/12/04 10:34:56.531] - eth_getBalance
[2024/12/04 10:34:56.540] - eth_getTransactionCount
[2024/12/04 10:34:56.550] - eth_getBalance
[2024/12/04 10:34:56.563] - eth_getTransactionCount
[2024/12/04 10:34:56.574] - eth_getBalance
[2024/12/04 10:34:56.592] - eth_getTransactionCount
[2024/12/04 10:34:56.609] - eth_getBalance
[2024/12/04 10:34:56.623] - eth_getTransactionCount
[2024/12/04 10:34:56.637] - eth_getBalance
[2024/12/04 10:34:56.659] - eth_getTransactionCount
[2024/12/04 10:34:56.670] - eth_getBalance
[2024/12/04 10:34:56.683] - eth_getTransactionCount
[2024/12/04 10:34:56.694] - eth_getBalance
[2024/12/04 10:34:56.703] - eth_getTransactionCount
[2024/12/04 10:35:04.334] - eth_getBlockByNumber
[2024/12/04 10:35:04.445] - eth_getTransactionReceipt
[2024/12/04 10:35:04.508] - eth_getTransactionReceipt
[2024/12/04 10:35:04.569] - eth_getTransactionReceipt
[2024/12/04 10:35:04.635] - eth_getTransactionReceipt
[2024/12/04 10:35:04.737] - eth_getTransactionReceipt
[2024/12/04 10:35:04.794] - eth_getTransactionReceipt
[2024/12/04 10:35:04.860] - eth_getTransactionReceipt
[2024/12/04 10:35:04.927] - eth_getTransactionReceipt
[2024/12/04 10:35:04.988] - eth_getTransactionReceipt
[2024/12/04 10:35:05.038] - eth_getTransactionReceipt
[2024/12/04 10:35:05.096] - eth_getTransactionReceipt
[2024/12/04 10:35:05.451] - eth_getBalance
[2024/12/04 10:35:05.605] - eth_getTransactionByHash
[2024/12/04 10:35:05.692] - net_version
[2024/12/04 10:35:05.698] - eth_getCode
[2024/12/04 10:35:05.706] - eth_getBlockByNumber
[2024/12/04 10:35:05.714] - eth_getBalance
[2024/12/04 10:35:05.721] - eth_getTransactionCount
[2024/12/04 10:35:05.728] - eth_getStorageAt
[2024/12/04 10:35:05.739] - eth_getStorageAt
[2024/12/04 10:35:05.746] - eth_getStorageAt
[2024/12/04 10:35:05.756] - eth_getStorageAt
[2024/12/04 10:35:05.764] - eth_getStorageAt
[2024/12/04 10:35:07.998] - eth_blockNumber
[2024/12/04 10:35:08.498] - net_version
[2024/12/04 10:35:08.503] - eth_getCode
[2024/12/04 11:12:55.680] - eth_blockNumber
[2024/12/04 11:12:55.698] - net_version
[2024/12/04 11:12:55.703] - eth_accounts
[2024/12/04 11:12:55.723] - eth_accounts
[2024/12/04 11:13:27.318] - eth_accounts
[2024/12/04 11:17:27.852] - eth_blockNumber
[2024/12/04 11:17:27.881] - eth_getBalance
[2024/12/04 11:17:27.886] - eth_getBalance
[2024/12/04 11:17:27.887] - eth_getBalance
[2024/12/04 11:17:27.888] - eth_getBlockByNumber
[2024/12/04 11:18:59.905] - eth_blockNumber
[2024/12/04 11:19:00.118] - eth_blockNumber
[2024/12/04 11:19:00.815] - eth_gasPrice
[2024/12/04 11:21:09.254] - eth_blockNumber
[2024/12/04 11:21:29.314] - eth_blockNumber
[2024/12/04 11:21:42.390] - eth_blockNumber
[2024/12/04 11:22:02.408] - eth_blockNumber
[2024/12/04 11:22:22.424] - eth_blockNumber
[2024/12/04 11:22:42.437] - eth_blockNumber
[2024/12/04 11:23:02.451] - eth_blockNumber
[2024/12/04 11:23:15.778] - eth_getCode
[2024/12/04 11:23:15.797] - eth_estimateGas
[2024/12/04 11:23:15.854] - eth_call
[2024/12/04 11:23:15.871] - eth_call
[2024/12/04 11:23:15.882] - eth_call
[2024/12/04 11:23:15.884] - eth_call
[2024/12/04 11:23:17.184] - eth_call
[2024/12/04 11:23:17.191] - eth_getStorageAt
[2024/12/04 11:23:17.192] - eth_getStorageAt
[2024/12/04 11:23:17.206] - eth_getTransactionCount
[2024/12/04 11:23:17.226] - eth_call
[2024/12/04 11:23:17.246] - eth_call
[2024/12/04 11:23:17.247] - eth_call
[2024/12/04 11:23:21.483] - eth_sendRawTransaction
[2024/12/04 11:23:21.497] - 
  Transaction: 0x666e6fc8aace81875c422aeac5759903a1f632692d1f9b990851c527a19bd8e8
  Gas usage: 21281
  Block number: 31
  Block time: Wed Dec 04 2024 11:23:21 GMT+0530 (India Standard Time)
  Runtime error: revert

[2024/12/04 11:23:21.507] - eth_getBlockByNumber
[2024/12/04 11:23:21.524] - eth_call
[2024/12/04 11:23:21.545] - eth_call
[2024/12/04 11:23:21.560] - eth_getBalance
[2024/12/04 11:23:21.562] - eth_call
[2024/12/04 11:23:21.563] - eth_call
[2024/12/04 11:23:21.572] - eth_getTransactionCount
[2024/12/04 11:23:21.581] - eth_getBalance
[2024/12/04 11:23:21.589] - eth_getTransactionCount
[2024/12/04 11:23:21.595] - eth_getBalance
[2024/12/04 11:23:21.601] - eth_getTransactionCount
[2024/12/04 11:23:21.606] - eth_getBalance
[2024/12/04 11:23:21.611] - eth_getTransactionCount
[2024/12/04 11:23:21.617] - eth_getBalance
[2024/12/04 11:23:21.623] - eth_getTransactionCount
[2024/12/04 11:23:21.629] - eth_getBalance
[2024/12/04 11:23:21.643] - eth_getTransactionCount
[2024/12/04 11:23:21.654] - eth_getBalance
[2024/12/04 11:23:21.659] - eth_getTransactionCount
[2024/12/04 11:23:21.663] - eth_getBalance
[2024/12/04 11:23:21.668] - eth_getTransactionCount
[2024/12/04 11:23:21.673] - eth_getBalance
[2024/12/04 11:23:21.677] - eth_getTransactionCount
[2024/12/04 11:23:21.682] - eth_getBalance
[2024/12/04 11:23:21.686] - eth_getTransactionCount
[2024/12/04 11:23:22.467] - eth_blockNumber
[2024/12/04 11:23:22.477] - eth_getBlockByNumber
[2024/12/04 11:23:22.490] - eth_getBalance
[2024/12/04 11:23:22.492] - eth_getBalance
[2024/12/04 11:23:22.494] - eth_getBalance
[2024/12/04 11:23:23.835] - eth_gasPrice
[2024/12/04 11:23:25.533] - eth_blockNumber
[2024/12/04 11:23:42.487] - eth_blockNumber
[2024/12/04 11:24:02.512] - eth_blockNumber
[2024/12/04 11:24:22.537] - eth_blockNumber
[2024/12/04 11:24:42.562] - eth_blockNumber
[2024/12/04 11:25:02.577] - eth_blockNumber
[2024/12/04 11:25:22.589] - eth_blockNumber
[2024/12/04 11:25:42.606] - eth_blockNumber
[2024/12/04 11:26:02.629] - eth_blockNumber
[2024/12/04 11:26:22.657] - eth_blockNumber
[2024/12/04 11:26:42.681] - eth_blockNumber
[2024/12/04 11:27:02.695] - eth_blockNumber
[2024/12/04 11:27:22.714] - eth_blockNumber
[2024/12/04 11:27:42.730] - eth_blockNumber
[2024/12/04 11:28:02.755] - eth_blockNumber
[2024/12/04 11:28:22.783] - eth_blockNumber
[2024/12/04 11:28:42.800] - eth_blockNumber
[2024/12/04 11:29:02.809] - eth_blockNumber
[2024/12/04 11:29:22.826] - eth_blockNumber
[2024/12/04 11:29:42.836] - eth_blockNumber
[2024/12/04 11:30:02.846] - eth_blockNumber
[2024/12/04 11:30:22.867] - eth_blockNumber
[2024/12/04 11:30:42.880] - eth_blockNumber
[2024/12/04 11:31:02.892] - eth_blockNumber
[2024/12/04 11:31:22.906] - eth_blockNumber
[2024/12/04 11:31:42.920] - eth_blockNumber
[2024/12/04 11:32:02.941] - eth_blockNumber
[2024/12/04 11:32:22.952] - eth_blockNumber
[2024/12/04 11:32:42.961] - eth_blockNumber
[2024/12/04 11:33:02.806] - eth_blockNumber
[2024/12/04 11:33:02.832] - net_version
[2024/12/04 11:33:02.838] - eth_accounts
[2024/12/04 11:33:02.854] - eth_getBlockByNumber
[2024/12/04 11:33:02.864] - eth_getCode
[2024/12/04 11:33:02.909] - eth_call
[2024/12/04 11:33:03.405] - eth_blockNumber
[2024/12/04 11:33:23.421] - eth_blockNumber
[2024/12/04 11:33:43.442] - eth_blockNumber
[2024/12/04 11:33:58.788] - net_version
[2024/12/04 11:33:58.822] - eth_getCode
[2024/12/04 11:33:58.840] - eth_call
[2024/12/04 11:33:58.855] - eth_call
[2024/12/04 11:33:58.870] - eth_call
[2024/12/04 11:33:58.872] - eth_call
[2024/12/04 11:34:00.723] - eth_call
[2024/12/04 11:34:00.729] - eth_getStorageAt
[2024/12/04 11:34:00.731] - eth_getStorageAt
[2024/12/04 11:34:00.746] - eth_getTransactionCount
[2024/12/04 11:34:00.813] - eth_call
[2024/12/04 11:34:00.838] - eth_call
[2024/12/04 11:34:00.839] - eth_call
[2024/12/04 11:34:03.777] - eth_blockNumber
[2024/12/04 11:34:06.694] - eth_sendRawTransaction
[2024/12/04 11:34:06.707] - 
  Transaction: 0x38c1215e31ff5332fc262310c201682228214b2fec273cefe7343b46a7994dee
  Gas usage: 21281
  Block number: 32
  Block time: Wed Dec 04 2024 11:34:06 GMT+0530 (India Standard Time)
  Runtime error: revert

[2024/12/04 11:34:06.711] - eth_getBlockByNumber
[2024/12/04 11:34:06.728] - eth_call
[2024/12/04 11:34:06.741] - eth_getBalance
[2024/12/04 11:34:06.748] - eth_call
[2024/12/04 11:34:06.754] - eth_getTransactionCount
[2024/12/04 11:34:06.760] - eth_getBalance
[2024/12/04 11:34:06.765] - eth_call
[2024/12/04 11:34:06.767] - eth_call
[2024/12/04 11:34:06.769] - eth_getTransactionCount
[2024/12/04 11:34:06.777] - eth_getBalance
[2024/12/04 11:34:06.782] - eth_getTransactionCount
[2024/12/04 11:34:06.787] - eth_getBalance
[2024/12/04 11:34:06.794] - eth_getTransactionCount
[2024/12/04 11:34:06.799] - eth_getBalance
[2024/12/04 11:34:06.803] - eth_getTransactionCount
[2024/12/04 11:34:06.807] - eth_getBalance
[2024/12/04 11:34:06.814] - eth_getTransactionCount
[2024/12/04 11:34:06.822] - eth_getBalance
[2024/12/04 11:34:06.828] - eth_getTransactionCount
[2024/12/04 11:34:06.835] - eth_getBalance
[2024/12/04 11:34:06.841] - eth_getTransactionCount
[2024/12/04 11:34:06.848] - eth_getBalance
[2024/12/04 11:34:06.856] - eth_getTransactionCount
[2024/12/04 11:34:06.864] - eth_getBalance
[2024/12/04 11:34:06.879] - eth_getTransactionCount
[2024/12/04 11:34:23.797] - eth_blockNumber
[2024/12/04 11:49:17.719] - eth_blockNumber
[2024/12/04 11:49:17.736] - net_version
[2024/12/04 11:49:17.740] - eth_accounts
[2024/12/04 11:49:17.757] - eth_accounts
[2024/12/04 11:49:25.393] - net_version
[2024/12/04 11:54:51.239] - eth_blockNumber
[2024/12/04 11:54:51.248] - net_version
[2024/12/04 11:54:51.251] - eth_accounts
[2024/12/04 11:54:51.260] - eth_getBlockByNumber
[2024/12/04 11:54:51.265] - eth_getCode
[2024/12/04 11:54:51.283] - eth_call
[2024/12/04 11:55:42.767] - net_version
[2024/12/04 11:55:42.777] - eth_blockNumber
[2024/12/04 11:55:42.781] - eth_getBlockByNumber
[2024/12/04 11:55:42.788] - eth_blockNumber
[2024/12/04 11:55:42.799] - eth_getCode
[2024/12/04 11:55:42.810] - eth_call
[2024/12/04 11:55:42.817] - eth_call
[2024/12/04 11:55:42.879] - eth_call
[2024/12/04 11:55:42.882] - eth_call
[2024/12/04 11:55:43.106] - eth_gasPrice
[2024/12/04 11:55:43.430] - eth_blockNumber
[2024/12/04 11:55:43.433] - eth_getBalance
[2024/12/04 11:55:43.434] - eth_getBalance
[2024/12/04 11:55:43.435] - eth_getBalance
[2024/12/04 11:55:43.513] - eth_call
[2024/12/04 11:55:43.518] - eth_getStorageAt
[2024/12/04 11:55:43.519] - eth_getStorageAt
[2024/12/04 11:55:43.527] - eth_getTransactionCount
[2024/12/04 11:55:43.539] - eth_call
[2024/12/04 11:55:43.551] - eth_call
[2024/12/04 11:55:43.552] - eth_call
[2024/12/04 11:55:46.697] - eth_sendRawTransaction
[2024/12/04 11:55:46.703] - 
  Transaction: 0x114e18720e25c4ad9d86de5a45979e8b3c44374cc864c77120a191ed50cfba09
  Gas usage: 21281
  Block number: 33
  Block time: Wed Dec 04 2024 11:55:46 GMT+0530 (India Standard Time)
  Runtime error: revert

[2024/12/04 11:55:46.705] - eth_getBlockByNumber
[2024/12/04 11:55:46.716] - eth_call
[2024/12/04 11:55:46.725] - eth_getBalance
[2024/12/04 11:55:46.730] - eth_call
[2024/12/04 11:55:46.731] - eth_getTransactionCount
[2024/12/04 11:55:46.736] - eth_getBalance
[2024/12/04 11:55:46.740] - eth_getTransactionCount
[2024/12/04 11:55:46.741] - eth_call
[2024/12/04 11:55:46.742] - eth_call
[2024/12/04 11:55:46.745] - eth_getBalance
[2024/12/04 11:55:46.749] - eth_getTransactionCount
[2024/12/04 11:55:46.753] - eth_getBalance
[2024/12/04 11:55:46.757] - eth_getTransactionCount
[2024/12/04 11:55:46.762] - eth_getBalance
[2024/12/04 11:55:46.766] - eth_getTransactionCount
[2024/12/04 11:55:46.769] - eth_getBalance
[2024/12/04 11:55:46.772] - eth_getTransactionCount
[2024/12/04 11:55:46.774] - eth_getBalance
[2024/12/04 11:55:46.779] - eth_getTransactionCount
[2024/12/04 11:55:46.784] - eth_getBalance
[2024/12/04 11:55:46.789] - eth_getTransactionCount
[2024/12/04 11:55:46.793] - eth_getBalance
[2024/12/04 11:55:46.797] - eth_getTransactionCount
[2024/12/04 11:55:46.802] - eth_getBalance
[2024/12/04 11:55:46.806] - eth_getTransactionCount
[2024/12/04 11:56:03.443] - eth_blockNumber
[2024/12/04 16:34:53.875] - eth_unsubscribe
[2024/12/04 16:34:53.882] - eth_unsubscribe
